digraph Quiver {
  1 [label="pd=0, id=-1"];
  2 [label="pd=0, id=2"];
  3 [label="pd=0, id=1"];
  4 [label="pd=0, id=0"];
  5 [label="pd=-1, id=-1"];
  6 [label="pd=-1, id=0"];
  7 [label="pd=-1, id=1"];
  8 [label="pd=-1, id=0"];
  9 [label="pd=0, id=0"];
  10 [label="pd=-1, id=0"];
  11 [label="pd=1, id=-1"];
  12 [label="pd=1, id=-1"];
  13 [label="pd=-1, id=-1"];
  14 [label="pd=-1, id=2"];
  15 [label="pd=-1, id=-1"];
  1 -> 2;
  1 -> 5;
  2 -> 6;
  5 -> 6;
  6 -> 7;
  6 -> 8;
  7 -> 9;
  8 -> 9;
  9 -> 10;
  9 -> 9;
  3 -> 11;
  11 -> 12;
  12 -> 13;
  13 -> 14;
  4 -> 10;
  10 -> 9;
  5 -> 13;
  13 -> 8;
  8 -> 15;
  15 -> 9;
  9 -> 5;
  5 -> 9;
  9 -> 8;
  7 -> 4;
  11 -> 5;
  15 -> 1;
  15 -> 11;
  14 -> 15;
  14 -> 3;
}

# --- AR-Quiver Analysis --- #
Projective modules found (Node IDs): [ 1, 2, 3, 4 ]
Injective modules found (Node IDs):  [ 4, 6, 8, 10 ]
AR strategy: hybrid
IrrFrom calls: 14
Mesh edges added: 18

# --- Quiver Q --- #
digraph Q {
  v1 [label="v1"];
  v2 [label="v2"];
  v3 [label="v3"];
  v4 [label="v4"];
  1 -> 2 [label="a"];
  2 -> 1 [label="b"];
  3 -> 1 [label="delta"];
  4 -> 3 [label="c"];
}

# --- Relations --- #
rel := [a*b*a,delta*a,c*delta];
QuiverStructure := "[12;34]";


digraph SyzygySummand {
  1 [label="[ 2, 1, 0, 0 ]"];
  2 [label="[ 2, 2, 0, 0 ]"];
  3 [label="[ 1, 0, 1, 0 ]"];
  4 [label="[ 0, 0, 1, 1 ]"];
  5 [label="[ 2, 1, 1, 0 ]"];
  6 [label="[ 2, 2, 1, 0 ]"];
  7 [label="[ 0, 0, 1, 0 ]"];
  8 [label="[ 1, 2, 0, 0 ]"];
  9 [label="[ 0, 0, 0, 0 ]"];
  10 [label="[ 0, 0, 0, 1 ]"];
  11 [label="[ 1, 1, 1, 0 ]"];
  12 [label="[ 0, 1, 0, 0 ]"];
  13 [label="[ 1, 1, 0, 0 ]"];
  14 [label="[ 1, 0, 0, 0 ]"];
  15 [label="[ 1, 1, 0, 0 ]"];
  14 -> 5;
  14 -> 6;
  14 -> 7;
  14 -> 8;
  7 -> 10;
  1 -> 11;
  1 -> 12;
  14 -> 13;
  15 -> 14;
  15 -> 15;
}


digraph TranslationQuiver {
  1 [label="[ 2, 1, 0, 0 ]"];
  2 [label="[ 2, 2, 0, 0 ]"];
  3 [label="[ 1, 0, 1, 0 ]"];
  4 [label="[ 0, 0, 1, 1 ]"];
  5 [label="[ 2, 1, 1, 0 ]"];
  6 [label="[ 2, 2, 1, 0 ]"];
  7 [label="[ 0, 0, 1, 0 ]"];
  8 [label="[ 1, 2, 0, 0 ]"];
  9 [label="[ 0, 0, 0, 0 ]"];
  10 [label="[ 0, 0, 0, 1 ]"];
  11 [label="[ 1, 1, 1, 0 ]"];
  12 [label="[ 0, 1, 0, 0 ]"];
  13 [label="[ 1, 1, 0, 0 ]"];
  14 [label="[ 1, 0, 0, 0 ]"];
  15 [label="[ 1, 1, 0, 0 ]"];
  1 -> 9;
  2 -> 9;
  3 -> 9;
  4 -> 9;
  5 -> 15;
  6 -> 1;
  7 -> 2;
  8 -> 5;
  9 -> 9;
  10 -> 7;
  11 -> 14;
  12 -> 3;
  13 -> 11;
  14 -> 12;
  15 -> 13;
}

Torsionless modules found (Node IDs): [ 7, 9, 14, 15 ]
Reflexive modules found (Node IDs):  [ 9, 15 ]
Gorenstein projective modules found (Node IDs): [  ]
Gorenstein injective modules found (Node IDs):  [  ]


digraph HomDim {
  1 [label="[ 2, 1, 0, 0 ]"];
  2 [label="[ 2, 2, 0, 0 ]"];
  3 [label="[ 1, 0, 1, 0 ]"];
  4 [label="[ 0, 0, 1, 1 ]"];
  5 [label="[ 2, 1, 1, 0 ]"];
  6 [label="[ 2, 2, 1, 0 ]"];
  7 [label="[ 0, 0, 1, 0 ]"];
  8 [label="[ 1, 2, 0, 0 ]"];
  9 [label="[ 0, 0, 0, 0 ]"];
  10 [label="[ 0, 0, 0, 1 ]"];
  11 [label="[ 1, 1, 1, 0 ]"];
  12 [label="[ 0, 1, 0, 0 ]"];
  13 [label="[ 1, 1, 0, 0 ]"];
  14 [label="[ 1, 0, 0, 0 ]"];
  15 [label="[ 1, 1, 0, 0 ]"];
  1 -> 1 [label="2"];
  1 -> 2 [label="2"];
  1 -> 3 [label="1"];
  1 -> 5 [label="2"];
  1 -> 6 [label="2"];
  1 -> 8 [label="1"];
  1 -> 11 [label="1"];
  1 -> 13 [label="1"];
  1 -> 14 [label="1"];
  1 -> 15 [label="1"];
  2 -> 1 [label="1"];
  2 -> 2 [label="2"];
  2 -> 5 [label="1"];
  2 -> 6 [label="2"];
  2 -> 8 [label="2"];
  2 -> 11 [label="1"];
  2 -> 12 [label="1"];
  2 -> 13 [label="1"];
  2 -> 15 [label="1"];
  3 -> 3 [label="1"];
  3 -> 4 [label="1"];
  3 -> 5 [label="1"];
  3 -> 6 [label="1"];
  3 -> 7 [label="1"];
  3 -> 11 [label="1"];
  4 -> 4 [label="1"];
  4 -> 10 [label="1"];
  5 -> 1 [label="1"];
  5 -> 2 [label="1"];
  5 -> 3 [label="1"];
  5 -> 4 [label="1"];
  5 -> 5 [label="2"];
  5 -> 6 [label="2"];
  5 -> 7 [label="1"];
  5 -> 8 [label="1"];
  5 -> 11 [label="1"];
  5 -> 13 [label="1"];
  5 -> 14 [label="1"];
  5 -> 15 [label="1"];
  6 -> 1 [label="1"];
  6 -> 2 [label="1"];
  6 -> 4 [label="1"];
  6 -> 5 [label="1"];
  6 -> 6 [label="2"];
  6 -> 7 [label="1"];
  6 -> 8 [label="2"];
  6 -> 11 [label="1"];
  6 -> 12 [label="1"];
  6 -> 13 [label="1"];
  6 -> 15 [label="1"];
  7 -> 4 [label="1"];
  7 -> 7 [label="1"];
  8 -> 1 [label="1"];
  8 -> 2 [label="1"];
  8 -> 5 [label="1"];
  8 -> 6 [label="1"];
  8 -> 8 [label="2"];
  8 -> 11 [label="1"];
  8 -> 12 [label="1"];
  8 -> 13 [label="1"];
  8 -> 15 [label="1"];
  10 -> 10 [label="1"];
  11 -> 4 [label="1"];
  11 -> 5 [label="1"];
  11 -> 6 [label="1"];
  11 -> 7 [label="1"];
  11 -> 8 [label="1"];
  11 -> 11 [label="1"];
  11 -> 12 [label="1"];
  11 -> 13 [label="1"];
  12 -> 8 [label="1"];
  12 -> 12 [label="1"];
  12 -> 13 [label="1"];
  13 -> 1 [label="1"];
  13 -> 2 [label="1"];
  13 -> 3 [label="1"];
  13 -> 5 [label="1"];
  13 -> 6 [label="1"];
  13 -> 8 [label="1"];
  13 -> 11 [label="1"];
  13 -> 13 [label="1"];
  13 -> 14 [label="1"];
  13 -> 15 [label="1"];
  14 -> 1 [label="1"];
  14 -> 2 [label="1"];
  14 -> 3 [label="1"];
  14 -> 5 [label="1"];
  14 -> 6 [label="1"];
  14 -> 11 [label="1"];
  14 -> 14 [label="1"];
  14 -> 15 [label="1"];
  15 -> 1 [label="1"];
  15 -> 2 [label="1"];
  15 -> 5 [label="1"];
  15 -> 6 [label="1"];
  15 -> 8 [label="1"];
  15 -> 11 [label="1"];
  15 -> 12 [label="1"];
  15 -> 13 [label="1"];
  15 -> 15 [label="1"];
}


digraph ExtDim {
  1 [label="[ 2, 1, 0, 0 ]"];
  2 [label="[ 2, 2, 0, 0 ]"];
  3 [label="[ 1, 0, 1, 0 ]"];
  4 [label="[ 0, 0, 1, 1 ]"];
  5 [label="[ 2, 1, 1, 0 ]"];
  6 [label="[ 2, 2, 1, 0 ]"];
  7 [label="[ 0, 0, 1, 0 ]"];
  8 [label="[ 1, 2, 0, 0 ]"];
  9 [label="[ 0, 0, 0, 0 ]"];
  10 [label="[ 0, 0, 0, 1 ]"];
  11 [label="[ 1, 1, 1, 0 ]"];
  12 [label="[ 0, 1, 0, 0 ]"];
  13 [label="[ 1, 1, 0, 0 ]"];
  14 [label="[ 1, 0, 0, 0 ]"];
  15 [label="[ 1, 1, 0, 0 ]"];
  5 -> 14 [label="1"];
  5 -> 15 [label="1"];
  6 -> 1 [label="1"];
  6 -> 14 [label="1"];
  6 -> 15 [label="1"];
  7 -> 1 [label="1"];
  7 -> 2 [label="1"];
  7 -> 14 [label="1"];
  7 -> 15 [label="1"];
  8 -> 1 [label="1"];
  8 -> 3 [label="1"];
  8 -> 5 [label="1"];
  8 -> 11 [label="1"];
  8 -> 14 [label="1"];
  8 -> 15 [label="1"];
  10 -> 7 [label="1"];
  11 -> 1 [label="1"];
  11 -> 5 [label="1"];
  11 -> 13 [label="1"];
  11 -> 14 [label="1"];
  12 -> 1 [label="1"];
  12 -> 3 [label="1"];
  12 -> 5 [label="1"];
  12 -> 13 [label="1"];
  12 -> 14 [label="1"];
  13 -> 3 [label="1"];
  13 -> 11 [label="1"];
  13 -> 14 [label="1"];
  13 -> 15 [label="1"];
  14 -> 11 [label="1"];
  14 -> 12 [label="1"];
  14 -> 15 [label="1"];
  15 -> 1 [label="1"];
  15 -> 5 [label="1"];
  15 -> 11 [label="1"];
  15 -> 12 [label="1"];
  15 -> 13 [label="1"];
  15 -> 15 [label="1"];
}

# --- TiltingModule --- #
L := [ 2,3,4,11 ]
F := [ 9,14 ]
T := [ 2,3,4,6,7,8,9,10,11,12,15 ]
L := [ 2,4,11,12 ]
F := [ 3,9,14 ]
T := [ 2,4,6,7,8,9,10,11,12,15 ]

# --- TorsionPairTable --- #
# columns: T,F
T := [ 1,2,3,4,5,6,7,8,10,11,12,13,14,15 ] | F := 0
T := [ 1,2,3,5,6,7,8,11,12,13,14,15 ] | F := [ 10 ]
T := [ 1,2,4,8,10,12,13,14,15 ] | F := [ 7 ]
T := [ 1,2,8,10,12,13,14,15 ] | F := [ 4,7 ]
T := [ 1,2,8,12,13,14,15 ] | F := [ 4,7,10 ]
T := [ 1,3,4,5,7,10,13,14 ] | F := [ 12 ]
T := [ 1,3,5,7,13,14 ] | F := [ 10,12 ]
T := [ 1,4,10,13,14 ] | F := [ 7,12 ]
T := [ 1,10,13,14 ] | F := [ 4,7,12 ]
T := [ 1,13,14 ] | F := [ 4,7,10,12 ]
T := [ 2,3,4,6,7,8,10,11,12,15 ] | F := [ 14 ]
T := [ 2,3,6,7,8,11,12,15 ] | F := [ 10,14 ]
T := [ 2,4,6,7,8,10,11,12,15 ] | F := [ 3,14 ]
T := [ 2,4,8,10,12,15 ] | F := [ 3,7,14 ]
T := [ 2,6,7,8,11,12,15 ] | F := [ 3,10,14 ]
T := [ 2,8,10,12,15 ] | F := [ 3,4,7,14 ]
T := [ 2,8,12,15 ] | F := [ 3,4,7,10,14 ]
T := [ 3,4,7,10 ] | F := [ 1,2,8,12,13,14,15 ]
T := [ 3,4,7,10,11,12 ] | F := [ 1,2,14,15 ]
T := [ 3,4,7,10,14 ] | F := [ 8,12,13 ]
T := [ 3,7 ] | F := [ 1,2,8,10,12,13,14,15 ]
T := [ 3,7,11,12 ] | F := [ 1,2,10,14,15 ]
T := [ 3,7,14 ] | F := [ 8,10,12,13 ]
T := [ 4,7,10 ] | F := [ 1,2,3,5,6,8,11,12,13,14,15 ]
T := [ 4,7,10,11,12 ] | F := [ 1,2,3,14,15 ]
T := [ 4,7,10,12 ] | F := [ 1,2,3,5,6,11,14,15 ]
T := [ 4,10 ] | F := [ 1,2,3,5,6,7,8,11,12,13,14,15 ]
T := [ 4,10,12 ] | F := [ 1,2,3,5,6,7,11,14,15 ]
T := [ 4,10,14 ] | F := [ 7,8,12,13 ]
T := [ 7 ] | F := [ 1,2,3,5,6,8,10,11,12,13,14,15 ]
T := [ 7,11,12 ] | F := [ 1,2,3,10,14,15 ]
T := [ 7,12 ] | F := [ 1,2,3,5,6,10,11,14,15 ]
T := 0 | F := [ 1,2,3,4,5,6,7,8,10,11,12,13,14,15 ]
T := [ 10 ] | F := [ 1,2,3,4,5,6,7,8,11,12,13,14,15 ]
T := [ 10,12 ] | F := [ 1,2,3,4,5,6,7,11,14,15 ]
T := [ 10,14 ] | F := [ 4,7,8,12,13 ]
T := [ 12 ] | F := [ 1,2,3,4,5,6,7,10,11,14,15 ]
T := [ 14 ] | F := [ 4,7,8,10,12,13 ]
TorsionPairCount := 38;

# --- CotorsionPairTable --- #
# columns: L,R,Hereditary
L := [ 1,2,3,4,5,6,7,8,10,11,12,13 ] | R := [ 4,6,8,10,12 ] | Hereditary := fa\
lse
L := [ 1,2,3,4,5,6,7,8,10,11,12,13,14,15 ] | R := [ 4,6,8,10 ] | Hereditary :=\
 true
L := [ 1,2,3,4,5,6,7,8,10,13 ] | R := [ 4,6,8,10,12,13 ] | Hereditary := false
L := [ 1,2,3,4,5,6,7,8,10,13,14 ] | R := [ 4,6,8,10,13 ] | Hereditary := false
L := [ 1,2,3,4,5,6,7,8,11,12,13 ] | R := [ 4,6,7,8,10,12 ] | Hereditary := fal\
se
L := [ 1,2,3,4,5,6,7,8,11,12,13,14,15 ] | R := [ 4,6,7,8,10 ] | Hereditary := \
true
L := [ 1,2,3,4,5,6,7,8,13 ] | R := [ 4,6,7,8,10,12,13 ] | Hereditary := false
L := [ 1,2,3,4,5,6,7,8,13,14 ] | R := [ 4,6,7,8,10,13 ] | Hereditary := false
L := [ 1,2,3,4,5,6,7 ] | R := [ 3,4,5,6,7,8,10,11,12,13 ] | Hereditary := fals\
e
L := [ 1,2,3,4,5,6,7,10 ] | R := [ 3,4,5,6,8,10,11,12,13 ] | Hereditary := fal\
se
L := [ 1,2,3,4,5,6,7,10,11 ] | R := [ 3,4,6,8,10,11,12 ] | Hereditary := false
L := [ 1,2,3,4,5,6,7,10,11,12 ] | R := [ 4,6,8,10,11,12 ] | Hereditary := fals\
e
L := [ 1,2,3,4,5,6,7,10,11,14,15 ] | R := [ 3,4,6,8,10 ] | Hereditary := true
L := [ 1,2,3,4,5,6,7,10,13 ] | R := [ 4,5,6,8,10,12,13 ] | Hereditary := false
L := [ 1,2,3,4,5,6,7,10,13,14 ] | R := [ 4,5,6,8,10,13 ] | Hereditary := false
L := [ 1,2,3,4,5,6,7,10,14 ] | R := [ 3,4,5,6,8,10,13 ] | Hereditary := false
L := [ 1,2,3,4,5,6,7,11 ] | R := [ 3,4,6,7,8,10,11,12 ] | Hereditary := false
L := [ 1,2,3,4,5,6,7,11,12 ] | R := [ 4,6,7,8,10,11,12 ] | Hereditary := false
L := [ 1,2,3,4,5,6,7,11,14,15 ] | R := [ 3,4,6,7,8,10 ] | Hereditary := true
L := [ 1,2,3,4,5,6,7,13 ] | R := [ 4,5,6,7,8,10,12,13 ] | Hereditary := false
L := [ 1,2,3,4,5,6,7,13,14 ] | R := [ 4,5,6,7,8,10,13 ] | Hereditary := false
L := [ 1,2,3,4,5,6,7,14 ] | R := [ 3,4,5,6,7,8,10,13 ] | Hereditary := false
L := [ 1,2,3,4,5,6,8,10,11,12,13 ] | R := [ 2,4,6,8,10,12 ] | Hereditary := fa\
lse
L := [ 1,2,3,4,5,6,8,10,11,12,13,14,15 ] | R := [ 2,4,6,8,10 ] | Hereditary :=\
 false
L := [ 1,2,3,4,5,6,8,10,13 ] | R := [ 2,4,6,8,10,12,13 ] | Hereditary := false
L := [ 1,2,3,4,5,6,8,10,13,14 ] | R := [ 2,4,6,8,10,13 ] | Hereditary := false
L := [ 1,2,3,4,5,6,8,11,12,13 ] | R := [ 2,4,6,7,8,10,12 ] | Hereditary := fal\
se
L := [ 1,2,3,4,5,6,8,11,12,13,14,15 ] | R := [ 2,4,6,7,8,10 ] | Hereditary := \
true
L := [ 1,2,3,4,5,6,8,13 ] | R := [ 2,4,6,7,8,10,12,13 ] | Hereditary := false
L := [ 1,2,3,4,5,6,8,13,14 ] | R := [ 2,4,6,7,8,10,13 ] | Hereditary := false
L := [ 1,2,3,4,5,6 ] | R := [ 2,3,4,5,6,7,8,10,11,12,13 ] | Hereditary := fals\
e
L := [ 1,2,3,4,5,6,10 ] | R := [ 2,3,4,5,6,8,10,11,12,13 ] | Hereditary := fal\
se
L := [ 1,2,3,4,5,6,10,11 ] | R := [ 2,3,4,6,8,10,11,12 ] | Hereditary := false
L := [ 1,2,3,4,5,6,10,11,12 ] | R := [ 2,4,6,8,10,11,12 ] | Hereditary := fals\
e
L := [ 1,2,3,4,5,6,10,11,14,15 ] | R := [ 2,3,4,6,8,10 ] | Hereditary := false
L := [ 1,2,3,4,5,6,10,13 ] | R := [ 2,4,5,6,8,10,12,13 ] | Hereditary := false
L := [ 1,2,3,4,5,6,10,13,14 ] | R := [ 2,4,5,6,8,10,13 ] | Hereditary := false
L := [ 1,2,3,4,5,6,10,14 ] | R := [ 2,3,4,5,6,8,10,13 ] | Hereditary := false
L := [ 1,2,3,4,5,6,11 ] | R := [ 2,3,4,6,7,8,10,11,12 ] | Hereditary := false
L := [ 1,2,3,4,5,6,11,12 ] | R := [ 2,4,6,7,8,10,11,12 ] | Hereditary := false
L := [ 1,2,3,4,5,6,11,14,15 ] | R := [ 2,3,4,6,7,8,10 ] | Hereditary := true
L := [ 1,2,3,4,5,6,13 ] | R := [ 2,4,5,6,7,8,10,12,13 ] | Hereditary := false
L := [ 1,2,3,4,5,6,13,14 ] | R := [ 2,4,5,6,7,8,10,13 ] | Hereditary := false
L := [ 1,2,3,4,5,6,14 ] | R := [ 2,3,4,5,6,7,8,10,13 ] | Hereditary := false
L := [ 1,2,3,4,5 ] | R := [ 1,2,3,4,5,6,7,8,10,11,12,13 ] | Hereditary := fals\
e
L := [ 1,2,3,4,5,10 ] | R := [ 1,2,3,4,5,6,8,10,11,12,13 ] | Hereditary := fal\
se
L := [ 1,2,3,4,5,10,13 ] | R := [ 1,2,4,5,6,8,10,12,13 ] | Hereditary := false
L := [ 1,2,3,4,5,10,13,14 ] | R := [ 1,2,4,5,6,8,10,13 ] | Hereditary := false
L := [ 1,2,3,4,5,10,14 ] | R := [ 1,2,3,4,5,6,8,10,13 ] | Hereditary := false
L := [ 1,2,3,4,5,13 ] | R := [ 1,2,4,5,6,7,8,10,12,13 ] | Hereditary := false
L := [ 1,2,3,4,5,13,14 ] | R := [ 1,2,4,5,6,7,8,10,13 ] | Hereditary := false
L := [ 1,2,3,4,5,14 ] | R := [ 1,2,3,4,5,6,7,8,10,13 ] | Hereditary := false
L := [ 1,2,3,4 ] | R := [ 1,2,3,4,5,6,7,8,10,11,12,13,14,15 ] | Hereditary := \
true
L := [ 1,2,3,4,10 ] | R := [ 1,2,3,4,5,6,8,10,11,12,13,14,15 ] | Hereditary :=\
 false
L := [ 1,2,3,4,10,11 ] | R := [ 2,3,4,6,8,10,11,12,15 ] | Hereditary := false
L := [ 1,2,3,4,10,11,12 ] | R := [ 2,4,6,8,10,11,12,15 ] | Hereditary := false
L := [ 1,2,3,4,10,14 ] | R := [ 1,2,3,4,5,6,8,10,13,14 ] | Hereditary := false
L := [ 1,2,3,4,10,14,15 ] | R := [ 2,3,4,6,8,10,14 ] | Hereditary := false
L := [ 1,2,3,4,11 ] | R := [ 2,3,4,6,7,8,10,11,12,15 ] | Hereditary := true
L := [ 1,2,3,4,11,12 ] | R := [ 2,4,6,7,8,10,11,12,15 ] | Hereditary := true
L := [ 1,2,3,4,14 ] | R := [ 1,2,3,4,5,6,7,8,10,13,14 ] | Hereditary := false
L := [ 1,2,3,4,14,15 ] | R := [ 2,3,4,6,7,8,10,14 ] | Hereditary := true
CotorsionPairCount := 62;

# --- SupportTauTiltingTable --- #
# columns: P,M
P := 0 | M := [ 1,2,3,4 ]
P := 0 | M := [ 1,2,4,10 ]
P := 0 | M := [ 1,3,4,14 ]
P := 0 | M := [ 1,4,10,14 ]
P := 0 | M := [ 2,3,4,11 ]
P := 0 | M := [ 2,4,10,12 ]
P := 0 | M := [ 2,4,11,12 ]
P := 0 | M := [ 3,4,7,11 ]
P := 0 | M := [ 4,7,11,12 ]
P := [ 1 ] | M := [ 4,7,12 ]
P := [ 1 ] | M := [ 4,10,12 ]
P := [ 1,2 ] | M := [ 4,7 ]
P := [ 1,2 ] | M := [ 4,10 ]
P := [ 1,2,3 ] | M := [ 10 ]
P := [ 1,2,3,4 ] | M := 0
P := [ 1,2,4 ] | M := [ 7 ]
P := [ 1,3 ] | M := [ 10,12 ]
P := [ 1,3,4 ] | M := [ 12 ]
P := [ 1,4 ] | M := [ 7,12 ]
P := [ 2 ] | M := [ 3,4,7 ]
P := [ 2 ] | M := [ 3,4,14 ]
P := [ 2 ] | M := [ 4,10,14 ]
P := [ 2,3 ] | M := [ 10,14 ]
P := [ 2,3,4 ] | M := [ 14 ]
P := [ 2,4 ] | M := [ 3,7 ]
P := [ 2,4 ] | M := [ 3,14 ]
P := [ 3 ] | M := [ 1,2,10 ]
P := [ 3 ] | M := [ 1,10,14 ]
P := [ 3 ] | M := [ 2,10,12 ]
P := [ 3,4 ] | M := [ 1,2 ]
P := [ 3,4 ] | M := [ 1,14 ]
P := [ 3,4 ] | M := [ 2,12 ]
P := [ 4 ] | M := [ 1,2,3 ]
P := [ 4 ] | M := [ 1,3,14 ]
P := [ 4 ] | M := [ 2,3,11 ]
P := [ 4 ] | M := [ 2,11,12 ]
P := [ 4 ] | M := [ 3,7,11 ]
P := [ 4 ] | M := [ 7,11,12 ]
SupportTauTiltingCount := 38;

# --- AlmostSupportTauTiltingTable --- #
# columns: P,M
P := 0 | M := [ 1,2,3 ]
P := 0 | M := [ 1,2,4 ]
P := 0 | M := [ 1,2,10 ]
P := 0 | M := [ 1,3,4 ]
P := 0 | M := [ 1,3,14 ]
P := 0 | M := [ 1,4,10 ]
P := 0 | M := [ 1,4,14 ]
P := 0 | M := [ 1,10,14 ]
P := 0 | M := [ 2,3,4 ]
P := 0 | M := [ 2,3,11 ]
P := 0 | M := [ 2,4,10 ]
P := 0 | M := [ 2,4,11 ]
P := 0 | M := [ 2,4,12 ]
P := 0 | M := [ 2,10,12 ]
P := 0 | M := [ 2,11,12 ]
P := 0 | M := [ 3,4,7 ]
P := 0 | M := [ 3,4,11 ]
P := 0 | M := [ 3,4,14 ]
P := 0 | M := [ 3,7,11 ]
P := 0 | M := [ 4,7,11 ]
P := 0 | M := [ 4,7,12 ]
P := 0 | M := [ 4,10,12 ]
P := 0 | M := [ 4,10,14 ]
P := 0 | M := [ 4,11,12 ]
P := 0 | M := [ 7,11,12 ]
P := [ 1 ] | M := [ 4,7 ]
P := [ 1 ] | M := [ 4,10 ]
P := [ 1 ] | M := [ 4,12 ]
P := [ 1 ] | M := [ 7,12 ]
P := [ 1 ] | M := [ 10,12 ]
P := [ 1,2 ] | M := [ 4 ]
P := [ 1,2 ] | M := [ 7 ]
P := [ 1,2 ] | M := [ 10 ]
P := [ 1,2,3 ] | M := 0
P := [ 1,2,4 ] | M := 0
P := [ 1,3 ] | M := [ 10 ]
P := [ 1,3 ] | M := [ 12 ]
P := [ 1,3,4 ] | M := 0
P := [ 1,4 ] | M := [ 7 ]
P := [ 1,4 ] | M := [ 12 ]
P := [ 2 ] | M := [ 3,4 ]
P := [ 2 ] | M := [ 3,7 ]
P := [ 2 ] | M := [ 3,14 ]
P := [ 2 ] | M := [ 4,7 ]
P := [ 2 ] | M := [ 4,10 ]
P := [ 2 ] | M := [ 4,14 ]
P := [ 2 ] | M := [ 10,14 ]
P := [ 2,3 ] | M := [ 10 ]
P := [ 2,3 ] | M := [ 14 ]
P := [ 2,3,4 ] | M := 0
P := [ 2,4 ] | M := [ 3 ]
P := [ 2,4 ] | M := [ 7 ]
P := [ 2,4 ] | M := [ 14 ]
P := [ 3 ] | M := [ 1,2 ]
P := [ 3 ] | M := [ 1,10 ]
P := [ 3 ] | M := [ 1,14 ]
P := [ 3 ] | M := [ 2,10 ]
P := [ 3 ] | M := [ 2,12 ]
P := [ 3 ] | M := [ 10,12 ]
P := [ 3 ] | M := [ 10,14 ]
P := [ 3,4 ] | M := [ 1 ]
P := [ 3,4 ] | M := [ 2 ]
P := [ 3,4 ] | M := [ 12 ]
P := [ 3,4 ] | M := [ 14 ]
P := [ 4 ] | M := [ 1,2 ]
P := [ 4 ] | M := [ 1,3 ]
P := [ 4 ] | M := [ 1,14 ]
P := [ 4 ] | M := [ 2,3 ]
P := [ 4 ] | M := [ 2,11 ]
P := [ 4 ] | M := [ 2,12 ]
P := [ 4 ] | M := [ 3,7 ]
P := [ 4 ] | M := [ 3,11 ]
P := [ 4 ] | M := [ 3,14 ]
P := [ 4 ] | M := [ 7,11 ]
P := [ 4 ] | M := [ 7,12 ]
P := [ 4 ] | M := [ 11,12 ]
AlmostSupportTauTiltingCount := 76;
PDID := [ [ 1, 0, -1 ], [ 2, 0, 2 ], [ 3, 0, 1 ], [ 4, 0, 0 ], [ 5, -1, -1 ], 
  [ 6, -1, 0 ], [ 7, -1, 1 ], [ 8, -1, 0 ], [ 9, 0, 0 ], [ 10, -1, 0 ], 
  [ 11, 1, -1 ], [ 12, 1, -1 ], [ 13, -1, -1 ], [ 14, -1, 2 ], [ 15, -1, -1 ] 
 ];
