digraph Quiver {
  1 [label="pd=0, id=0"];
  2 [label="pd=0, id=1"];
  3 [label="pd=0, id=3"];
  4 [label="pd=0, id=3"];
  5 [label="pd=1, id=2"];
  6 [label="pd=0, id=0"];
  7 [label="pd=3, id=3"];
  8 [label="pd=2, id=1"];
  9 [label="pd=1, id=1"];
  10 [label="pd=1, id=1"];
  11 [label="pd=1, id=1"];
  12 [label="pd=1, id=0"];
  13 [label="pd=3, id=0"];
  14 [label="pd=1, id=3"];
  15 [label="pd=1, id=1"];
  16 [label="pd=3, id=1"];
  17 [label="pd=3, id=0"];
  18 [label="pd=2, id=1"];
  19 [label="pd=3, id=2"];
  20 [label="pd=2, id=3"];
  21 [label="pd=1, id=2"];
  1 -> 5;
  5 -> 6;
  6 -> 7;
  7 -> 6;
  6 -> 8;
  8 -> 6;
  6 -> 5;
  2 -> 9;
  9 -> 10;
  10 -> 11;
  11 -> 12;
  3 -> 14;
  3 -> 9;
  14 -> 15;
  9 -> 15;
  15 -> 16;
  15 -> 11;
  16 -> 17;
  11 -> 17;
  4 -> 2;
  4 -> 3;
  5 -> 19;
  5 -> 14;
  19 -> 7;
  14 -> 7;
  7 -> 20;
  7 -> 16;
  20 -> 8;
  16 -> 8;
  8 -> 21;
  8 -> 18;
  8 -> 1;
  12 -> 13;
  17 -> 13;
  17 -> 18;
  18 -> 5;
  21 -> 5;
  21 -> 3;
}

# --- AR-Quiver Analysis --- #
Projective modules found (Node IDs): [ 1, 2, 3, 4 ]
Injective modules found (Node IDs):  [ 1, 12, 13, 17 ]
AR strategy: hybrid
IrrFrom calls: 16
Mesh edges added: 23

# --- Quiver Q --- #
digraph Q {
  v1 [label="v1"];
  v2 [label="v2"];
  v3 [label="v3"];
  v4 [label="v4"];
  1 -> 2 [label="a"];
  1 -> 3 [label="c"];
  2 -> 4 [label="b"];
  3 -> 2 [label="e"];
  3 -> 4 [label="d"];
}

# --- Relations --- #
rel := [a*b-c*d,e*b,c*e];
QuiverStructure := "[12;34]";


digraph SyzygySummand {
  1 [label="[ 1, 1, 1, 1 ]"];
  2 [label="[ 0, 1, 0, 1 ]"];
  3 [label="[ 0, 1, 1, 1 ]"];
  4 [label="[ 0, 0, 0, 1 ]"];
  5 [label="[ 1, 1, 1, 0 ]"];
  6 [label="[ 0, 0, 0, 0 ]"];
  7 [label="[ 1, 1, 1, 1 ]"];
  8 [label="[ 0, 1, 1, 1 ]"];
  9 [label="[ 0, 2, 1, 1 ]"];
  10 [label="[ 0, 1, 1, 0 ]"];
  11 [label="[ 1, 1, 2, 0 ]"];
  12 [label="[ 1, 0, 1, 0 ]"];
  13 [label="[ 1, 0, 0, 0 ]"];
  14 [label="[ 1, 1, 2, 1 ]"];
  15 [label="[ 1, 2, 2, 1 ]"];
  16 [label="[ 1, 2, 1, 1 ]"];
  17 [label="[ 1, 1, 1, 0 ]"];
  18 [label="[ 0, 0, 1, 0 ]"];
  19 [label="[ 1, 1, 0, 0 ]"];
  20 [label="[ 0, 0, 1, 1 ]"];
  21 [label="[ 0, 1, 0, 0 ]"];
  4 -> 5;
  8 -> 7;
  4 -> 8;
  21 -> 8;
  4 -> 9;
  4 -> 10;
  2 -> 11;
  4 -> 11;
  2 -> 12;
  8 -> 13;
  2 -> 14;
  2 -> 15;
  4 -> 15;
  4 -> 16;
  8 -> 16;
  4 -> 17;
  8 -> 17;
  4 -> 18;
  21 -> 18;
  20 -> 19;
  21 -> 20;
  4 -> 21;
}


digraph TranslationQuiver {
  1 [label="[ 1, 1, 1, 1 ]"];
  2 [label="[ 0, 1, 0, 1 ]"];
  3 [label="[ 0, 1, 1, 1 ]"];
  4 [label="[ 0, 0, 0, 1 ]"];
  5 [label="[ 1, 1, 1, 0 ]"];
  6 [label="[ 0, 0, 0, 0 ]"];
  7 [label="[ 1, 1, 1, 1 ]"];
  8 [label="[ 0, 1, 1, 1 ]"];
  9 [label="[ 0, 2, 1, 1 ]"];
  10 [label="[ 0, 1, 1, 0 ]"];
  11 [label="[ 1, 1, 2, 0 ]"];
  12 [label="[ 1, 0, 1, 0 ]"];
  13 [label="[ 1, 0, 0, 0 ]"];
  14 [label="[ 1, 1, 2, 1 ]"];
  15 [label="[ 1, 2, 2, 1 ]"];
  16 [label="[ 1, 2, 1, 1 ]"];
  17 [label="[ 1, 1, 1, 0 ]"];
  18 [label="[ 0, 0, 1, 0 ]"];
  19 [label="[ 1, 1, 0, 0 ]"];
  20 [label="[ 0, 0, 1, 1 ]"];
  21 [label="[ 0, 1, 0, 0 ]"];
  1 -> 6;
  2 -> 6;
  3 -> 6;
  4 -> 6;
  5 -> 8;
  6 -> 6;
  7 -> 5;
  8 -> 7;
  9 -> 4;
  10 -> 2;
  11 -> 9;
  12 -> 10;
  13 -> 11;
  14 -> 21;
  15 -> 3;
  16 -> 14;
  17 -> 15;
  18 -> 16;
  19 -> 18;
  20 -> 19;
  21 -> 20;
}

Torsionless modules found (Node IDs): [ 6, 8, 20, 21 ]
Reflexive modules found (Node IDs):  [ 6, 21 ]
Gorenstein projective modules found (Node IDs): [  ]
Gorenstein injective modules found (Node IDs):  [  ]


digraph HomDim {
  1 [label="[ 1, 1, 1, 1 ]"];
  2 [label="[ 0, 1, 0, 1 ]"];
  3 [label="[ 0, 1, 1, 1 ]"];
  4 [label="[ 0, 0, 0, 1 ]"];
  5 [label="[ 1, 1, 1, 0 ]"];
  6 [label="[ 0, 0, 0, 0 ]"];
  7 [label="[ 1, 1, 1, 1 ]"];
  8 [label="[ 0, 1, 1, 1 ]"];
  9 [label="[ 0, 2, 1, 1 ]"];
  10 [label="[ 0, 1, 1, 0 ]"];
  11 [label="[ 1, 1, 2, 0 ]"];
  12 [label="[ 1, 0, 1, 0 ]"];
  13 [label="[ 1, 0, 0, 0 ]"];
  14 [label="[ 1, 1, 2, 1 ]"];
  15 [label="[ 1, 2, 2, 1 ]"];
  16 [label="[ 1, 2, 1, 1 ]"];
  17 [label="[ 1, 1, 1, 0 ]"];
  18 [label="[ 0, 0, 1, 0 ]"];
  19 [label="[ 1, 1, 0, 0 ]"];
  20 [label="[ 0, 0, 1, 1 ]"];
  21 [label="[ 0, 1, 0, 0 ]"];
  1 -> 1 [label="1"];
  1 -> 5 [label="1"];
  1 -> 7 [label="1"];
  1 -> 11 [label="1"];
  1 -> 12 [label="1"];
  1 -> 13 [label="1"];
  1 -> 14 [label="1"];
  1 -> 15 [label="1"];
  1 -> 16 [label="1"];
  1 -> 17 [label="1"];
  1 -> 19 [label="1"];
  2 -> 1 [label="1"];
  2 -> 2 [label="1"];
  2 -> 3 [label="1"];
  2 -> 5 [label="1"];
  2 -> 7 [label="1"];
  2 -> 8 [label="1"];
  2 -> 9 [label="2"];
  2 -> 10 [label="1"];
  2 -> 11 [label="1"];
  2 -> 14 [label="1"];
  2 -> 15 [label="2"];
  2 -> 16 [label="2"];
  2 -> 17 [label="1"];
  2 -> 19 [label="1"];
  2 -> 21 [label="1"];
  3 -> 1 [label="1"];
  3 -> 3 [label="1"];
  3 -> 5 [label="1"];
  3 -> 7 [label="1"];
  3 -> 8 [label="1"];
  3 -> 9 [label="1"];
  3 -> 10 [label="1"];
  3 -> 11 [label="2"];
  3 -> 12 [label="1"];
  3 -> 14 [label="2"];
  3 -> 15 [label="2"];
  3 -> 16 [label="1"];
  3 -> 17 [label="1"];
  3 -> 18 [label="1"];
  3 -> 20 [label="1"];
  4 -> 1 [label="1"];
  4 -> 2 [label="1"];
  4 -> 3 [label="1"];
  4 -> 4 [label="1"];
  4 -> 7 [label="1"];
  4 -> 8 [label="1"];
  4 -> 9 [label="1"];
  4 -> 14 [label="1"];
  4 -> 15 [label="1"];
  4 -> 16 [label="1"];
  4 -> 20 [label="1"];
  5 -> 5 [label="1"];
  5 -> 7 [label="1"];
  5 -> 11 [label="1"];
  5 -> 12 [label="1"];
  5 -> 13 [label="1"];
  5 -> 14 [label="1"];
  5 -> 15 [label="1"];
  5 -> 16 [label="1"];
  5 -> 17 [label="1"];
  5 -> 19 [label="1"];
  7 -> 1 [label="1"];
  7 -> 5 [label="1"];
  7 -> 7 [label="1"];
  7 -> 8 [label="1"];
  7 -> 11 [label="1"];
  7 -> 12 [label="1"];
  7 -> 13 [label="1"];
  7 -> 14 [label="1"];
  7 -> 15 [label="1"];
  7 -> 16 [label="1"];
  7 -> 17 [label="1"];
  7 -> 18 [label="1"];
  7 -> 20 [label="1"];
  8 -> 1 [label="1"];
  8 -> 3 [label="1"];
  8 -> 5 [label="2"];
  8 -> 7 [label="1"];
  8 -> 8 [label="1"];
  8 -> 9 [label="1"];
  8 -> 10 [label="1"];
  8 -> 11 [label="2"];
  8 -> 12 [label="1"];
  8 -> 14 [label="2"];
  8 -> 15 [label="2"];
  8 -> 16 [label="1"];
  8 -> 17 [label="1"];
  8 -> 18 [label="1"];
  8 -> 19 [label="1"];
  8 -> 21 [label="1"];
  9 -> 1 [label="1"];
  9 -> 3 [label="1"];
  9 -> 5 [label="2"];
  9 -> 7 [label="1"];
  9 -> 8 [label="1"];
  9 -> 9 [label="2"];
  9 -> 10 [label="2"];
  9 -> 11 [label="3"];
  9 -> 12 [label="1"];
  9 -> 14 [label="2"];
  9 -> 15 [label="3"];
  9 -> 16 [label="2"];
  9 -> 17 [label="2"];
  9 -> 18 [label="1"];
  9 -> 19 [label="1"];
  9 -> 21 [label="1"];
  10 -> 5 [label="1"];
  10 -> 10 [label="1"];
  10 -> 11 [label="2"];
  10 -> 12 [label="1"];
  10 -> 14 [label="1"];
  10 -> 15 [label="1"];
  10 -> 17 [label="1"];
  10 -> 18 [label="1"];
  11 -> 5 [label="1"];
  11 -> 11 [label="2"];
  11 -> 12 [label="2"];
  11 -> 13 [label="1"];
  11 -> 14 [label="1"];
  11 -> 15 [label="1"];
  11 -> 17 [label="1"];
  11 -> 18 [label="1"];
  12 -> 12 [label="1"];
  12 -> 13 [label="1"];
  13 -> 13 [label="1"];
  14 -> 1 [label="1"];
  14 -> 5 [label="1"];
  14 -> 7 [label="1"];
  14 -> 8 [label="1"];
  14 -> 11 [label="2"];
  14 -> 12 [label="2"];
  14 -> 13 [label="1"];
  14 -> 14 [label="2"];
  14 -> 15 [label="2"];
  14 -> 16 [label="1"];
  14 -> 17 [label="1"];
  14 -> 18 [label="1"];
  14 -> 20 [label="1"];
  15 -> 1 [label="1"];
  15 -> 3 [label="1"];
  15 -> 5 [label="2"];
  15 -> 7 [label="1"];
  15 -> 8 [label="1"];
  15 -> 9 [label="1"];
  15 -> 10 [label="1"];
  15 -> 11 [label="3"];
  15 -> 12 [label="2"];
  15 -> 13 [label="1"];
  15 -> 14 [label="2"];
  15 -> 15 [label="3"];
  15 -> 16 [label="2"];
  15 -> 17 [label="2"];
  15 -> 18 [label="1"];
  15 -> 19 [label="1"];
  15 -> 21 [label="1"];
  16 -> 1 [label="1"];
  16 -> 3 [label="1"];
  16 -> 5 [label="2"];
  16 -> 7 [label="1"];
  16 -> 8 [label="1"];
  16 -> 9 [label="1"];
  16 -> 10 [label="1"];
  16 -> 11 [label="2"];
  16 -> 12 [label="1"];
  16 -> 13 [label="1"];
  16 -> 14 [label="2"];
  16 -> 15 [label="2"];
  16 -> 16 [label="2"];
  16 -> 17 [label="2"];
  16 -> 18 [label="1"];
  16 -> 19 [label="1"];
  16 -> 21 [label="1"];
  17 -> 5 [label="1"];
  17 -> 11 [label="1"];
  17 -> 12 [label="1"];
  17 -> 13 [label="1"];
  17 -> 14 [label="1"];
  17 -> 15 [label="1"];
  17 -> 17 [label="1"];
  17 -> 18 [label="1"];
  18 -> 5 [label="1"];
  18 -> 11 [label="1"];
  18 -> 12 [label="1"];
  18 -> 14 [label="1"];
  18 -> 15 [label="1"];
  18 -> 18 [label="1"];
  19 -> 7 [label="1"];
  19 -> 13 [label="1"];
  19 -> 16 [label="1"];
  19 -> 17 [label="1"];
  19 -> 19 [label="1"];
  20 -> 1 [label="1"];
  20 -> 5 [label="1"];
  20 -> 8 [label="1"];
  20 -> 11 [label="1"];
  20 -> 12 [label="1"];
  20 -> 14 [label="1"];
  20 -> 15 [label="1"];
  20 -> 18 [label="1"];
  20 -> 20 [label="1"];
  21 -> 3 [label="1"];
  21 -> 5 [label="1"];
  21 -> 7 [label="1"];
  21 -> 9 [label="1"];
  21 -> 10 [label="1"];
  21 -> 11 [label="1"];
  21 -> 14 [label="1"];
  21 -> 15 [label="1"];
  21 -> 16 [label="1"];
  21 -> 17 [label="1"];
  21 -> 19 [label="1"];
  21 -> 21 [label="1"];
}


digraph ExtDim {
  1 [label="[ 1, 1, 1, 1 ]"];
  2 [label="[ 0, 1, 0, 1 ]"];
  3 [label="[ 0, 1, 1, 1 ]"];
  4 [label="[ 0, 0, 0, 1 ]"];
  5 [label="[ 1, 1, 1, 0 ]"];
  6 [label="[ 0, 0, 0, 0 ]"];
  7 [label="[ 1, 1, 1, 1 ]"];
  8 [label="[ 0, 1, 1, 1 ]"];
  9 [label="[ 0, 2, 1, 1 ]"];
  10 [label="[ 0, 1, 1, 0 ]"];
  11 [label="[ 1, 1, 2, 0 ]"];
  12 [label="[ 1, 0, 1, 0 ]"];
  13 [label="[ 1, 0, 0, 0 ]"];
  14 [label="[ 1, 1, 2, 1 ]"];
  15 [label="[ 1, 2, 2, 1 ]"];
  16 [label="[ 1, 2, 1, 1 ]"];
  17 [label="[ 1, 1, 1, 0 ]"];
  18 [label="[ 0, 0, 1, 0 ]"];
  19 [label="[ 1, 1, 0, 0 ]"];
  20 [label="[ 0, 0, 1, 1 ]"];
  21 [label="[ 0, 1, 0, 0 ]"];
  5 -> 2 [label="1"];
  5 -> 3 [label="1"];
  5 -> 4 [label="1"];
  5 -> 7 [label="1"];
  5 -> 8 [label="1"];
  5 -> 9 [label="1"];
  5 -> 14 [label="1"];
  5 -> 15 [label="1"];
  5 -> 16 [label="1"];
  5 -> 20 [label="1"];
  7 -> 5 [label="1"];
  7 -> 8 [label="1"];
  7 -> 18 [label="1"];
  7 -> 21 [label="1"];
  8 -> 3 [label="1"];
  8 -> 4 [label="1"];
  8 -> 5 [label="1"];
  8 -> 7 [label="1"];
  8 -> 14 [label="1"];
  8 -> 19 [label="1"];
  8 -> 21 [label="1"];
  9 -> 4 [label="1"];
  10 -> 2 [label="1"];
  10 -> 4 [label="1"];
  11 -> 2 [label="2"];
  11 -> 3 [label="1"];
  11 -> 4 [label="1"];
  11 -> 8 [label="1"];
  11 -> 9 [label="2"];
  11 -> 15 [label="1"];
  11 -> 16 [label="1"];
  11 -> 21 [label="1"];
  12 -> 2 [label="1"];
  12 -> 3 [label="1"];
  12 -> 8 [label="1"];
  12 -> 9 [label="2"];
  12 -> 10 [label="1"];
  12 -> 15 [label="1"];
  12 -> 16 [label="1"];
  12 -> 21 [label="1"];
  13 -> 3 [label="1"];
  13 -> 5 [label="1"];
  13 -> 8 [label="1"];
  13 -> 9 [label="1"];
  13 -> 10 [label="1"];
  13 -> 11 [label="1"];
  13 -> 14 [label="1"];
  13 -> 15 [label="1"];
  13 -> 18 [label="1"];
  13 -> 21 [label="1"];
  14 -> 2 [label="1"];
  14 -> 8 [label="1"];
  14 -> 9 [label="1"];
  14 -> 15 [label="1"];
  14 -> 16 [label="1"];
  14 -> 21 [label="1"];
  15 -> 2 [label="1"];
  15 -> 3 [label="1"];
  15 -> 4 [label="1"];
  15 -> 8 [label="1"];
  15 -> 9 [label="1"];
  15 -> 15 [label="1"];
  15 -> 16 [label="1"];
  15 -> 21 [label="1"];
  16 -> 3 [label="1"];
  16 -> 4 [label="1"];
  16 -> 5 [label="1"];
  16 -> 8 [label="1"];
  16 -> 14 [label="1"];
  16 -> 18 [label="1"];
  16 -> 21 [label="1"];
  17 -> 2 [label="1"];
  17 -> 3 [label="1"];
  17 -> 4 [label="1"];
  17 -> 5 [label="1"];
  17 -> 8 [label="1"];
  17 -> 9 [label="1"];
  17 -> 14 [label="1"];
  17 -> 15 [label="1"];
  17 -> 18 [label="1"];
  17 -> 21 [label="1"];
  18 -> 2 [label="1"];
  18 -> 3 [label="1"];
  18 -> 4 [label="1"];
  18 -> 5 [label="1"];
  18 -> 7 [label="1"];
  18 -> 9 [label="1"];
  18 -> 14 [label="1"];
  18 -> 15 [label="1"];
  18 -> 16 [label="1"];
  18 -> 19 [label="1"];
  18 -> 21 [label="1"];
  19 -> 8 [label="1"];
  19 -> 18 [label="1"];
  19 -> 20 [label="1"];
  20 -> 5 [label="1"];
  20 -> 19 [label="1"];
  20 -> 21 [label="1"];
  21 -> 3 [label="1"];
  21 -> 4 [label="1"];
  21 -> 7 [label="1"];
  21 -> 14 [label="1"];
  21 -> 20 [label="1"];
}

# --- TiltingModule --- #
L := [ 1,3,4,14 ]
F := [ 6,21 ]
T := [ 1,3,4,5,6,7,10,11,12,13,14,17,18,19,20 ]
L := [ 1,2,3,9 ]
F := [ 4,6 ]
T := [ 1,2,3,5,6,7,8,9,10,11,12,13,14,15,16,17,18,19,20,21 ]
Split
L := [ 1,3,9,10 ]
F := [ 2,4,6 ]
T := [ 1,3,5,6,7,8,9,10,11,12,13,14,15,16,17,18,19,20,21 ]
Split
L := [ 1,3,10,14 ]
F := [ 2,4,6,21 ]
T := [ 1,3,5,6,7,10,11,12,13,14,17,18,19,20 ]
L := [ 1,4,12,14 ]
F := [ 6,10,21 ]
T := [ 1,4,5,6,7,11,12,13,14,17,18,19,20 ]
L := [ 1,5,10,11 ]
F := [ 2,3,4,6,8,9,20,21 ]
T := [ 1,5,6,10,11,12,13,17,18,19 ]
L := [ 1,5,11,12 ]
F := [ 2,3,4,6,8,9,10,20,21 ]
T := [ 1,5,6,11,12,13,17,18,19 ]
L := [ 1,5,10,21 ]
F := [ 2,4,6,8,20 ]
T := [ 1,5,6,10,11,12,13,17,18,19,21 ]
L := [ 1,2,8,9 ]
F := [ 4,6,20 ]
T := [ 1,2,5,6,8,9,10,11,12,13,15,16,17,18,19,21 ]
L := [ 1,8,9,10 ]
F := [ 2,4,6,20 ]
T := [ 1,5,6,8,9,10,11,12,13,15,16,17,18,19,21 ]
L := [ 1,8,10,18 ]
F := [ 2,4,6,20 ]
T := [ 1,5,6,8,9,10,11,12,13,15,16,17,18,19,21 ]
L := [ 1,10,11,14 ]
F := [ 2,3,4,6,9,21 ]
T := [ 1,5,6,7,10,11,12,13,14,17,18,19,20 ]
L := [ 1,11,12,14 ]
F := [ 2,3,4,6,9,10,21 ]
T := [ 1,5,6,7,11,12,13,14,17,18,19,20 ]
L := [ 1,2,9,16 ]
F := [ 4,6,20 ]
T := [ 1,2,5,6,8,9,10,11,12,13,15,16,17,18,19,21 ]
L := [ 1,9,10,16 ]
F := [ 2,4,6,20 ]
T := [ 1,5,6,8,9,10,11,12,13,15,16,17,18,19,21 ]
L := [ 1,10,16,17 ]
F := [ 2,4,6,20 ]
T := [ 1,5,6,8,9,10,11,12,13,15,16,17,18,19,21 ]
L := [ 1,10,11,17 ]
F := [ 2,3,4,6,8,9,20,21 ]
T := [ 1,5,6,10,11,12,13,17,18,19 ]
L := [ 1,11,12,17 ]
F := [ 2,3,4,6,8,9,10,20,21 ]
T := [ 1,5,6,11,12,13,17,18,19 ]
L := [ 1,10,11,18 ]
F := [ 2,3,4,6,8,9,20,21 ]
T := [ 1,5,6,10,11,12,13,17,18,19 ]
L := [ 1,11,12,18 ]
F := [ 2,3,4,6,8,9,10,20,21 ]
T := [ 1,5,6,11,12,13,17,18,19 ]
L := [ 1,2,9,21 ]
F := [ 4,6,20 ]
T := [ 1,2,5,6,8,9,10,11,12,13,15,16,17,18,19,21 ]
L := [ 1,9,10,21 ]
F := [ 2,4,6,20 ]
T := [ 1,5,6,8,9,10,11,12,13,15,16,17,18,19,21 ]

# --- TorsionPairTable --- #
# columns: T,F
T := [ 1,2,3,4,5,7,8,9,10,11,12,13,14,15,16,17,18,19,20,21 ] | F := 0
T := [ 1,2,3,5,7,8,9,10,11,12,13,14,15,16,17,18,19,20,21 ] | F := [ 4 ]
T := [ 1,2,4,5,12,13,19,21 ] | F := [ 18 ]
T := [ 1,2,5,8,9,10,11,12,13,15,16,17,18,19,21 ] | F := [ 4,20 ]
T := [ 1,2,5,12,13,19,21 ] | F := [ 4,18,20 ]
T := [ 1,3,4,5,7,10,11,12,13,14,17,18,19,20 ] | F := [ 21 ]
T := [ 1,3,5,7,8,9,10,11,12,13,14,15,16,17,18,19,20,21 ] | F := [ 2,4 ]
T := [ 1,3,5,7,10,11,12,13,14,17,18,19,20 ] | F := [ 2,4,21 ]
T := [ 1,4,5,7,11,12,13,14,17,18,19,20 ] | F := [ 10,21 ]
T := [ 1,4,5,12,13,19 ] | F := [ 10,18,21 ]
T := [ 1,5,7,10,11,12,13,14,17,18,19,20 ] | F := [ 2,3,4,9,21 ]
T := [ 1,5,7,11,12,13,14,17,18,19,20 ] | F := [ 2,3,4,9,10,21 ]
T := [ 1,5,8,9,10,11,12,13,15,16,17,18,19,21 ] | F := [ 2,4,20 ]
T := [ 1,5,10,11,12,13,17,18,19 ] | F := [ 2,3,4,8,9,20,21 ]
T := [ 1,5,10,11,12,13,17,18,19,21 ] | F := [ 2,4,8,20 ]
T := [ 1,5,11,12,13,17,18,19 ] | F := [ 2,3,4,8,9,10,20,21 ]
T := [ 1,5,12,13,19 ] | F := [ 2,3,4,8,9,10,18,20,21 ]
T := [ 1,5,12,13,19,21 ] | F := [ 2,4,8,18,20 ]
T := [ 2,3,4,8,9,10,18,20,21 ] | F := [ 13 ]
T := [ 2,3,8,9,10,18,20,21 ] | F := [ 4,13 ]
T := [ 2,4,13,19,21 ] | F := [ 12,18 ]
T := [ 2,4,21 ] | F := [ 12,13,18 ]
T := [ 2,8,9,10,18,21 ] | F := [ 4,13,20 ]
T := [ 2,13,19,21 ] | F := [ 4,12,18,20 ]
T := [ 2,21 ] | F := [ 4,12,13,18,20 ]
T := [ 3,4,7,10,11,12,13,14,17,18,20 ] | F := [ 19,21 ]
T := [ 3,4,10,18,20 ] | F := [ 13,19,21 ]
T := [ 3,7,10,11,12,13,14,17,18,20 ] | F := [ 2,4,19,21 ]
T := [ 3,8,9,10,18,20,21 ] | F := [ 2,4,13 ]
T := [ 3,10,18,20 ] | F := [ 2,4,13,19,21 ]
T := [ 4 ] | F := [ 5,10,11,12,13,17,18,19,21 ]
T := [ 4,7,11,12,13,14,17,18,20 ] | F := [ 10,19,21 ]
T := [ 4,12,13 ] | F := [ 5,10,11,17,18,19,21 ]
T := [ 4,12,13,18,20 ] | F := [ 10,17,19,21 ]
T := [ 4,12,13,19 ] | F := [ 5,10,11,18,21 ]
T := [ 4,13 ] | F := [ 5,10,11,12,17,18,19,21 ]
T := [ 4,13,19 ] | F := [ 5,10,11,12,18,21 ]
T := [ 4,18,20 ] | F := [ 10,13,17,19,21 ]
T := [ 5,10,11,12,13,17,18,19 ] | F := [ 1,2,3,4,8,9,20,21 ]
T := [ 5,10,11,12,13,17,18,19,21 ] | F := [ 1,2,4,8,20 ]
T := [ 5,11,12,13,17,18,19 ] | F := [ 1,2,3,4,8,9,10,20,21 ]
T := [ 5,12,13,19 ] | F := [ 1,2,3,4,8,9,10,18,20,21 ]
T := [ 5,12,13,19,21 ] | F := [ 1,2,4,8,18,20 ]
T := 0 | F := [ 1,2,3,4,5,7,8,9,10,11,12,13,14,15,16,17,18,19,20,21 ]
T := [ 7,10,11,12,13,14,17,18,20 ] | F := [ 2,3,4,9,19,21 ]
T := [ 7,11,12,13,14,17,18,20 ] | F := [ 2,3,4,9,10,19,21 ]
T := [ 8,9,10,18,21 ] | F := [ 2,4,13,20 ]
T := [ 10,11,12,13,17,18 ] | F := [ 1,2,3,4,7,8,9,16,19,20,21 ]
T := [ 10,11,12,13,17,18,20 ] | F := [ 2,3,4,7,9,16,19,21 ]
T := [ 10,18 ] | F := [ 1,2,3,4,7,8,9,13,16,19,20,21 ]
T := [ 10,18,20 ] | F := [ 2,3,4,7,9,13,16,19,21 ]
T := [ 10,18,21 ] | F := [ 1,2,4,8,13,20 ]
T := [ 11,12,13,17,18 ] | F := [ 1,2,3,4,7,8,9,10,16,19,20,21 ]
T := [ 11,12,13,17,18,20 ] | F := [ 2,3,4,7,9,10,16,19,21 ]
T := [ 12,13 ] | F := [ 1,2,3,4,5,7,8,9,10,11,14,15,16,17,18,19,20,21 ]
T := [ 12,13,18 ] | F := [ 1,2,3,4,7,8,9,10,16,17,19,20,21 ]
T := [ 12,13,18,20 ] | F := [ 2,3,4,7,9,10,16,17,19,21 ]
T := [ 12,13,19 ] | F := [ 1,2,3,4,5,8,9,10,11,14,15,18,20,21 ]
T := [ 13 ] | F := [ 1,2,3,4,5,7,8,9,10,11,12,14,15,16,17,18,19,20,21 ]
T := [ 13,19 ] | F := [ 1,2,3,4,5,8,9,10,11,12,14,15,18,20,21 ]
T := [ 13,19,21 ] | F := [ 1,2,4,8,12,18,20 ]
T := [ 18 ] | F := [ 1,2,3,4,7,8,9,10,13,16,17,19,20,21 ]
T := [ 18,20 ] | F := [ 2,3,4,7,9,10,13,16,17,19,21 ]
T := [ 21 ] | F := [ 1,2,4,8,12,13,18,20 ]
TorsionPairCount := 64;

# --- CotorsionPairTable --- #
# columns: L,R,Hereditary
L := [ 1,2,3,4,5,7,8,9,10,11,12,13,14,15,16,17,18,19,20,21 ] | R := [ 1,12,13,\
17 ] | Hereditary := true
L := [ 1,2,3,4,5,7,8,9,10,11,12,14,15,16,17,18,19,20,21 ] | R := [ 1,11,12,13,\
17 ] | Hereditary := true
L := [ 1,2,3,4,5,7,8,9,10,11,14,15,16,17,18,19,20,21 ] | R := [ 1,10,11,12,13,\
17 ] | Hereditary := true
L := [ 1,2,3,4,5,7,9,10,11,12,13,14,15,16,17,19,21 ] | R := [ 1,12,13,17,19 ] \
| Hereditary := false
L := [ 1,2,3,4,5,7,9,10,11,12,14,15,16,17,19,21 ] | R := [ 1,11,12,13,17,19 ] \
| Hereditary := false
L := [ 1,2,3,4,5,7,9,10,11,14,15,16,17,19,21 ] | R := [ 1,10,11,12,13,17,19 ] \
| Hereditary := false
L := [ 1,2,3,4,5,8,9,10,11,12,14,15,18,20,21 ] | R := [ 1,11,12,13,17,18 ] | H\
ereditary := true
L := [ 1,2,3,4,5,8,9,10,11,14,15,18,20,21 ] | R := [ 1,10,11,12,13,17,18 ] | H\
ereditary := true
L := [ 1,2,3,4,5,9,10,11,12,14,15,19,21 ] | R := [ 1,5,11,12,13,17,19 ] | Here\
ditary := false
L := [ 1,2,3,4,5,9,10,11,12,14,15,21 ] | R := [ 1,5,11,12,13,17,18,19 ] | Here\
ditary := true
L := [ 1,2,3,4,5,9,10,11,14,15,19,21 ] | R := [ 1,5,10,11,12,13,17,19 ] | Here\
ditary := false
L := [ 1,2,3,4,5,9,10,11,14,15,21 ] | R := [ 1,5,10,11,12,13,17,18,19 ] | Here\
ditary := true
L := [ 1,2,3,4,5,9,10,19,21 ] | R := [ 1,5,10,11,12,13,17,19,21 ] | Hereditary\
 := false
L := [ 1,2,3,4,5,9,10,21 ] | R := [ 1,5,10,11,12,13,17,18,19,21 ] | Hereditary\
 := true
L := [ 1,2,3,4 ] | R := [ 1,2,3,4,5,7,8,9,10,11,12,13,14,15,16,17,18,19,20,21 \
] | Hereditary := true
L := [ 1,2,3,4,7 ] | R := [ 1,2,3,4,7,9,10,11,12,13,14,15,16,17,19,20 ] | Here\
ditary := false
L := [ 1,2,3,4,7,8,9,10,11,12,13,14,15,16,17,18,20 ] | R := [ 1,12,13,17,20 ] \
| Hereditary := false
L := [ 1,2,3,4,7,8,9,10,11,12,14,15,16,17,18,20 ] | R := [ 1,11,12,13,17,20 ] \
| Hereditary := false
L := [ 1,2,3,4,7,8,9,10,11,14,15,16,17,18,20 ] | R := [ 1,10,11,12,13,17,20 ] \
| Hereditary := false
L := [ 1,2,3,4,7,8,9,10,13,16,17,19,20,21 ] | R := [ 1,12,13,16,17 ] | Heredit\
ary := true
L := [ 1,2,3,4,7,8,9,10,13,16,17,20 ] | R := [ 1,12,13,16,17,20 ] | Hereditary\
 := false
L := [ 1,2,3,4,7,8,9,10,16,17,19,20,21 ] | R := [ 1,10,11,12,13,16,17 ] | Here\
ditary := true
L := [ 1,2,3,4,7,8,9,10,16,17,20 ] | R := [ 1,10,11,12,13,16,17,20 ] | Heredit\
ary := false
L := [ 1,2,3,4,7,8,9,10,16,19,20,21 ] | R := [ 1,9,10,11,12,13,15,16,17 ] | He\
reditary := true
L := [ 1,2,3,4,7,8,9,10,16,20 ] | R := [ 1,9,10,11,12,13,15,16,17,20 ] | Hered\
itary := false
L := [ 1,2,3,4,7,8,9,13,16,19,20,21 ] | R := [ 1,2,12,13,16,17 ] | Hereditary \
:= true
L := [ 1,2,3,4,7,8,9,13,16,20 ] | R := [ 1,2,12,13,16,17,20 ] | Hereditary := \
false
L := [ 1,2,3,4,7,8,9,16,19,20,21 ] | R := [ 1,2,9,10,11,12,13,15,16,17 ] | Her\
editary := true
L := [ 1,2,3,4,7,8,9,16,20 ] | R := [ 1,2,9,10,11,12,13,15,16,17,20 ] | Heredi\
tary := false
L := [ 1,2,3,4,7,9 ] | R := [ 1,2,3,7,9,10,11,12,13,14,15,16,17,19,20 ] | Here\
ditary := false
L := [ 1,2,3,4,7,9,10 ] | R := [ 1,3,7,9,10,11,12,13,14,15,16,17,19,20 ] | Her\
editary := false
L := [ 1,2,3,4,7,9,10,11,12,13,14,15,16,17 ] | R := [ 1,7,12,13,17,19,20 ] | H\
ereditary := false
L := [ 1,2,3,4,7,9,10,11,12,13,14,15,16,17,19 ] | R := [ 1,7,12,13,17,19 ] | H\
ereditary := false
L := [ 1,2,3,4,7,9,10,11,12,13,14,15,16,17,19,20 ] | R := [ 1,7,12,13,17 ] | H\
ereditary := false
L := [ 1,2,3,4,7,9,10,11,12,13,14,15,16,17,20 ] | R := [ 1,7,12,13,17,20 ] | H\
ereditary := false
L := [ 1,2,3,4,7,9,10,11,12,14,15 ] | R := [ 1,7,11,12,13,14,17,19,20 ] | Here\
ditary := false
L := [ 1,2,3,4,7,9,10,11,12,14,15,16,17 ] | R := [ 1,7,11,12,13,17,19,20 ] | H\
ereditary := false
L := [ 1,2,3,4,7,9,10,11,12,14,15,16,17,19 ] | R := [ 1,7,11,12,13,17,19 ] | H\
ereditary := false
L := [ 1,2,3,4,7,9,10,11,12,14,15,16,17,19,20 ] | R := [ 1,7,11,12,13,17 ] | H\
ereditary := false
L := [ 1,2,3,4,7,9,10,11,12,14,15,16,17,20 ] | R := [ 1,7,11,12,13,17,20 ] | H\
ereditary := false
L := [ 1,2,3,4,7,9,10,11,12,14,15,19 ] | R := [ 1,7,11,12,13,14,17,19 ] | Here\
ditary := false
L := [ 1,2,3,4,7,9,10,11,12,14,15,19,20 ] | R := [ 1,7,11,12,13,14,17 ] | Here\
ditary := false
L := [ 1,2,3,4,7,9,10,11,12,14,15,20 ] | R := [ 1,7,11,12,13,14,17,20 ] | Here\
ditary := false
L := [ 1,2,3,4,7,9,10,11,14,15 ] | R := [ 1,7,10,11,12,13,14,17,19,20 ] | Here\
ditary := false
L := [ 1,2,3,4,7,9,10,11,14,15,16,17 ] | R := [ 1,7,10,11,12,13,17,19,20 ] | H\
ereditary := false
L := [ 1,2,3,4,7,9,10,11,14,15,16,17,19 ] | R := [ 1,7,10,11,12,13,17,19 ] | H\
ereditary := false
L := [ 1,2,3,4,7,9,10,11,14,15,16,17,19,20 ] | R := [ 1,7,10,11,12,13,17 ] | H\
ereditary := false
L := [ 1,2,3,4,7,9,10,11,14,15,16,17,20 ] | R := [ 1,7,10,11,12,13,17,20 ] | H\
ereditary := false
L := [ 1,2,3,4,7,9,10,11,14,15,19 ] | R := [ 1,7,10,11,12,13,14,17,19 ] | Here\
ditary := false
L := [ 1,2,3,4,7,9,10,11,14,15,19,20 ] | R := [ 1,7,10,11,12,13,14,17 ] | Here\
ditary := false
L := [ 1,2,3,4,7,9,10,11,14,15,20 ] | R := [ 1,7,10,11,12,13,14,17,20 ] | Here\
ditary := false
L := [ 1,2,3,4,7,9,10,13,16,17 ] | R := [ 1,7,12,13,16,17,19,20 ] | Hereditary\
 := false
L := [ 1,2,3,4,7,9,10,13,16,17,19 ] | R := [ 1,7,12,13,16,17,19 ] | Hereditary\
 := false
L := [ 1,2,3,4,7,9,10,13,16,17,19,20 ] | R := [ 1,7,12,13,16,17 ] | Hereditary\
 := false
L := [ 1,2,3,4,7,9,10,13,16,17,19,21 ] | R := [ 1,12,13,16,17,19 ] | Hereditar\
y := false
L := [ 1,2,3,4,7,9,10,13,16,17,20 ] | R := [ 1,7,12,13,16,17,20 ] | Hereditary\
 := false
L := [ 1,2,3,4,7,9,10,14 ] | R := [ 1,3,7,10,11,12,13,14,17,19,20 ] | Heredita\
ry := false
L := [ 1,2,3,4,7,9,10,14,19 ] | R := [ 1,3,7,10,11,12,13,14,17,19 ] | Heredita\
ry := false
L := [ 1,2,3,4,7,9,10,14,19,20 ] | R := [ 1,3,7,10,11,12,13,14,17 ] | Heredita\
ry := false
L := [ 1,2,3,4,7,9,10,14,20 ] | R := [ 1,3,7,10,11,12,13,14,17,20 ] | Heredita\
ry := false
L := [ 1,2,3,4,7,9,10,16 ] | R := [ 1,7,9,10,11,12,13,15,16,17,19,20 ] | Hered\
itary := false
L := [ 1,2,3,4,7,9,10,16,17 ] | R := [ 1,7,10,11,12,13,16,17,19,20 ] | Heredit\
ary := false
L := [ 1,2,3,4,7,9,10,16,17,19 ] | R := [ 1,7,10,11,12,13,16,17,19 ] | Heredit\
ary := false
L := [ 1,2,3,4,7,9,10,16,17,19,20 ] | R := [ 1,7,10,11,12,13,16,17 ] | Heredit\
ary := false
L := [ 1,2,3,4,7,9,10,16,17,19,21 ] | R := [ 1,10,11,12,13,16,17,19 ] | Heredi\
tary := false
L := [ 1,2,3,4,7,9,10,16,17,20 ] | R := [ 1,7,10,11,12,13,16,17,20 ] | Heredit\
ary := false
L := [ 1,2,3,4,7,9,10,16,19 ] | R := [ 1,7,9,10,11,12,13,15,16,17,19 ] | Hered\
itary := false
L := [ 1,2,3,4,7,9,10,16,19,20 ] | R := [ 1,7,9,10,11,12,13,15,16,17 ] | Hered\
itary := false
L := [ 1,2,3,4,7,9,10,16,19,21 ] | R := [ 1,9,10,11,12,13,15,16,17,19 ] | Here\
ditary := false
L := [ 1,2,3,4,7,9,10,16,20 ] | R := [ 1,7,9,10,11,12,13,15,16,17,20 ] | Hered\
itary := false
L := [ 1,2,3,4,7,9,10,19 ] | R := [ 1,3,7,9,10,11,12,13,14,15,16,17,19 ] | Her\
editary := false
L := [ 1,2,3,4,7,9,10,19,20 ] | R := [ 1,3,7,9,10,11,12,13,14,15,16,17 ] | Her\
editary := false
L := [ 1,2,3,4,7,9,10,20 ] | R := [ 1,3,7,9,10,11,12,13,14,15,16,17,20 ] | Her\
editary := false
L := [ 1,2,3,4,7,9,13,16 ] | R := [ 1,2,7,12,13,16,17,19,20 ] | Hereditary := \
false
L := [ 1,2,3,4,7,9,13,16,19 ] | R := [ 1,2,7,12,13,16,17,19 ] | Hereditary := \
false
L := [ 1,2,3,4,7,9,13,16,19,20 ] | R := [ 1,2,7,12,13,16,17 ] | Hereditary := \
false
L := [ 1,2,3,4,7,9,13,16,19,21 ] | R := [ 1,2,12,13,16,17,19 ] | Hereditary :=\
 false
L := [ 1,2,3,4,7,9,13,16,20 ] | R := [ 1,2,7,12,13,16,17,20 ] | Hereditary := \
false
L := [ 1,2,3,4,7,9,16 ] | R := [ 1,2,7,9,10,11,12,13,15,16,17,19,20 ] | Heredi\
tary := false
L := [ 1,2,3,4,7,9,16,19 ] | R := [ 1,2,7,9,10,11,12,13,15,16,17,19 ] | Heredi\
tary := false
L := [ 1,2,3,4,7,9,16,19,20 ] | R := [ 1,2,7,9,10,11,12,13,15,16,17 ] | Heredi\
tary := false
L := [ 1,2,3,4,7,9,16,19,21 ] | R := [ 1,2,9,10,11,12,13,15,16,17,19 ] | Hered\
itary := false
L := [ 1,2,3,4,7,9,16,20 ] | R := [ 1,2,7,9,10,11,12,13,15,16,17,20 ] | Heredi\
tary := false
L := [ 1,2,3,4,7,9,19 ] | R := [ 1,2,3,7,9,10,11,12,13,14,15,16,17,19 ] | Here\
ditary := false
L := [ 1,2,3,4,7,9,19,20 ] | R := [ 1,2,3,7,9,10,11,12,13,14,15,16,17 ] | Here\
ditary := false
L := [ 1,2,3,4,7,9,20 ] | R := [ 1,2,3,7,9,10,11,12,13,14,15,16,17,20 ] | Here\
ditary := false
L := [ 1,2,3,4,7,12,13,14 ] | R := [ 1,4,7,12,13,17,19,20 ] | Hereditary := fa\
lse
L := [ 1,2,3,4,7,12,13,14,19 ] | R := [ 1,4,7,12,13,17,19 ] | Hereditary := fa\
lse
L := [ 1,2,3,4,7,12,13,14,19,20 ] | R := [ 1,4,7,12,13,17 ] | Hereditary := fa\
lse
L := [ 1,2,3,4,7,12,13,14,20 ] | R := [ 1,4,7,12,13,17,20 ] | Hereditary := fa\
lse
L := [ 1,2,3,4,7,12,14 ] | R := [ 1,4,7,11,12,13,14,17,19,20 ] | Hereditary :=\
 false
L := [ 1,2,3,4,7,12,14,19 ] | R := [ 1,4,7,11,12,13,14,17,19 ] | Hereditary :=\
 false
L := [ 1,2,3,4,7,12,14,19,20 ] | R := [ 1,4,7,11,12,13,14,17 ] | Hereditary :=\
 false
L := [ 1,2,3,4,7,12,14,20 ] | R := [ 1,4,7,11,12,13,14,17,20 ] | Hereditary :=\
 false
L := [ 1,2,3,4,7,13 ] | R := [ 1,2,4,7,12,13,16,17,19,20 ] | Hereditary := fal\
se
L := [ 1,2,3,4,7,13,19 ] | R := [ 1,2,4,7,12,13,16,17,19 ] | Hereditary := fal\
se
L := [ 1,2,3,4,7,13,19,20 ] | R := [ 1,2,4,7,12,13,16,17 ] | Hereditary := fal\
se
L := [ 1,2,3,4,7,13,20 ] | R := [ 1,2,4,7,12,13,16,17,20 ] | Hereditary := fal\
se
L := [ 1,2,3,4,7,14 ] | R := [ 1,3,4,7,10,11,12,13,14,17,19,20 ] | Hereditary \
:= false
L := [ 1,2,3,4,7,14,19 ] | R := [ 1,3,4,7,10,11,12,13,14,17,19 ] | Hereditary \
:= false
L := [ 1,2,3,4,7,14,19,20 ] | R := [ 1,3,4,7,10,11,12,13,14,17 ] | Hereditary \
:= false
L := [ 1,2,3,4,7,14,20 ] | R := [ 1,3,4,7,10,11,12,13,14,17,20 ] | Hereditary \
:= false
L := [ 1,2,3,4,7,19 ] | R := [ 1,2,3,4,7,9,10,11,12,13,14,15,16,17,19 ] | Here\
ditary := false
L := [ 1,2,3,4,7,19,20 ] | R := [ 1,2,3,4,7,9,10,11,12,13,14,15,16,17 ] | Here\
ditary := false
L := [ 1,2,3,4,7,20 ] | R := [ 1,2,3,4,7,9,10,11,12,13,14,15,16,17,20 ] | Here\
ditary := false
L := [ 1,2,3,4,8,9,10,11,12,14,15,18,20 ] | R := [ 1,11,12,13,17,18,20 ] | Her\
editary := false
L := [ 1,2,3,4,8,9,10,11,14,15,18,20 ] | R := [ 1,10,11,12,13,17,18,20 ] | Her\
editary := false
L := [ 1,2,3,4,8,9,10,18,20 ] | R := [ 1,8,10,11,12,13,17,18,20 ] | Hereditary\
 := false
L := [ 1,2,3,4,8,9,10,18,20,21 ] | R := [ 1,8,10,11,12,13,17,18 ] | Hereditary\
 := true
L := [ 1,2,3,4,8,9,10,20 ] | R := [ 1,8,9,10,11,12,13,15,16,17,18,20 ] | Hered\
itary := false
L := [ 1,2,3,4,8,9,10,20,21 ] | R := [ 1,8,9,10,11,12,13,15,16,17,18 ] | Hered\
itary := true
L := [ 1,2,3,4,8,9,20 ] | R := [ 1,2,8,9,10,11,12,13,15,16,17,18,20 ] | Heredi\
tary := false
L := [ 1,2,3,4,8,9,20,21 ] | R := [ 1,2,8,9,10,11,12,13,15,16,17,18 ] | Heredi\
tary := true
L := [ 1,2,3,4,9 ] | R := [ 1,2,3,5,7,8,9,10,11,12,13,14,15,16,17,18,19,20,21 \
] | Hereditary := true
L := [ 1,2,3,4,9,10 ] | R := [ 1,3,5,7,8,9,10,11,12,13,14,15,16,17,18,19,20,21\
 ] | Hereditary := true
L := [ 1,2,3,4,9,10,11,12,14,15 ] | R := [ 1,5,7,11,12,13,14,17,18,19,20 ] | H\
ereditary := true
L := [ 1,2,3,4,9,10,11,12,14,15,19 ] | R := [ 1,5,7,11,12,13,14,17,19 ] | Here\
ditary := false
L := [ 1,2,3,4,9,10,11,12,14,15,20 ] | R := [ 1,7,11,12,13,14,17,18,20 ] | Her\
editary := false
L := [ 1,2,3,4,9,10,11,14,15 ] | R := [ 1,5,7,10,11,12,13,14,17,18,19,20 ] | H\
ereditary := true
L := [ 1,2,3,4,9,10,11,14,15,19 ] | R := [ 1,5,7,10,11,12,13,14,17,19 ] | Here\
ditary := false
L := [ 1,2,3,4,9,10,11,14,15,20 ] | R := [ 1,7,10,11,12,13,14,17,18,20 ] | Her\
editary := false
L := [ 1,2,3,4,9,10,14 ] | R := [ 1,3,5,7,10,11,12,13,14,17,18,19,20 ] | Hered\
itary := true
L := [ 1,2,3,4,9,10,14,19 ] | R := [ 1,3,5,7,10,11,12,13,14,17,19 ] | Heredita\
ry := false
L := [ 1,2,3,4,9,10,14,20 ] | R := [ 1,3,7,10,11,12,13,14,17,18,20 ] | Heredit\
ary := false
L := [ 1,2,3,4,9,10,19 ] | R := [ 1,3,5,7,9,10,11,12,13,14,15,16,17,19,21 ] | \
Hereditary := false
L := [ 1,2,3,4,9,10,19,21 ] | R := [ 1,5,9,10,11,12,13,15,16,17,19,21 ] | Here\
ditary := false
L := [ 1,2,3,4,9,10,20 ] | R := [ 1,3,7,8,9,10,11,12,13,14,15,16,17,18,20 ] | \
Hereditary := false
L := [ 1,2,3,4,9,10,21 ] | R := [ 1,5,8,9,10,11,12,13,15,16,17,18,19,21 ] | He\
reditary := true
L := [ 1,2,3,4,9,19 ] | R := [ 1,2,3,5,7,9,10,11,12,13,14,15,16,17,19,21 ] | H\
ereditary := false
L := [ 1,2,3,4,9,19,21 ] | R := [ 1,2,5,9,10,11,12,13,15,16,17,19,21 ] | Hered\
itary := false
L := [ 1,2,3,4,9,20 ] | R := [ 1,2,3,7,8,9,10,11,12,13,14,15,16,17,18,20 ] | H\
ereditary := false
L := [ 1,2,3,4,9,21 ] | R := [ 1,2,5,8,9,10,11,12,13,15,16,17,18,19,21 ] | Her\
editary := true
L := [ 1,2,3,4,12,14 ] | R := [ 1,4,5,7,11,12,13,14,17,18,19,20 ] | Hereditary\
 := true
L := [ 1,2,3,4,12,14,19 ] | R := [ 1,4,5,7,11,12,13,14,17,19 ] | Hereditary :=\
 false
L := [ 1,2,3,4,12,14,20 ] | R := [ 1,4,7,11,12,13,14,17,18,20 ] | Hereditary :\
= false
L := [ 1,2,3,4,14 ] | R := [ 1,3,4,5,7,10,11,12,13,14,17,18,19,20 ] | Heredita\
ry := true
L := [ 1,2,3,4,14,19 ] | R := [ 1,3,4,5,7,10,11,12,13,14,17,19 ] | Hereditary \
:= false
L := [ 1,2,3,4,14,20 ] | R := [ 1,3,4,7,10,11,12,13,14,17,18,20 ] | Hereditary\
 := false
L := [ 1,2,3,4,19 ] | R := [ 1,2,3,4,5,7,9,10,11,12,13,14,15,16,17,19,21 ] | H\
ereditary := false
L := [ 1,2,3,4,20 ] | R := [ 1,2,3,4,7,8,9,10,11,12,13,14,15,16,17,18,20 ] | H\
ereditary := false
CotorsionPairCount := 140;
PDID := [ [ 1, 0, 0 ], [ 2, 0, 1 ], [ 3, 0, 3 ], [ 4, 0, 3 ], [ 5, 1, 2 ], 
  [ 6, 0, 0 ], [ 7, 3, 3 ], [ 8, 2, 1 ], [ 9, 1, 1 ], [ 10, 1, 1 ], 
  [ 11, 1, 1 ], [ 12, 1, 0 ], [ 13, 3, 0 ], [ 14, 1, 3 ], [ 15, 1, 1 ], 
  [ 16, 3, 1 ], [ 17, 3, 0 ], [ 18, 2, 1 ], [ 19, 3, 2 ], [ 20, 2, 3 ], 
  [ 21, 1, 2 ] ];
