digraph Quiver {
  1 [label="pd=0, id=∞"];
  2 [label="pd=0, id=0"];
  3 [label="pd=1, id=∞"];
  4 [label="pd=∞, id=3"];
  5 [label="pd=∞, id=1"];
  6 [label="pd=∞, id=0"];
  7 [label="pd=0, id=3"];
  8 [label="pd=2, id=1"];
  9 [label="pd=∞, id=∞"];
  10 [label="pd=1, id=2"];
  11 [label="pd=∞, id=∞"];
  12 [label="pd=1, id=∞"];
  13 [label="pd=∞, id=∞"];
  14 [label="pd=∞, id=3"];
  15 [label="pd=∞, id=0"];
  16 [label="pd=0, id=0"];
  17 [label="pd=1, id=∞"];
  18 [label="pd=∞, id=∞"];
  19 [label="pd=∞, id=∞"];
  20 [label="pd=∞, id=∞"];
  21 [label="pd=∞, id=3"];
  22 [label="pd=∞, id=1"];
  23 [label="pd=2, id=3"];
  24 [label="pd=∞, id=∞"];
  25 [label="pd=∞, id=∞"];
  26 [label="pd=∞, id=3"];
  27 [label="pd=∞, id=∞"];
  28 [label="pd=∞, id=∞"];
  29 [label="pd=∞, id=∞"];
  30 [label="pd=∞, id=∞"];
  31 [label="pd=∞, id=∞"];
  32 [label="pd=∞, id=∞"];
  33 [label="pd=∞, id=∞"];
  34 [label="pd=∞, id=∞"];
  35 [label="pd=∞, id=∞"];
  36 [label="pd=∞, id=3"];
  37 [label="pd=∞, id=∞"];
  38 [label="pd=∞, id=∞"];
  39 [label="pd=∞, id=∞"];
  40 [label="pd=∞, id=∞"];
  1 -> 12;
  1 -> 17;
  12 -> 3;
  17 -> 3;
  3 -> 13;
  3 -> 19;
  13 -> 4;
  19 -> 4;
  7 -> 16;
  7 -> 23;
  16 -> 8;
  23 -> 8;
  8 -> 2;
  8 -> 25;
  2 -> 9;
  25 -> 9;
  9 -> 2;
  9 -> 27;
  2 -> 10;
  10 -> 2;
  2 -> 11;
  11 -> 2;
  2 -> 12;
  12 -> 2;
  2 -> 13;
  13 -> 2;
  2 -> 14;
  14 -> 2;
  2 -> 15;
  15 -> 2;
  2 -> 2;
  12 -> 30;
  30 -> 13;
  13 -> 28;
  17 -> 32;
  32 -> 19;
  19 -> 34;
  23 -> 30;
  30 -> 25;
  25 -> 28;
  28 -> 27;
  10 -> 29;
  11 -> 1;
  11 -> 31;
  14 -> 26;
  14 -> 5;
  32 -> 38;
  38 -> 34;
  28 -> 14;
  38 -> 35;
  4 -> 14;
  4 -> 21;
  5 -> 22;
  5 -> 15;
  15 -> 6;
  6 -> 20;
  15 -> 24;
  18 -> 1;
  18 -> 33;
  20 -> 35;
  21 -> 36;
  21 -> 5;
  22 -> 6;
  22 -> 37;
  24 -> 7;
  24 -> 31;
  26 -> 15;
  26 -> 29;
  27 -> 26;
  27 -> 10;
  29 -> 11;
  29 -> 24;
  31 -> 12;
  31 -> 23;
  33 -> 17;
  33 -> 39;
  34 -> 40;
  34 -> 21;
  35 -> 18;
  35 -> 40;
  36 -> 39;
  36 -> 22;
  37 -> 20;
  37 -> 38;
  39 -> 32;
  39 -> 37;
  40 -> 33;
  40 -> 36;
}

# --- AR-Quiver Analysis --- #
Projective modules found (Node IDs): [ 1, 7, 16 ]
Injective modules found (Node IDs):  [ 6, 15, 16 ]
AR strategy: hybrid bidirectional
IrrFrom calls: 60
IrrTo calls: 0
Mesh edges added: 36

# --- Quiver Q --- #
digraph Q {
  v1 [label="v1"];
  v2 [label="v2"];
  v3 [label="v3"];
  2 -> 3 [label="b"];
  1 -> 2 [label="a"];
  1 -> 1 [label="d"];
  3 -> 2 [label="c"];
}

# --- Relations --- #
rel := [a*b,b*c*b*c,d^2];
QuiverStructure := "[-2-;1-3]";


digraph SyzygySummand {
  1 [label="[ 2, 2, 0 ]"];
  2 [label="[ 0, 0, 0 ]"];
  3 [label="[ 2, 2, 2 ]"];
  4 [label="[ 2, 4, 2 ]"];
  5 [label="[ 2, 4, 4 ]"];
  6 [label="[ 2, 0, 0 ]"];
  7 [label="[ 0, 2, 2 ]"];
  8 [label="[ 0, 2, 2 ]"];
  9 [label="[ 2, 1, 0 ]"];
  10 [label="[ 0, 0, 1 ]"];
  11 [label="[ 0, 1, 0 ]"];
  12 [label="[ 2, 2, 1 ]"];
  13 [label="[ 2, 3, 2 ]"];
  14 [label="[ 2, 4, 3 ]"];
  15 [label="[ 2, 2, 2 ]"];
  16 [label="[ 0, 2, 3 ]"];
  17 [label="[ 2, 2, 1 ]"];
  18 [label="[ 1, 1, 0 ]"];
  19 [label="[ 2, 3, 2 ]"];
  20 [label="[ 1, 0, 0 ]"];
  21 [label="[ 2, 4, 3 ]"];
  22 [label="[ 2, 2, 2 ]"];
  23 [label="[ 0, 2, 1 ]"];
  24 [label="[ 0, 1, 2 ]"];
  25 [label="[ 2, 3, 2 ]"];
  26 [label="[ 2, 2, 1 ]"];
  27 [label="[ 2, 1, 1 ]"];
  28 [label="[ 2, 3, 3 ]"];
  29 [label="[ 0, 1, 1 ]"];
  30 [label="[ 2, 3, 1 ]"];
  31 [label="[ 0, 1, 1 ]"];
  32 [label="[ 2, 3, 1 ]"];
  33 [label="[ 1, 1, 1 ]"];
  34 [label="[ 2, 3, 3 ]"];
  35 [label="[ 2, 1, 0 ]"];
  36 [label="[ 2, 2, 1 ]"];
  37 [label="[ 1, 2, 2 ]"];
  38 [label="[ 2, 3, 2 ]"];
  39 [label="[ 1, 2, 1 ]"];
  40 [label="[ 2, 1, 1 ]"];
  7 -> 3;
  29 -> 4;
  29 -> 5;
  11 -> 6;
  10 -> 8;
  11 -> 9;
  7 -> 10;
  24 -> 11;
  7 -> 12;
  7 -> 13;
  29 -> 13;
  29 -> 14;
  11 -> 15;
  29 -> 15;
  7 -> 17;
  18 -> 18;
  7 -> 19;
  29 -> 19;
  11 -> 20;
  18 -> 20;
  29 -> 21;
  11 -> 22;
  29 -> 22;
  10 -> 23;
  29 -> 24;
  29 -> 25;
  11 -> 26;
  29 -> 26;
  7 -> 27;
  11 -> 27;
  7 -> 28;
  29 -> 28;
  29 -> 29;
  29 -> 30;
  24 -> 31;
  29 -> 32;
  7 -> 33;
  18 -> 33;
  7 -> 34;
  29 -> 34;
  11 -> 35;
  11 -> 36;
  29 -> 36;
  18 -> 37;
  29 -> 37;
  29 -> 38;
  18 -> 39;
  29 -> 39;
  7 -> 40;
  11 -> 40;
}


digraph TranslationQuiver {
  1 [label="[ 2, 2, 0 ]"];
  2 [label="[ 0, 0, 0 ]"];
  3 [label="[ 2, 2, 2 ]"];
  4 [label="[ 2, 4, 2 ]"];
  5 [label="[ 2, 4, 4 ]"];
  6 [label="[ 2, 0, 0 ]"];
  7 [label="[ 0, 2, 2 ]"];
  8 [label="[ 0, 2, 2 ]"];
  9 [label="[ 2, 1, 0 ]"];
  10 [label="[ 0, 0, 1 ]"];
  11 [label="[ 0, 1, 0 ]"];
  12 [label="[ 2, 2, 1 ]"];
  13 [label="[ 2, 3, 2 ]"];
  14 [label="[ 2, 4, 3 ]"];
  15 [label="[ 2, 2, 2 ]"];
  16 [label="[ 0, 2, 3 ]"];
  17 [label="[ 2, 2, 1 ]"];
  18 [label="[ 1, 1, 0 ]"];
  19 [label="[ 2, 3, 2 ]"];
  20 [label="[ 1, 0, 0 ]"];
  21 [label="[ 2, 4, 3 ]"];
  22 [label="[ 2, 2, 2 ]"];
  23 [label="[ 0, 2, 1 ]"];
  24 [label="[ 0, 1, 2 ]"];
  25 [label="[ 2, 3, 2 ]"];
  26 [label="[ 2, 2, 1 ]"];
  27 [label="[ 2, 1, 1 ]"];
  28 [label="[ 2, 3, 3 ]"];
  29 [label="[ 0, 1, 1 ]"];
  30 [label="[ 2, 3, 1 ]"];
  31 [label="[ 0, 1, 1 ]"];
  32 [label="[ 2, 3, 1 ]"];
  33 [label="[ 1, 1, 1 ]"];
  34 [label="[ 2, 3, 3 ]"];
  35 [label="[ 2, 1, 0 ]"];
  36 [label="[ 2, 2, 1 ]"];
  37 [label="[ 1, 2, 2 ]"];
  38 [label="[ 2, 3, 2 ]"];
  39 [label="[ 1, 2, 1 ]"];
  40 [label="[ 2, 1, 1 ]"];
  1 -> 2;
  2 -> 2;
  3 -> 1;
  4 -> 3;
  5 -> 4;
  6 -> 5;
  7 -> 2;
  8 -> 7;
  9 -> 8;
  10 -> 9;
  11 -> 10;
  12 -> 11;
  13 -> 12;
  14 -> 13;
  15 -> 14;
  16 -> 2;
  17 -> 18;
  18 -> 20;
  19 -> 17;
  20 -> 22;
  21 -> 19;
  22 -> 21;
  23 -> 24;
  24 -> 26;
  25 -> 23;
  26 -> 28;
  27 -> 25;
  28 -> 30;
  29 -> 27;
  30 -> 31;
  31 -> 29;
  32 -> 33;
  33 -> 35;
  34 -> 32;
  35 -> 37;
  36 -> 34;
  37 -> 36;
  38 -> 39;
  39 -> 40;
  40 -> 38;
}

Torsionless modules found (Node IDs): [ 2, 10, 11, 18, 24, 29 ]
Reflexive modules found (Node IDs):  [ 2, 18, 24 ]
Gorenstein projective modules found (Node IDs): [ 18 ]
Gorenstein injective modules found (Node IDs):  [  ]


digraph HomDim {
  1 [label="[ 2, 2, 0 ]"];
  2 [label="[ 0, 0, 0 ]"];
  3 [label="[ 2, 2, 2 ]"];
  4 [label="[ 2, 4, 2 ]"];
  5 [label="[ 2, 4, 4 ]"];
  6 [label="[ 2, 0, 0 ]"];
  7 [label="[ 0, 2, 2 ]"];
  8 [label="[ 0, 2, 2 ]"];
  9 [label="[ 2, 1, 0 ]"];
  10 [label="[ 0, 0, 1 ]"];
  11 [label="[ 0, 1, 0 ]"];
  12 [label="[ 2, 2, 1 ]"];
  13 [label="[ 2, 3, 2 ]"];
  14 [label="[ 2, 4, 3 ]"];
  15 [label="[ 2, 2, 2 ]"];
  16 [label="[ 0, 2, 3 ]"];
  17 [label="[ 2, 2, 1 ]"];
  18 [label="[ 1, 1, 0 ]"];
  19 [label="[ 2, 3, 2 ]"];
  20 [label="[ 1, 0, 0 ]"];
  21 [label="[ 2, 4, 3 ]"];
  22 [label="[ 2, 2, 2 ]"];
  23 [label="[ 0, 2, 1 ]"];
  24 [label="[ 0, 1, 2 ]"];
  25 [label="[ 2, 3, 2 ]"];
  26 [label="[ 2, 2, 1 ]"];
  27 [label="[ 2, 1, 1 ]"];
  28 [label="[ 2, 3, 3 ]"];
  29 [label="[ 0, 1, 1 ]"];
  30 [label="[ 2, 3, 1 ]"];
  31 [label="[ 0, 1, 1 ]"];
  32 [label="[ 2, 3, 1 ]"];
  33 [label="[ 1, 1, 1 ]"];
  34 [label="[ 2, 3, 3 ]"];
  35 [label="[ 2, 1, 0 ]"];
  36 [label="[ 2, 2, 1 ]"];
  37 [label="[ 1, 2, 2 ]"];
  38 [label="[ 2, 3, 2 ]"];
  39 [label="[ 1, 2, 1 ]"];
  40 [label="[ 2, 1, 1 ]"];
  1 -> 1 [label="2"];
  1 -> 3 [label="2"];
  1 -> 4 [label="2"];
  1 -> 5 [label="2"];
  1 -> 6 [label="2"];
  1 -> 9 [label="2"];
  1 -> 12 [label="2"];
  1 -> 13 [label="2"];
  1 -> 14 [label="2"];
  1 -> 15 [label="2"];
  1 -> 17 [label="2"];
  1 -> 18 [label="1"];
  1 -> 19 [label="2"];
  1 -> 20 [label="1"];
  1 -> 21 [label="2"];
  1 -> 22 [label="2"];
  1 -> 25 [label="2"];
  1 -> 26 [label="2"];
  1 -> 27 [label="2"];
  1 -> 28 [label="2"];
  1 -> 30 [label="2"];
  1 -> 32 [label="2"];
  1 -> 33 [label="1"];
  1 -> 34 [label="2"];
  1 -> 35 [label="2"];
  1 -> 36 [label="2"];
  1 -> 37 [label="1"];
  1 -> 38 [label="2"];
  1 -> 39 [label="1"];
  1 -> 40 [label="2"];
  3 -> 3 [label="2"];
  3 -> 4 [label="2"];
  3 -> 5 [label="2"];
  3 -> 6 [label="2"];
  3 -> 7 [label="2"];
  3 -> 10 [label="2"];
  3 -> 13 [label="2"];
  3 -> 14 [label="2"];
  3 -> 15 [label="2"];
  3 -> 16 [label="2"];
  3 -> 17 [label="1"];
  3 -> 19 [label="2"];
  3 -> 20 [label="1"];
  3 -> 21 [label="2"];
  3 -> 22 [label="2"];
  3 -> 24 [label="2"];
  3 -> 26 [label="2"];
  3 -> 27 [label="2"];
  3 -> 28 [label="2"];
  3 -> 29 [label="2"];
  3 -> 32 [label="1"];
  3 -> 33 [label="1"];
  3 -> 34 [label="2"];
  3 -> 35 [label="1"];
  3 -> 36 [label="2"];
  3 -> 37 [label="1"];
  3 -> 38 [label="1"];
  3 -> 39 [label="1"];
  3 -> 40 [label="2"];
  4 -> 1 [label="4"];
  4 -> 3 [label="4"];
  4 -> 4 [label="6"];
  4 -> 5 [label="6"];
  4 -> 6 [label="2"];
  4 -> 7 [label="2"];
  4 -> 8 [label="2"];
  4 -> 9 [label="2"];
  4 -> 11 [label="2"];
  4 -> 12 [label="4"];
  4 -> 13 [label="4"];
  4 -> 14 [label="6"];
  4 -> 15 [label="4"];
  4 -> 16 [label="2"];
  4 -> 17 [label="4"];
  4 -> 18 [label="2"];
  4 -> 19 [label="5"];
  4 -> 20 [label="1"];
  4 -> 21 [label="6"];
  4 -> 22 [label="4"];
  4 -> 23 [label="2"];
  4 -> 24 [label="2"];
  4 -> 25 [label="4"];
  4 -> 26 [label="4"];
  4 -> 27 [label="2"];
  4 -> 28 [label="4"];
  4 -> 29 [label="2"];
  4 -> 30 [label="4"];
  4 -> 31 [label="2"];
  4 -> 32 [label="5"];
  4 -> 33 [label="2"];
  4 -> 34 [label="5"];
  4 -> 35 [label="3"];
  4 -> 36 [label="4"];
  4 -> 37 [label="3"];
  4 -> 38 [label="5"];
  4 -> 39 [label="3"];
  4 -> 40 [label="3"];
  5 -> 3 [label="4"];
  5 -> 4 [label="4"];
  5 -> 5 [label="6"];
  5 -> 6 [label="2"];
  5 -> 7 [label="4"];
  5 -> 8 [label="2"];
  5 -> 10 [label="2"];
  5 -> 12 [label="2"];
  5 -> 13 [label="4"];
  5 -> 14 [label="4"];
  5 -> 15 [label="4"];
  5 -> 16 [label="4"];
  5 -> 17 [label="2"];
  5 -> 19 [label="4"];
  5 -> 20 [label="1"];
  5 -> 21 [label="5"];
  5 -> 22 [label="4"];
  5 -> 23 [label="2"];
  5 -> 24 [label="4"];
  5 -> 25 [label="2"];
  5 -> 26 [label="2"];
  5 -> 27 [label="2"];
  5 -> 28 [label="4"];
  5 -> 29 [label="2"];
  5 -> 30 [label="2"];
  5 -> 31 [label="2"];
  5 -> 32 [label="2"];
  5 -> 33 [label="2"];
  5 -> 34 [label="5"];
  5 -> 35 [label="1"];
  5 -> 36 [label="3"];
  5 -> 37 [label="3"];
  5 -> 38 [label="3"];
  5 -> 39 [label="2"];
  5 -> 40 [label="3"];
  6 -> 6 [label="2"];
  6 -> 20 [label="1"];
  6 -> 22 [label="1"];
  6 -> 35 [label="1"];
  6 -> 36 [label="1"];
  6 -> 40 [label="1"];
  7 -> 1 [label="2"];
  7 -> 3 [label="2"];
  7 -> 4 [label="4"];
  7 -> 5 [label="4"];
  7 -> 7 [label="2"];
  7 -> 8 [label="2"];
  7 -> 9 [label="1"];
  7 -> 11 [label="1"];
  7 -> 12 [label="2"];
  7 -> 13 [label="3"];
  7 -> 14 [label="4"];
  7 -> 15 [label="2"];
  7 -> 16 [label="2"];
  7 -> 17 [label="2"];
  7 -> 18 [label="1"];
  7 -> 19 [label="3"];
  7 -> 21 [label="4"];
  7 -> 22 [label="2"];
  7 -> 23 [label="2"];
  7 -> 24 [label="1"];
  7 -> 25 [label="3"];
  7 -> 26 [label="2"];
  7 -> 27 [label="1"];
  7 -> 28 [label="3"];
  7 -> 29 [label="1"];
  7 -> 30 [label="3"];
  7 -> 31 [label="1"];
  7 -> 32 [label="3"];
  7 -> 33 [label="1"];
  7 -> 34 [label="3"];
  7 -> 35 [label="1"];
  7 -> 36 [label="2"];
  7 -> 37 [label="2"];
  7 -> 38 [label="3"];
  7 -> 39 [label="2"];
  7 -> 40 [label="1"];
  8 -> 3 [label="2"];
  8 -> 4 [label="2"];
  8 -> 5 [label="4"];
  8 -> 7 [label="2"];
  8 -> 8 [label="2"];
  8 -> 10 [label="1"];
  8 -> 12 [label="1"];
  8 -> 13 [label="2"];
  8 -> 14 [label="3"];
  8 -> 15 [label="2"];
  8 -> 16 [label="2"];
  8 -> 17 [label="1"];
  8 -> 19 [label="2"];
  8 -> 21 [label="3"];
  8 -> 22 [label="2"];
  8 -> 23 [label="1"];
  8 -> 24 [label="2"];
  8 -> 25 [label="2"];
  8 -> 26 [label="1"];
  8 -> 27 [label="1"];
  8 -> 28 [label="3"];
  8 -> 29 [label="1"];
  8 -> 30 [label="1"];
  8 -> 31 [label="1"];
  8 -> 32 [label="1"];
  8 -> 33 [label="1"];
  8 -> 34 [label="3"];
  8 -> 36 [label="1"];
  8 -> 37 [label="2"];
  8 -> 38 [label="2"];
  8 -> 39 [label="1"];
  8 -> 40 [label="1"];
  9 -> 6 [label="2"];
  9 -> 9 [label="1"];
  9 -> 15 [label="1"];
  9 -> 20 [label="1"];
  9 -> 22 [label="1"];
  9 -> 26 [label="1"];
  9 -> 27 [label="1"];
  9 -> 35 [label="1"];
  9 -> 36 [label="1"];
  9 -> 40 [label="1"];
  10 -> 7 [label="1"];
  10 -> 10 [label="1"];
  10 -> 16 [label="1"];
  10 -> 24 [label="1"];
  10 -> 29 [label="1"];
  11 -> 1 [label="2"];
  11 -> 3 [label="2"];
  11 -> 4 [label="2"];
  11 -> 5 [label="2"];
  11 -> 8 [label="1"];
  11 -> 9 [label="1"];
  11 -> 11 [label="1"];
  11 -> 12 [label="2"];
  11 -> 13 [label="2"];
  11 -> 14 [label="2"];
  11 -> 15 [label="1"];
  11 -> 17 [label="2"];
  11 -> 18 [label="1"];
  11 -> 19 [label="2"];
  11 -> 21 [label="2"];
  11 -> 22 [label="1"];
  11 -> 23 [label="1"];
  11 -> 25 [label="2"];
  11 -> 26 [label="1"];
  11 -> 27 [label="1"];
  11 -> 28 [label="2"];
  11 -> 30 [label="2"];
  11 -> 31 [label="1"];
  11 -> 32 [label="2"];
  11 -> 33 [label="1"];
  11 -> 34 [label="2"];
  11 -> 35 [label="1"];
  11 -> 36 [label="1"];
  11 -> 37 [label="1"];
  11 -> 38 [label="2"];
  11 -> 39 [label="1"];
  11 -> 40 [label="1"];
  12 -> 3 [label="2"];
  12 -> 4 [label="2"];
  12 -> 5 [label="2"];
  12 -> 6 [label="2"];
  12 -> 7 [label="1"];
  12 -> 9 [label="1"];
  12 -> 10 [label="1"];
  12 -> 12 [label="1"];
  12 -> 13 [label="2"];
  12 -> 14 [label="2"];
  12 -> 15 [label="2"];
  12 -> 16 [label="1"];
  12 -> 17 [label="1"];
  12 -> 19 [label="2"];
  12 -> 20 [label="1"];
  12 -> 21 [label="2"];
  12 -> 22 [label="2"];
  12 -> 24 [label="1"];
  12 -> 25 [label="1"];
  12 -> 26 [label="2"];
  12 -> 27 [label="2"];
  12 -> 28 [label="2"];
  12 -> 29 [label="1"];
  12 -> 30 [label="1"];
  12 -> 32 [label="1"];
  12 -> 33 [label="1"];
  12 -> 34 [label="2"];
  12 -> 35 [label="1"];
  12 -> 36 [label="2"];
  12 -> 37 [label="1"];
  12 -> 38 [label="1"];
  12 -> 39 [label="1"];
  12 -> 40 [label="2"];
  13 -> 1 [label="2"];
  13 -> 3 [label="2"];
  13 -> 4 [label="4"];
  13 -> 5 [label="4"];
  13 -> 6 [label="2"];
  13 -> 7 [label="2"];
  13 -> 8 [label="1"];
  13 -> 9 [label="1"];
  13 -> 10 [label="1"];
  13 -> 11 [label="1"];
  13 -> 12 [label="2"];
  13 -> 13 [label="3"];
  13 -> 14 [label="4"];
  13 -> 15 [label="3"];
  13 -> 16 [label="2"];
  13 -> 17 [label="2"];
  13 -> 18 [label="1"];
  13 -> 19 [label="3"];
  13 -> 20 [label="1"];
  13 -> 21 [label="4"];
  13 -> 22 [label="3"];
  13 -> 23 [label="1"];
  13 -> 24 [label="2"];
  13 -> 25 [label="2"];
  13 -> 26 [label="3"];
  13 -> 27 [label="2"];
  13 -> 28 [label="3"];
  13 -> 29 [label="2"];
  13 -> 30 [label="2"];
  13 -> 31 [label="1"];
  13 -> 32 [label="3"];
  13 -> 33 [label="1"];
  13 -> 34 [label="3"];
  13 -> 35 [label="2"];
  13 -> 36 [label="3"];
  13 -> 37 [label="2"];
  13 -> 38 [label="3"];
  13 -> 39 [label="2"];
  13 -> 40 [label="2"];
  14 -> 1 [label="2"];
  14 -> 3 [label="4"];
  14 -> 4 [label="4"];
  14 -> 5 [label="6"];
  14 -> 6 [label="2"];
  14 -> 7 [label="3"];
  14 -> 8 [label="2"];
  14 -> 9 [label="1"];
  14 -> 10 [label="1"];
  14 -> 11 [label="1"];
  14 -> 12 [label="3"];
  14 -> 13 [label="4"];
  14 -> 14 [label="5"];
  14 -> 15 [label="4"];
  14 -> 16 [label="3"];
  14 -> 17 [label="3"];
  14 -> 18 [label="1"];
  14 -> 19 [label="4"];
  14 -> 20 [label="1"];
  14 -> 21 [label="5"];
  14 -> 22 [label="4"];
  14 -> 23 [label="2"];
  14 -> 24 [label="3"];
  14 -> 25 [label="3"];
  14 -> 26 [label="3"];
  14 -> 27 [label="2"];
  14 -> 28 [label="4"];
  14 -> 29 [label="2"];
  14 -> 30 [label="3"];
  14 -> 31 [label="2"];
  14 -> 32 [label="3"];
  14 -> 33 [label="2"];
  14 -> 34 [label="5"];
  14 -> 35 [label="2"];
  14 -> 36 [label="3"];
  14 -> 37 [label="3"];
  14 -> 38 [label="4"];
  14 -> 39 [label="2"];
  14 -> 40 [label="3"];
  15 -> 3 [label="2"];
  15 -> 4 [label="2"];
  15 -> 5 [label="2"];
  15 -> 6 [label="2"];
  15 -> 7 [label="2"];
  15 -> 8 [label="1"];
  15 -> 10 [label="1"];
  15 -> 12 [label="1"];
  15 -> 13 [label="2"];
  15 -> 14 [label="2"];
  15 -> 15 [label="2"];
  15 -> 16 [label="2"];
  15 -> 17 [label="1"];
  15 -> 19 [label="2"];
  15 -> 20 [label="1"];
  15 -> 21 [label="2"];
  15 -> 22 [label="2"];
  15 -> 23 [label="1"];
  15 -> 24 [label="2"];
  15 -> 25 [label="1"];
  15 -> 26 [label="1"];
  15 -> 27 [label="1"];
  15 -> 28 [label="2"];
  15 -> 29 [label="1"];
  15 -> 30 [label="1"];
  15 -> 31 [label="1"];
  15 -> 32 [label="1"];
  15 -> 33 [label="1"];
  15 -> 34 [label="2"];
  15 -> 35 [label="1"];
  15 -> 36 [label="2"];
  15 -> 37 [label="1"];
  15 -> 38 [label="1"];
  15 -> 39 [label="1"];
  15 -> 40 [label="2"];
  16 -> 3 [label="2"];
  16 -> 4 [label="2"];
  16 -> 5 [label="4"];
  16 -> 7 [label="2"];
  16 -> 8 [label="2"];
  16 -> 10 [label="1"];
  16 -> 12 [label="1"];
  16 -> 13 [label="2"];
  16 -> 14 [label="3"];
  16 -> 15 [label="2"];
  16 -> 16 [label="3"];
  16 -> 17 [label="1"];
  16 -> 19 [label="2"];
  16 -> 21 [label="3"];
  16 -> 22 [label="2"];
  16 -> 23 [label="1"];
  16 -> 24 [label="2"];
  16 -> 25 [label="2"];
  16 -> 26 [label="1"];
  16 -> 27 [label="1"];
  16 -> 28 [label="3"];
  16 -> 29 [label="1"];
  16 -> 30 [label="1"];
  16 -> 31 [label="1"];
  16 -> 32 [label="1"];
  16 -> 33 [label="1"];
  16 -> 34 [label="3"];
  16 -> 36 [label="1"];
  16 -> 37 [label="2"];
  16 -> 38 [label="2"];
  16 -> 39 [label="1"];
  16 -> 40 [label="1"];
  17 -> 1 [label="1"];
  17 -> 3 [label="2"];
  17 -> 4 [label="2"];
  17 -> 5 [label="2"];
  17 -> 6 [label="2"];
  17 -> 7 [label="1"];
  17 -> 9 [label="1"];
  17 -> 10 [label="1"];
  17 -> 12 [label="1"];
  17 -> 13 [label="2"];
  17 -> 14 [label="2"];
  17 -> 15 [label="2"];
  17 -> 16 [label="1"];
  17 -> 17 [label="2"];
  17 -> 18 [label="1"];
  17 -> 19 [label="2"];
  17 -> 20 [label="1"];
  17 -> 21 [label="2"];
  17 -> 22 [label="2"];
  17 -> 24 [label="1"];
  17 -> 25 [label="1"];
  17 -> 26 [label="2"];
  17 -> 27 [label="2"];
  17 -> 28 [label="2"];
  17 -> 29 [label="1"];
  17 -> 30 [label="1"];
  17 -> 32 [label="2"];
  17 -> 33 [label="1"];
  17 -> 34 [label="2"];
  17 -> 35 [label="2"];
  17 -> 36 [label="2"];
  17 -> 37 [label="1"];
  17 -> 38 [label="2"];
  17 -> 39 [label="1"];
  17 -> 40 [label="2"];
  18 -> 1 [label="1"];
  18 -> 3 [label="1"];
  18 -> 4 [label="1"];
  18 -> 5 [label="1"];
  18 -> 6 [label="1"];
  18 -> 9 [label="1"];
  18 -> 12 [label="1"];
  18 -> 13 [label="1"];
  18 -> 14 [label="1"];
  18 -> 15 [label="1"];
  18 -> 17 [label="1"];
  18 -> 18 [label="1"];
  18 -> 19 [label="1"];
  18 -> 20 [label="1"];
  18 -> 21 [label="1"];
  18 -> 22 [label="1"];
  18 -> 25 [label="1"];
  18 -> 26 [label="1"];
  18 -> 27 [label="1"];
  18 -> 28 [label="1"];
  18 -> 30 [label="1"];
  18 -> 32 [label="1"];
  18 -> 33 [label="1"];
  18 -> 34 [label="1"];
  18 -> 35 [label="1"];
  18 -> 36 [label="1"];
  18 -> 37 [label="1"];
  18 -> 38 [label="1"];
  18 -> 39 [label="1"];
  18 -> 40 [label="1"];
  19 -> 1 [label="2"];
  19 -> 3 [label="3"];
  19 -> 4 [label="4"];
  19 -> 5 [label="4"];
  19 -> 6 [label="2"];
  19 -> 7 [label="2"];
  19 -> 8 [label="1"];
  19 -> 9 [label="1"];
  19 -> 10 [label="1"];
  19 -> 11 [label="1"];
  19 -> 12 [label="2"];
  19 -> 13 [label="3"];
  19 -> 14 [label="4"];
  19 -> 15 [label="3"];
  19 -> 16 [label="2"];
  19 -> 17 [label="3"];
  19 -> 18 [label="1"];
  19 -> 19 [label="4"];
  19 -> 20 [label="1"];
  19 -> 21 [label="4"];
  19 -> 22 [label="3"];
  19 -> 23 [label="1"];
  19 -> 24 [label="2"];
  19 -> 25 [label="2"];
  19 -> 26 [label="3"];
  19 -> 27 [label="2"];
  19 -> 28 [label="3"];
  19 -> 29 [label="2"];
  19 -> 30 [label="2"];
  19 -> 31 [label="1"];
  19 -> 32 [label="3"];
  19 -> 33 [label="2"];
  19 -> 34 [label="4"];
  19 -> 35 [label="2"];
  19 -> 36 [label="3"];
  19 -> 37 [label="2"];
  19 -> 38 [label="3"];
  19 -> 39 [label="2"];
  19 -> 40 [label="3"];
  20 -> 6 [label="1"];
  20 -> 20 [label="1"];
  20 -> 22 [label="1"];
  20 -> 35 [label="1"];
  20 -> 36 [label="1"];
  20 -> 40 [label="1"];
  21 -> 1 [label="2"];
  21 -> 3 [label="4"];
  21 -> 4 [label="5"];
  21 -> 5 [label="6"];
  21 -> 6 [label="2"];
  21 -> 7 [label="3"];
  21 -> 8 [label="2"];
  21 -> 9 [label="1"];
  21 -> 10 [label="1"];
  21 -> 11 [label="1"];
  21 -> 12 [label="3"];
  21 -> 13 [label="4"];
  21 -> 14 [label="5"];
  21 -> 15 [label="4"];
  21 -> 16 [label="3"];
  21 -> 17 [label="3"];
  21 -> 18 [label="1"];
  21 -> 19 [label="5"];
  21 -> 20 [label="1"];
  21 -> 21 [label="6"];
  21 -> 22 [label="4"];
  21 -> 23 [label="2"];
  21 -> 24 [label="3"];
  21 -> 25 [label="3"];
  21 -> 26 [label="3"];
  21 -> 27 [label="2"];
  21 -> 28 [label="4"];
  21 -> 29 [label="2"];
  21 -> 30 [label="3"];
  21 -> 31 [label="2"];
  21 -> 32 [label="4"];
  21 -> 33 [label="2"];
  21 -> 34 [label="5"];
  21 -> 35 [label="2"];
  21 -> 36 [label="4"];
  21 -> 37 [label="3"];
  21 -> 38 [label="4"];
  21 -> 39 [label="3"];
  21 -> 40 [label="3"];
  22 -> 3 [label="2"];
  22 -> 4 [label="2"];
  22 -> 5 [label="3"];
  22 -> 6 [label="2"];
  22 -> 7 [label="2"];
  22 -> 8 [label="1"];
  22 -> 10 [label="1"];
  22 -> 12 [label="1"];
  22 -> 13 [label="2"];
  22 -> 14 [label="2"];
  22 -> 15 [label="2"];
  22 -> 16 [label="2"];
  22 -> 17 [label="1"];
  22 -> 19 [label="2"];
  22 -> 20 [label="1"];
  22 -> 21 [label="3"];
  22 -> 22 [label="3"];
  22 -> 23 [label="1"];
  22 -> 24 [label="2"];
  22 -> 25 [label="1"];
  22 -> 26 [label="1"];
  22 -> 27 [label="1"];
  22 -> 28 [label="2"];
  22 -> 29 [label="1"];
  22 -> 30 [label="1"];
  22 -> 31 [label="1"];
  22 -> 32 [label="1"];
  22 -> 33 [label="1"];
  22 -> 34 [label="3"];
  22 -> 35 [label="1"];
  22 -> 36 [label="2"];
  22 -> 37 [label="2"];
  22 -> 38 [label="2"];
  22 -> 39 [label="1"];
  22 -> 40 [label="2"];
  23 -> 1 [label="2"];
  23 -> 3 [label="2"];
  23 -> 4 [label="4"];
  23 -> 5 [label="4"];
  23 -> 7 [label="1"];
  23 -> 8 [label="2"];
  23 -> 9 [label="1"];
  23 -> 11 [label="1"];
  23 -> 12 [label="2"];
  23 -> 13 [label="3"];
  23 -> 14 [label="4"];
  23 -> 15 [label="2"];
  23 -> 16 [label="1"];
  23 -> 17 [label="2"];
  23 -> 18 [label="1"];
  23 -> 19 [label="3"];
  23 -> 21 [label="4"];
  23 -> 22 [label="2"];
  23 -> 23 [label="2"];
  23 -> 24 [label="1"];
  23 -> 25 [label="3"];
  23 -> 26 [label="2"];
  23 -> 27 [label="1"];
  23 -> 28 [label="3"];
  23 -> 29 [label="1"];
  23 -> 30 [label="3"];
  23 -> 31 [label="1"];
  23 -> 32 [label="3"];
  23 -> 33 [label="1"];
  23 -> 34 [label="3"];
  23 -> 35 [label="1"];
  23 -> 36 [label="2"];
  23 -> 37 [label="2"];
  23 -> 38 [label="3"];
  23 -> 39 [label="2"];
  23 -> 40 [label="1"];
  24 -> 3 [label="2"];
  24 -> 4 [label="2"];
  24 -> 5 [label="2"];
  24 -> 7 [label="2"];
  24 -> 8 [label="1"];
  24 -> 10 [label="1"];
  24 -> 12 [label="1"];
  24 -> 13 [label="2"];
  24 -> 14 [label="2"];
  24 -> 15 [label="1"];
  24 -> 16 [label="2"];
  24 -> 17 [label="1"];
  24 -> 19 [label="2"];
  24 -> 21 [label="2"];
  24 -> 22 [label="1"];
  24 -> 23 [label="1"];
  24 -> 24 [label="2"];
  24 -> 25 [label="1"];
  24 -> 26 [label="1"];
  24 -> 27 [label="1"];
  24 -> 28 [label="2"];
  24 -> 29 [label="1"];
  24 -> 30 [label="1"];
  24 -> 31 [label="1"];
  24 -> 32 [label="1"];
  24 -> 33 [label="1"];
  24 -> 34 [label="2"];
  24 -> 36 [label="1"];
  24 -> 37 [label="1"];
  24 -> 38 [label="1"];
  24 -> 39 [label="1"];
  24 -> 40 [label="1"];
  25 -> 3 [label="2"];
  25 -> 4 [label="2"];
  25 -> 5 [label="4"];
  25 -> 6 [label="2"];
  25 -> 7 [label="2"];
  25 -> 8 [label="1"];
  25 -> 9 [label="1"];
  25 -> 10 [label="1"];
  25 -> 12 [label="1"];
  25 -> 13 [label="2"];
  25 -> 14 [label="3"];
  25 -> 15 [label="3"];
  25 -> 16 [label="2"];
  25 -> 17 [label="1"];
  25 -> 19 [label="2"];
  25 -> 20 [label="1"];
  25 -> 21 [label="3"];
  25 -> 22 [label="3"];
  25 -> 23 [label="1"];
  25 -> 24 [label="2"];
  25 -> 25 [label="2"];
  25 -> 26 [label="2"];
  25 -> 27 [label="2"];
  25 -> 28 [label="3"];
  25 -> 29 [label="1"];
  25 -> 30 [label="1"];
  25 -> 31 [label="1"];
  25 -> 32 [label="1"];
  25 -> 33 [label="1"];
  25 -> 34 [label="3"];
  25 -> 35 [label="1"];
  25 -> 36 [label="2"];
  25 -> 37 [label="2"];
  25 -> 38 [label="2"];
  25 -> 39 [label="1"];
  25 -> 40 [label="2"];
  26 -> 1 [label="2"];
  26 -> 3 [label="2"];
  26 -> 4 [label="2"];
  26 -> 5 [label="2"];
  26 -> 6 [label="2"];
  26 -> 7 [label="1"];
  26 -> 8 [label="1"];
  26 -> 9 [label="1"];
  26 -> 11 [label="1"];
  26 -> 12 [label="2"];
  26 -> 13 [label="2"];
  26 -> 14 [label="2"];
  26 -> 15 [label="2"];
  26 -> 16 [label="1"];
  26 -> 17 [label="2"];
  26 -> 18 [label="1"];
  26 -> 19 [label="2"];
  26 -> 20 [label="1"];
  26 -> 21 [label="2"];
  26 -> 22 [label="2"];
  26 -> 23 [label="1"];
  26 -> 24 [label="1"];
  26 -> 25 [label="2"];
  26 -> 26 [label="2"];
  26 -> 27 [label="1"];
  26 -> 28 [label="2"];
  26 -> 29 [label="1"];
  26 -> 30 [label="2"];
  26 -> 31 [label="1"];
  26 -> 32 [label="2"];
  26 -> 33 [label="1"];
  26 -> 34 [label="2"];
  26 -> 35 [label="2"];
  26 -> 36 [label="2"];
  26 -> 37 [label="1"];
  26 -> 38 [label="2"];
  26 -> 39 [label="1"];
  26 -> 40 [label="2"];
  27 -> 6 [label="2"];
  27 -> 7 [label="1"];
  27 -> 10 [label="1"];
  27 -> 15 [label="1"];
  27 -> 16 [label="1"];
  27 -> 20 [label="1"];
  27 -> 22 [label="1"];
  27 -> 24 [label="1"];
  27 -> 26 [label="1"];
  27 -> 27 [label="1"];
  27 -> 29 [label="1"];
  27 -> 35 [label="1"];
  27 -> 36 [label="1"];
  27 -> 40 [label="1"];
  28 -> 3 [label="2"];
  28 -> 4 [label="2"];
  28 -> 5 [label="4"];
  28 -> 6 [label="2"];
  28 -> 7 [label="3"];
  28 -> 8 [label="1"];
  28 -> 10 [label="2"];
  28 -> 12 [label="1"];
  28 -> 13 [label="2"];
  28 -> 14 [label="3"];
  28 -> 15 [label="3"];
  28 -> 16 [label="3"];
  28 -> 17 [label="1"];
  28 -> 19 [label="2"];
  28 -> 20 [label="1"];
  28 -> 21 [label="3"];
  28 -> 22 [label="3"];
  28 -> 23 [label="1"];
  28 -> 24 [label="3"];
  28 -> 25 [label="1"];
  28 -> 26 [label="2"];
  28 -> 27 [label="2"];
  28 -> 28 [label="3"];
  28 -> 29 [label="2"];
  28 -> 30 [label="1"];
  28 -> 31 [label="1"];
  28 -> 32 [label="1"];
  28 -> 33 [label="1"];
  28 -> 34 [label="3"];
  28 -> 35 [label="1"];
  28 -> 36 [label="2"];
  28 -> 37 [label="2"];
  28 -> 38 [label="2"];
  28 -> 39 [label="1"];
  28 -> 40 [label="2"];
  29 -> 1 [label="2"];
  29 -> 3 [label="2"];
  29 -> 4 [label="2"];
  29 -> 5 [label="2"];
  29 -> 7 [label="1"];
  29 -> 8 [label="1"];
  29 -> 9 [label="1"];
  29 -> 11 [label="1"];
  29 -> 12 [label="2"];
  29 -> 13 [label="2"];
  29 -> 14 [label="2"];
  29 -> 15 [label="1"];
  29 -> 16 [label="1"];
  29 -> 17 [label="2"];
  29 -> 18 [label="1"];
  29 -> 19 [label="2"];
  29 -> 21 [label="2"];
  29 -> 22 [label="1"];
  29 -> 23 [label="1"];
  29 -> 24 [label="1"];
  29 -> 25 [label="2"];
  29 -> 26 [label="1"];
  29 -> 27 [label="1"];
  29 -> 28 [label="2"];
  29 -> 29 [label="1"];
  29 -> 30 [label="2"];
  29 -> 31 [label="1"];
  29 -> 32 [label="2"];
  29 -> 33 [label="1"];
  29 -> 34 [label="2"];
  29 -> 35 [label="1"];
  29 -> 36 [label="1"];
  29 -> 37 [label="1"];
  29 -> 38 [label="2"];
  29 -> 39 [label="1"];
  29 -> 40 [label="1"];
  30 -> 1 [label="2"];
  30 -> 3 [label="2"];
  30 -> 4 [label="4"];
  30 -> 5 [label="4"];
  30 -> 6 [label="2"];
  30 -> 7 [label="1"];
  30 -> 8 [label="1"];
  30 -> 9 [label="2"];
  30 -> 11 [label="1"];
  30 -> 12 [label="2"];
  30 -> 13 [label="3"];
  30 -> 14 [label="4"];
  30 -> 15 [label="3"];
  30 -> 16 [label="1"];
  30 -> 17 [label="2"];
  30 -> 18 [label="1"];
  30 -> 19 [label="3"];
  30 -> 20 [label="1"];
  30 -> 21 [label="4"];
  30 -> 22 [label="3"];
  30 -> 23 [label="1"];
  30 -> 24 [label="1"];
  30 -> 25 [label="3"];
  30 -> 26 [label="3"];
  30 -> 27 [label="2"];
  30 -> 28 [label="3"];
  30 -> 29 [label="1"];
  30 -> 30 [label="3"];
  30 -> 31 [label="1"];
  30 -> 32 [label="3"];
  30 -> 33 [label="1"];
  30 -> 34 [label="3"];
  30 -> 35 [label="2"];
  30 -> 36 [label="3"];
  30 -> 37 [label="2"];
  30 -> 38 [label="3"];
  30 -> 39 [label="2"];
  30 -> 40 [label="2"];
  31 -> 3 [label="2"];
  31 -> 4 [label="2"];
  31 -> 5 [label="2"];
  31 -> 7 [label="1"];
  31 -> 8 [label="1"];
  31 -> 10 [label="1"];
  31 -> 12 [label="1"];
  31 -> 13 [label="2"];
  31 -> 14 [label="2"];
  31 -> 15 [label="1"];
  31 -> 16 [label="1"];
  31 -> 17 [label="1"];
  31 -> 19 [label="2"];
  31 -> 21 [label="2"];
  31 -> 22 [label="1"];
  31 -> 23 [label="1"];
  31 -> 24 [label="1"];
  31 -> 25 [label="1"];
  31 -> 26 [label="1"];
  31 -> 27 [label="1"];
  31 -> 28 [label="2"];
  31 -> 29 [label="1"];
  31 -> 30 [label="1"];
  31 -> 31 [label="1"];
  31 -> 32 [label="1"];
  31 -> 33 [label="1"];
  31 -> 34 [label="2"];
  31 -> 36 [label="1"];
  31 -> 37 [label="1"];
  31 -> 38 [label="1"];
  31 -> 39 [label="1"];
  31 -> 40 [label="1"];
  32 -> 1 [label="3"];
  32 -> 3 [label="3"];
  32 -> 4 [label="4"];
  32 -> 5 [label="4"];
  32 -> 6 [label="2"];
  32 -> 7 [label="1"];
  32 -> 8 [label="1"];
  32 -> 9 [label="2"];
  32 -> 11 [label="1"];
  32 -> 12 [label="3"];
  32 -> 13 [label="3"];
  32 -> 14 [label="4"];
  32 -> 15 [label="3"];
  32 -> 16 [label="1"];
  32 -> 17 [label="3"];
  32 -> 18 [label="2"];
  32 -> 19 [label="4"];
  32 -> 20 [label="1"];
  32 -> 21 [label="4"];
  32 -> 22 [label="3"];
  32 -> 23 [label="1"];
  32 -> 24 [label="1"];
  32 -> 25 [label="3"];
  32 -> 26 [label="3"];
  32 -> 27 [label="2"];
  32 -> 28 [label="3"];
  32 -> 29 [label="1"];
  32 -> 30 [label="3"];
  32 -> 31 [label="1"];
  32 -> 32 [label="4"];
  32 -> 33 [label="2"];
  32 -> 34 [label="4"];
  32 -> 35 [label="3"];
  32 -> 36 [label="3"];
  32 -> 37 [label="2"];
  32 -> 38 [label="4"];
  32 -> 39 [label="2"];
  32 -> 40 [label="3"];
  33 -> 3 [label="1"];
  33 -> 4 [label="1"];
  33 -> 5 [label="1"];
  33 -> 6 [label="1"];
  33 -> 7 [label="1"];
  33 -> 10 [label="1"];
  33 -> 13 [label="1"];
  33 -> 14 [label="1"];
  33 -> 15 [label="1"];
  33 -> 16 [label="1"];
  33 -> 17 [label="1"];
  33 -> 19 [label="1"];
  33 -> 20 [label="1"];
  33 -> 21 [label="1"];
  33 -> 22 [label="1"];
  33 -> 24 [label="1"];
  33 -> 26 [label="1"];
  33 -> 27 [label="1"];
  33 -> 28 [label="1"];
  33 -> 29 [label="1"];
  33 -> 32 [label="1"];
  33 -> 33 [label="1"];
  33 -> 34 [label="1"];
  33 -> 35 [label="1"];
  33 -> 36 [label="1"];
  33 -> 37 [label="1"];
  33 -> 38 [label="1"];
  33 -> 39 [label="1"];
  33 -> 40 [label="1"];
  34 -> 3 [label="3"];
  34 -> 4 [label="3"];
  34 -> 5 [label="4"];
  34 -> 6 [label="2"];
  34 -> 7 [label="3"];
  34 -> 8 [label="1"];
  34 -> 10 [label="2"];
  34 -> 12 [label="1"];
  34 -> 13 [label="3"];
  34 -> 14 [label="3"];
  34 -> 15 [label="3"];
  34 -> 16 [label="3"];
  34 -> 17 [label="2"];
  34 -> 19 [label="3"];
  34 -> 20 [label="1"];
  34 -> 21 [label="4"];
  34 -> 22 [label="3"];
  34 -> 23 [label="1"];
  34 -> 24 [label="3"];
  34 -> 25 [label="1"];
  34 -> 26 [label="2"];
  34 -> 27 [label="2"];
  34 -> 28 [label="3"];
  34 -> 29 [label="2"];
  34 -> 30 [label="1"];
  34 -> 31 [label="1"];
  34 -> 32 [label="2"];
  34 -> 33 [label="2"];
  34 -> 34 [label="4"];
  34 -> 35 [label="1"];
  34 -> 36 [label="3"];
  34 -> 37 [label="2"];
  34 -> 38 [label="2"];
  34 -> 39 [label="2"];
  34 -> 40 [label="3"];
  35 -> 1 [label="1"];
  35 -> 3 [label="1"];
  35 -> 4 [label="1"];
  35 -> 5 [label="1"];
  35 -> 6 [label="2"];
  35 -> 9 [label="1"];
  35 -> 12 [label="1"];
  35 -> 13 [label="1"];
  35 -> 14 [label="1"];
  35 -> 15 [label="1"];
  35 -> 17 [label="1"];
  35 -> 18 [label="1"];
  35 -> 19 [label="1"];
  35 -> 20 [label="1"];
  35 -> 21 [label="1"];
  35 -> 22 [label="2"];
  35 -> 25 [label="1"];
  35 -> 26 [label="1"];
  35 -> 27 [label="1"];
  35 -> 28 [label="1"];
  35 -> 30 [label="1"];
  35 -> 32 [label="1"];
  35 -> 33 [label="1"];
  35 -> 34 [label="1"];
  35 -> 35 [label="2"];
  35 -> 36 [label="2"];
  35 -> 37 [label="1"];
  35 -> 38 [label="1"];
  35 -> 39 [label="1"];
  35 -> 40 [label="2"];
  36 -> 1 [label="2"];
  36 -> 3 [label="2"];
  36 -> 4 [label="3"];
  36 -> 5 [label="3"];
  36 -> 6 [label="2"];
  36 -> 7 [label="1"];
  36 -> 8 [label="1"];
  36 -> 9 [label="1"];
  36 -> 11 [label="1"];
  36 -> 12 [label="2"];
  36 -> 13 [label="2"];
  36 -> 14 [label="3"];
  36 -> 15 [label="2"];
  36 -> 16 [label="1"];
  36 -> 17 [label="2"];
  36 -> 18 [label="1"];
  36 -> 19 [label="3"];
  36 -> 20 [label="1"];
  36 -> 21 [label="3"];
  36 -> 22 [label="3"];
  36 -> 23 [label="1"];
  36 -> 24 [label="1"];
  36 -> 25 [label="2"];
  36 -> 26 [label="2"];
  36 -> 27 [label="1"];
  36 -> 28 [label="2"];
  36 -> 29 [label="1"];
  36 -> 30 [label="2"];
  36 -> 31 [label="1"];
  36 -> 32 [label="3"];
  36 -> 33 [label="1"];
  36 -> 34 [label="3"];
  36 -> 35 [label="2"];
  36 -> 36 [label="3"];
  36 -> 37 [label="2"];
  36 -> 38 [label="3"];
  36 -> 39 [label="2"];
  36 -> 40 [label="2"];
  37 -> 3 [label="2"];
  37 -> 4 [label="2"];
  37 -> 5 [label="3"];
  37 -> 6 [label="1"];
  37 -> 7 [label="2"];
  37 -> 8 [label="1"];
  37 -> 10 [label="1"];
  37 -> 12 [label="1"];
  37 -> 13 [label="2"];
  37 -> 14 [label="2"];
  37 -> 15 [label="2"];
  37 -> 16 [label="2"];
  37 -> 17 [label="1"];
  37 -> 19 [label="2"];
  37 -> 20 [label="1"];
  37 -> 21 [label="3"];
  37 -> 22 [label="2"];
  37 -> 23 [label="1"];
  37 -> 24 [label="2"];
  37 -> 25 [label="1"];
  37 -> 26 [label="1"];
  37 -> 27 [label="1"];
  37 -> 28 [label="2"];
  37 -> 29 [label="1"];
  37 -> 30 [label="1"];
  37 -> 31 [label="1"];
  37 -> 32 [label="1"];
  37 -> 33 [label="1"];
  37 -> 34 [label="3"];
  37 -> 35 [label="1"];
  37 -> 36 [label="2"];
  37 -> 37 [label="2"];
  37 -> 38 [label="2"];
  37 -> 39 [label="1"];
  37 -> 40 [label="2"];
  38 -> 1 [label="1"];
  38 -> 3 [label="3"];
  38 -> 4 [label="3"];
  38 -> 5 [label="4"];
  38 -> 6 [label="2"];
  38 -> 7 [label="2"];
  38 -> 8 [label="1"];
  38 -> 9 [label="1"];
  38 -> 10 [label="1"];
  38 -> 12 [label="2"];
  38 -> 13 [label="3"];
  38 -> 14 [label="3"];
  38 -> 15 [label="3"];
  38 -> 16 [label="2"];
  38 -> 17 [label="2"];
  38 -> 18 [label="1"];
  38 -> 19 [label="3"];
  38 -> 20 [label="1"];
  38 -> 21 [label="4"];
  38 -> 22 [label="3"];
  38 -> 23 [label="1"];
  38 -> 24 [label="2"];
  38 -> 25 [label="2"];
  38 -> 26 [label="2"];
  38 -> 27 [label="2"];
  38 -> 28 [label="3"];
  38 -> 29 [label="1"];
  38 -> 30 [label="2"];
  38 -> 31 [label="1"];
  38 -> 32 [label="2"];
  38 -> 33 [label="2"];
  38 -> 34 [label="4"];
  38 -> 35 [label="2"];
  38 -> 36 [label="3"];
  38 -> 37 [label="2"];
  38 -> 38 [label="3"];
  38 -> 39 [label="2"];
  38 -> 40 [label="3"];
  39 -> 1 [label="2"];
  39 -> 3 [label="2"];
  39 -> 4 [label="3"];
  39 -> 5 [label="3"];
  39 -> 6 [label="1"];
  39 -> 7 [label="1"];
  39 -> 8 [label="1"];
  39 -> 9 [label="1"];
  39 -> 11 [label="1"];
  39 -> 12 [label="2"];
  39 -> 13 [label="2"];
  39 -> 14 [label="3"];
  39 -> 15 [label="2"];
  39 -> 16 [label="1"];
  39 -> 17 [label="2"];
  39 -> 18 [label="1"];
  39 -> 19 [label="3"];
  39 -> 20 [label="1"];
  39 -> 21 [label="3"];
  39 -> 22 [label="2"];
  39 -> 23 [label="1"];
  39 -> 24 [label="1"];
  39 -> 25 [label="2"];
  39 -> 26 [label="2"];
  39 -> 27 [label="1"];
  39 -> 28 [label="2"];
  39 -> 29 [label="1"];
  39 -> 30 [label="2"];
  39 -> 31 [label="1"];
  39 -> 32 [label="3"];
  39 -> 33 [label="1"];
  39 -> 34 [label="3"];
  39 -> 35 [label="2"];
  39 -> 36 [label="2"];
  39 -> 37 [label="2"];
  39 -> 38 [label="3"];
  39 -> 39 [label="2"];
  39 -> 40 [label="2"];
  40 -> 3 [label="1"];
  40 -> 4 [label="1"];
  40 -> 5 [label="1"];
  40 -> 6 [label="2"];
  40 -> 7 [label="1"];
  40 -> 10 [label="1"];
  40 -> 13 [label="1"];
  40 -> 14 [label="1"];
  40 -> 15 [label="1"];
  40 -> 16 [label="1"];
  40 -> 17 [label="1"];
  40 -> 19 [label="1"];
  40 -> 20 [label="1"];
  40 -> 21 [label="1"];
  40 -> 22 [label="2"];
  40 -> 24 [label="1"];
  40 -> 26 [label="1"];
  40 -> 27 [label="1"];
  40 -> 28 [label="1"];
  40 -> 29 [label="1"];
  40 -> 32 [label="1"];
  40 -> 33 [label="1"];
  40 -> 34 [label="1"];
  40 -> 35 [label="1"];
  40 -> 36 [label="2"];
  40 -> 37 [label="1"];
  40 -> 38 [label="1"];
  40 -> 39 [label="1"];
  40 -> 40 [label="2"];
}


digraph ExtDim {
  1 [label="[ 2, 2, 0 ]"];
  2 [label="[ 0, 0, 0 ]"];
  3 [label="[ 2, 2, 2 ]"];
  4 [label="[ 2, 4, 2 ]"];
  5 [label="[ 2, 4, 4 ]"];
  6 [label="[ 2, 0, 0 ]"];
  7 [label="[ 0, 2, 2 ]"];
  8 [label="[ 0, 2, 2 ]"];
  9 [label="[ 2, 1, 0 ]"];
  10 [label="[ 0, 0, 1 ]"];
  11 [label="[ 0, 1, 0 ]"];
  12 [label="[ 2, 2, 1 ]"];
  13 [label="[ 2, 3, 2 ]"];
  14 [label="[ 2, 4, 3 ]"];
  15 [label="[ 2, 2, 2 ]"];
  16 [label="[ 0, 2, 3 ]"];
  17 [label="[ 2, 2, 1 ]"];
  18 [label="[ 1, 1, 0 ]"];
  19 [label="[ 2, 3, 2 ]"];
  20 [label="[ 1, 0, 0 ]"];
  21 [label="[ 2, 4, 3 ]"];
  22 [label="[ 2, 2, 2 ]"];
  23 [label="[ 0, 2, 1 ]"];
  24 [label="[ 0, 1, 2 ]"];
  25 [label="[ 2, 3, 2 ]"];
  26 [label="[ 2, 2, 1 ]"];
  27 [label="[ 2, 1, 1 ]"];
  28 [label="[ 2, 3, 3 ]"];
  29 [label="[ 0, 1, 1 ]"];
  30 [label="[ 2, 3, 1 ]"];
  31 [label="[ 0, 1, 1 ]"];
  32 [label="[ 2, 3, 1 ]"];
  33 [label="[ 1, 1, 1 ]"];
  34 [label="[ 2, 3, 3 ]"];
  35 [label="[ 2, 1, 0 ]"];
  36 [label="[ 2, 2, 1 ]"];
  37 [label="[ 1, 2, 2 ]"];
  38 [label="[ 2, 3, 2 ]"];
  39 [label="[ 1, 2, 1 ]"];
  40 [label="[ 2, 1, 1 ]"];
  3 -> 1 [label="2"];
  3 -> 4 [label="4"];
  3 -> 7 [label="2"];
  3 -> 11 [label="2"];
  3 -> 13 [label="2"];
  3 -> 14 [label="2"];
  3 -> 17 [label="1"];
  3 -> 18 [label="1"];
  3 -> 19 [label="2"];
  3 -> 21 [label="2"];
  3 -> 23 [label="2"];
  3 -> 26 [label="2"];
  3 -> 29 [label="2"];
  3 -> 30 [label="2"];
  3 -> 32 [label="3"];
  3 -> 35 [label="1"];
  3 -> 36 [label="2"];
  3 -> 38 [label="1"];
  3 -> 39 [label="2"];
  4 -> 1 [label="2"];
  4 -> 3 [label="2"];
  4 -> 11 [label="2"];
  4 -> 12 [label="2"];
  4 -> 17 [label="2"];
  4 -> 18 [label="1"];
  4 -> 19 [label="1"];
  4 -> 24 [label="2"];
  4 -> 29 [label="2"];
  4 -> 31 [label="2"];
  4 -> 32 [label="1"];
  4 -> 33 [label="1"];
  4 -> 34 [label="1"];
  4 -> 35 [label="1"];
  4 -> 38 [label="1"];
  4 -> 40 [label="1"];
  5 -> 1 [label="2"];
  5 -> 3 [label="2"];
  5 -> 4 [label="2"];
  5 -> 7 [label="2"];
  5 -> 11 [label="2"];
  5 -> 12 [label="2"];
  5 -> 13 [label="2"];
  5 -> 17 [label="2"];
  5 -> 18 [label="1"];
  5 -> 19 [label="2"];
  5 -> 21 [label="1"];
  5 -> 23 [label="2"];
  5 -> 24 [label="2"];
  5 -> 29 [label="2"];
  5 -> 30 [label="2"];
  5 -> 31 [label="2"];
  5 -> 32 [label="2"];
  5 -> 33 [label="1"];
  5 -> 34 [label="1"];
  5 -> 35 [label="1"];
  5 -> 36 [label="1"];
  5 -> 38 [label="1"];
  5 -> 39 [label="1"];
  5 -> 40 [label="1"];
  6 -> 1 [label="2"];
  6 -> 3 [label="2"];
  6 -> 4 [label="2"];
  6 -> 5 [label="2"];
  6 -> 8 [label="2"];
  6 -> 11 [label="2"];
  6 -> 12 [label="2"];
  6 -> 13 [label="2"];
  6 -> 14 [label="2"];
  6 -> 17 [label="2"];
  6 -> 18 [label="1"];
  6 -> 19 [label="2"];
  6 -> 21 [label="2"];
  6 -> 22 [label="1"];
  6 -> 23 [label="2"];
  6 -> 25 [label="2"];
  6 -> 28 [label="2"];
  6 -> 30 [label="2"];
  6 -> 31 [label="2"];
  6 -> 32 [label="2"];
  6 -> 33 [label="1"];
  6 -> 34 [label="2"];
  6 -> 35 [label="1"];
  6 -> 36 [label="1"];
  6 -> 37 [label="1"];
  6 -> 38 [label="2"];
  6 -> 39 [label="1"];
  6 -> 40 [label="1"];
  8 -> 7 [label="1"];
  8 -> 10 [label="1"];
  8 -> 24 [label="1"];
  8 -> 29 [label="1"];
  9 -> 8 [label="1"];
  9 -> 11 [label="1"];
  9 -> 23 [label="1"];
  9 -> 31 [label="1"];
  10 -> 1 [label="2"];
  10 -> 4 [label="2"];
  10 -> 7 [label="1"];
  10 -> 9 [label="1"];
  10 -> 11 [label="1"];
  10 -> 12 [label="1"];
  10 -> 13 [label="1"];
  10 -> 14 [label="1"];
  10 -> 17 [label="1"];
  10 -> 18 [label="1"];
  10 -> 19 [label="1"];
  10 -> 21 [label="1"];
  10 -> 23 [label="1"];
  10 -> 25 [label="1"];
  10 -> 26 [label="1"];
  10 -> 29 [label="1"];
  10 -> 30 [label="2"];
  10 -> 32 [label="2"];
  10 -> 35 [label="1"];
  10 -> 36 [label="1"];
  10 -> 38 [label="1"];
  10 -> 39 [label="1"];
  11 -> 3 [label="2"];
  11 -> 10 [label="1"];
  11 -> 12 [label="1"];
  11 -> 13 [label="1"];
  11 -> 17 [label="1"];
  11 -> 19 [label="1"];
  11 -> 24 [label="1"];
  11 -> 27 [label="1"];
  11 -> 28 [label="1"];
  11 -> 31 [label="1"];
  11 -> 33 [label="1"];
  11 -> 34 [label="1"];
  11 -> 40 [label="1"];
  12 -> 4 [label="2"];
  12 -> 7 [label="1"];
  12 -> 11 [label="1"];
  12 -> 13 [label="1"];
  12 -> 14 [label="1"];
  12 -> 19 [label="1"];
  12 -> 21 [label="1"];
  12 -> 23 [label="1"];
  12 -> 26 [label="1"];
  12 -> 29 [label="1"];
  12 -> 30 [label="1"];
  12 -> 32 [label="1"];
  12 -> 36 [label="1"];
  12 -> 39 [label="1"];
  13 -> 1 [label="2"];
  13 -> 4 [label="2"];
  13 -> 7 [label="1"];
  13 -> 11 [label="2"];
  13 -> 12 [label="1"];
  13 -> 13 [label="1"];
  13 -> 14 [label="1"];
  13 -> 17 [label="1"];
  13 -> 18 [label="1"];
  13 -> 19 [label="1"];
  13 -> 21 [label="1"];
  13 -> 23 [label="1"];
  13 -> 24 [label="1"];
  13 -> 26 [label="1"];
  13 -> 29 [label="2"];
  13 -> 30 [label="1"];
  13 -> 31 [label="1"];
  13 -> 32 [label="2"];
  13 -> 35 [label="1"];
  13 -> 36 [label="1"];
  13 -> 38 [label="1"];
  13 -> 39 [label="1"];
  14 -> 1 [label="2"];
  14 -> 3 [label="2"];
  14 -> 7 [label="1"];
  14 -> 11 [label="2"];
  14 -> 12 [label="2"];
  14 -> 13 [label="1"];
  14 -> 17 [label="2"];
  14 -> 18 [label="1"];
  14 -> 19 [label="1"];
  14 -> 23 [label="1"];
  14 -> 24 [label="2"];
  14 -> 29 [label="2"];
  14 -> 30 [label="1"];
  14 -> 31 [label="2"];
  14 -> 32 [label="1"];
  14 -> 33 [label="1"];
  14 -> 34 [label="1"];
  14 -> 35 [label="1"];
  14 -> 38 [label="1"];
  14 -> 40 [label="1"];
  15 -> 1 [label="2"];
  15 -> 3 [label="2"];
  15 -> 4 [label="2"];
  15 -> 7 [label="1"];
  15 -> 8 [label="1"];
  15 -> 11 [label="2"];
  15 -> 12 [label="2"];
  15 -> 13 [label="2"];
  15 -> 14 [label="1"];
  15 -> 17 [label="2"];
  15 -> 18 [label="1"];
  15 -> 19 [label="2"];
  15 -> 21 [label="1"];
  15 -> 23 [label="2"];
  15 -> 24 [label="1"];
  15 -> 25 [label="1"];
  15 -> 28 [label="1"];
  15 -> 29 [label="1"];
  15 -> 30 [label="2"];
  15 -> 31 [label="2"];
  15 -> 32 [label="2"];
  15 -> 33 [label="1"];
  15 -> 34 [label="1"];
  15 -> 35 [label="1"];
  15 -> 36 [label="1"];
  15 -> 38 [label="1"];
  15 -> 39 [label="1"];
  15 -> 40 [label="1"];
  17 -> 1 [label="1"];
  17 -> 4 [label="2"];
  17 -> 7 [label="1"];
  17 -> 11 [label="1"];
  17 -> 13 [label="1"];
  17 -> 14 [label="1"];
  17 -> 17 [label="1"];
  17 -> 18 [label="1"];
  17 -> 19 [label="1"];
  17 -> 21 [label="1"];
  17 -> 23 [label="1"];
  17 -> 26 [label="1"];
  17 -> 29 [label="1"];
  17 -> 30 [label="1"];
  17 -> 32 [label="2"];
  17 -> 35 [label="1"];
  17 -> 36 [label="1"];
  17 -> 38 [label="1"];
  17 -> 39 [label="1"];
  18 -> 18 [label="1"];
  18 -> 20 [label="1"];
  18 -> 33 [label="1"];
  18 -> 37 [label="1"];
  18 -> 39 [label="1"];
  19 -> 1 [label="2"];
  19 -> 3 [label="1"];
  19 -> 4 [label="2"];
  19 -> 7 [label="1"];
  19 -> 11 [label="2"];
  19 -> 12 [label="1"];
  19 -> 13 [label="1"];
  19 -> 14 [label="1"];
  19 -> 17 [label="2"];
  19 -> 18 [label="1"];
  19 -> 19 [label="2"];
  19 -> 21 [label="1"];
  19 -> 23 [label="1"];
  19 -> 24 [label="1"];
  19 -> 26 [label="1"];
  19 -> 29 [label="2"];
  19 -> 30 [label="1"];
  19 -> 31 [label="1"];
  19 -> 32 [label="2"];
  19 -> 33 [label="1"];
  19 -> 34 [label="1"];
  19 -> 35 [label="1"];
  19 -> 36 [label="1"];
  19 -> 38 [label="1"];
  19 -> 39 [label="1"];
  19 -> 40 [label="1"];
  20 -> 1 [label="1"];
  20 -> 3 [label="1"];
  20 -> 4 [label="1"];
  20 -> 5 [label="1"];
  20 -> 8 [label="1"];
  20 -> 11 [label="1"];
  20 -> 12 [label="1"];
  20 -> 13 [label="1"];
  20 -> 14 [label="1"];
  20 -> 17 [label="1"];
  20 -> 18 [label="1"];
  20 -> 19 [label="1"];
  20 -> 20 [label="1"];
  20 -> 21 [label="1"];
  20 -> 22 [label="1"];
  20 -> 23 [label="1"];
  20 -> 25 [label="1"];
  20 -> 28 [label="1"];
  20 -> 30 [label="1"];
  20 -> 31 [label="1"];
  20 -> 32 [label="1"];
  20 -> 33 [label="1"];
  20 -> 34 [label="1"];
  20 -> 35 [label="1"];
  20 -> 36 [label="1"];
  20 -> 37 [label="1"];
  20 -> 38 [label="1"];
  20 -> 39 [label="1"];
  20 -> 40 [label="1"];
  21 -> 1 [label="2"];
  21 -> 3 [label="2"];
  21 -> 4 [label="1"];
  21 -> 7 [label="1"];
  21 -> 11 [label="2"];
  21 -> 12 [label="2"];
  21 -> 13 [label="1"];
  21 -> 17 [label="2"];
  21 -> 18 [label="1"];
  21 -> 19 [label="2"];
  21 -> 21 [label="1"];
  21 -> 23 [label="1"];
  21 -> 24 [label="2"];
  21 -> 29 [label="2"];
  21 -> 30 [label="1"];
  21 -> 31 [label="2"];
  21 -> 32 [label="2"];
  21 -> 33 [label="1"];
  21 -> 34 [label="1"];
  21 -> 35 [label="1"];
  21 -> 36 [label="1"];
  21 -> 38 [label="1"];
  21 -> 39 [label="1"];
  21 -> 40 [label="1"];
  22 -> 1 [label="2"];
  22 -> 3 [label="2"];
  22 -> 4 [label="2"];
  22 -> 5 [label="1"];
  22 -> 7 [label="1"];
  22 -> 8 [label="1"];
  22 -> 11 [label="2"];
  22 -> 12 [label="2"];
  22 -> 13 [label="2"];
  22 -> 14 [label="1"];
  22 -> 17 [label="2"];
  22 -> 18 [label="1"];
  22 -> 19 [label="2"];
  22 -> 21 [label="2"];
  22 -> 22 [label="1"];
  22 -> 23 [label="2"];
  22 -> 24 [label="1"];
  22 -> 25 [label="1"];
  22 -> 28 [label="1"];
  22 -> 29 [label="1"];
  22 -> 30 [label="2"];
  22 -> 31 [label="2"];
  22 -> 32 [label="2"];
  22 -> 33 [label="1"];
  22 -> 34 [label="2"];
  22 -> 35 [label="1"];
  22 -> 36 [label="1"];
  22 -> 37 [label="1"];
  22 -> 38 [label="2"];
  22 -> 39 [label="1"];
  22 -> 40 [label="1"];
  23 -> 10 [label="1"];
  23 -> 24 [label="1"];
  23 -> 29 [label="1"];
  24 -> 1 [label="2"];
  24 -> 3 [label="2"];
  24 -> 4 [label="2"];
  24 -> 7 [label="1"];
  24 -> 9 [label="1"];
  24 -> 11 [label="1"];
  24 -> 12 [label="2"];
  24 -> 13 [label="2"];
  24 -> 14 [label="1"];
  24 -> 17 [label="2"];
  24 -> 18 [label="1"];
  24 -> 19 [label="2"];
  24 -> 21 [label="1"];
  24 -> 23 [label="1"];
  24 -> 24 [label="1"];
  24 -> 25 [label="1"];
  24 -> 26 [label="1"];
  24 -> 27 [label="1"];
  24 -> 28 [label="1"];
  24 -> 29 [label="1"];
  24 -> 30 [label="2"];
  24 -> 31 [label="1"];
  24 -> 32 [label="2"];
  24 -> 33 [label="1"];
  24 -> 34 [label="1"];
  24 -> 35 [label="1"];
  24 -> 36 [label="1"];
  24 -> 38 [label="1"];
  24 -> 39 [label="1"];
  24 -> 40 [label="1"];
  25 -> 7 [label="1"];
  25 -> 11 [label="1"];
  25 -> 23 [label="1"];
  25 -> 24 [label="1"];
  25 -> 29 [label="1"];
  25 -> 31 [label="1"];
  26 -> 1 [label="2"];
  26 -> 3 [label="2"];
  26 -> 8 [label="1"];
  26 -> 11 [label="2"];
  26 -> 12 [label="2"];
  26 -> 13 [label="1"];
  26 -> 17 [label="2"];
  26 -> 18 [label="1"];
  26 -> 19 [label="1"];
  26 -> 23 [label="1"];
  26 -> 24 [label="1"];
  26 -> 25 [label="1"];
  26 -> 28 [label="1"];
  26 -> 29 [label="1"];
  26 -> 30 [label="1"];
  26 -> 31 [label="2"];
  26 -> 32 [label="1"];
  26 -> 33 [label="1"];
  26 -> 34 [label="1"];
  26 -> 35 [label="1"];
  26 -> 38 [label="1"];
  26 -> 40 [label="1"];
  27 -> 1 [label="2"];
  27 -> 4 [label="2"];
  27 -> 7 [label="1"];
  27 -> 8 [label="1"];
  27 -> 11 [label="2"];
  27 -> 12 [label="1"];
  27 -> 13 [label="1"];
  27 -> 14 [label="1"];
  27 -> 17 [label="1"];
  27 -> 18 [label="1"];
  27 -> 19 [label="1"];
  27 -> 21 [label="1"];
  27 -> 23 [label="2"];
  27 -> 25 [label="1"];
  27 -> 26 [label="1"];
  27 -> 29 [label="1"];
  27 -> 30 [label="2"];
  27 -> 31 [label="1"];
  27 -> 32 [label="2"];
  27 -> 35 [label="1"];
  27 -> 36 [label="1"];
  27 -> 38 [label="1"];
  27 -> 39 [label="1"];
  28 -> 1 [label="2"];
  28 -> 4 [label="2"];
  28 -> 7 [label="2"];
  28 -> 11 [label="2"];
  28 -> 12 [label="1"];
  28 -> 13 [label="1"];
  28 -> 14 [label="1"];
  28 -> 17 [label="1"];
  28 -> 18 [label="1"];
  28 -> 19 [label="1"];
  28 -> 21 [label="1"];
  28 -> 23 [label="2"];
  28 -> 24 [label="1"];
  28 -> 26 [label="1"];
  28 -> 29 [label="2"];
  28 -> 30 [label="2"];
  28 -> 31 [label="1"];
  28 -> 32 [label="2"];
  28 -> 35 [label="1"];
  28 -> 36 [label="1"];
  28 -> 38 [label="1"];
  28 -> 39 [label="1"];
  29 -> 1 [label="2"];
  29 -> 3 [label="2"];
  29 -> 9 [label="1"];
  29 -> 11 [label="1"];
  29 -> 12 [label="2"];
  29 -> 13 [label="1"];
  29 -> 17 [label="2"];
  29 -> 18 [label="1"];
  29 -> 19 [label="1"];
  29 -> 24 [label="1"];
  29 -> 25 [label="1"];
  29 -> 27 [label="1"];
  29 -> 28 [label="1"];
  29 -> 29 [label="1"];
  29 -> 30 [label="1"];
  29 -> 31 [label="1"];
  29 -> 32 [label="1"];
  29 -> 33 [label="1"];
  29 -> 34 [label="1"];
  29 -> 35 [label="1"];
  29 -> 38 [label="1"];
  29 -> 40 [label="1"];
  30 -> 11 [label="1"];
  30 -> 24 [label="1"];
  30 -> 29 [label="1"];
  30 -> 31 [label="1"];
  31 -> 3 [label="2"];
  31 -> 4 [label="2"];
  31 -> 7 [label="1"];
  31 -> 10 [label="1"];
  31 -> 12 [label="1"];
  31 -> 13 [label="2"];
  31 -> 14 [label="1"];
  31 -> 17 [label="1"];
  31 -> 19 [label="2"];
  31 -> 21 [label="1"];
  31 -> 23 [label="1"];
  31 -> 24 [label="1"];
  31 -> 26 [label="1"];
  31 -> 27 [label="1"];
  31 -> 28 [label="1"];
  31 -> 29 [label="1"];
  31 -> 30 [label="1"];
  31 -> 31 [label="1"];
  31 -> 32 [label="1"];
  31 -> 33 [label="1"];
  31 -> 34 [label="1"];
  31 -> 36 [label="1"];
  31 -> 39 [label="1"];
  31 -> 40 [label="1"];
  32 -> 1 [label="1"];
  32 -> 3 [label="1"];
  32 -> 11 [label="1"];
  32 -> 12 [label="1"];
  32 -> 17 [label="1"];
  32 -> 18 [label="1"];
  32 -> 19 [label="1"];
  32 -> 24 [label="1"];
  32 -> 29 [label="1"];
  32 -> 31 [label="1"];
  32 -> 32 [label="1"];
  32 -> 33 [label="1"];
  32 -> 34 [label="1"];
  32 -> 35 [label="1"];
  32 -> 38 [label="1"];
  32 -> 40 [label="1"];
  33 -> 1 [label="1"];
  33 -> 4 [label="2"];
  33 -> 7 [label="1"];
  33 -> 11 [label="1"];
  33 -> 13 [label="1"];
  33 -> 14 [label="1"];
  33 -> 17 [label="1"];
  33 -> 18 [label="1"];
  33 -> 19 [label="1"];
  33 -> 20 [label="1"];
  33 -> 21 [label="1"];
  33 -> 23 [label="1"];
  33 -> 26 [label="1"];
  33 -> 29 [label="1"];
  33 -> 30 [label="1"];
  33 -> 32 [label="2"];
  33 -> 33 [label="1"];
  33 -> 35 [label="1"];
  33 -> 36 [label="1"];
  33 -> 37 [label="1"];
  33 -> 38 [label="1"];
  33 -> 39 [label="2"];
  34 -> 1 [label="2"];
  34 -> 3 [label="1"];
  34 -> 4 [label="3"];
  34 -> 7 [label="2"];
  34 -> 11 [label="2"];
  34 -> 12 [label="1"];
  34 -> 13 [label="2"];
  34 -> 14 [label="1"];
  34 -> 17 [label="2"];
  34 -> 18 [label="1"];
  34 -> 19 [label="2"];
  34 -> 21 [label="2"];
  34 -> 23 [label="2"];
  34 -> 24 [label="1"];
  34 -> 26 [label="1"];
  34 -> 29 [label="2"];
  34 -> 30 [label="2"];
  34 -> 31 [label="1"];
  34 -> 32 [label="3"];
  34 -> 33 [label="1"];
  34 -> 34 [label="1"];
  34 -> 35 [label="1"];
  34 -> 36 [label="2"];
  34 -> 38 [label="1"];
  34 -> 39 [label="2"];
  34 -> 40 [label="1"];
  35 -> 1 [label="1"];
  35 -> 3 [label="1"];
  35 -> 4 [label="1"];
  35 -> 5 [label="1"];
  35 -> 8 [label="1"];
  35 -> 11 [label="1"];
  35 -> 12 [label="1"];
  35 -> 13 [label="1"];
  35 -> 14 [label="1"];
  35 -> 17 [label="1"];
  35 -> 18 [label="1"];
  35 -> 19 [label="1"];
  35 -> 21 [label="1"];
  35 -> 22 [label="1"];
  35 -> 23 [label="1"];
  35 -> 25 [label="1"];
  35 -> 28 [label="1"];
  35 -> 30 [label="1"];
  35 -> 31 [label="1"];
  35 -> 32 [label="1"];
  35 -> 33 [label="1"];
  35 -> 34 [label="1"];
  35 -> 35 [label="1"];
  35 -> 36 [label="1"];
  35 -> 37 [label="1"];
  35 -> 38 [label="1"];
  35 -> 39 [label="1"];
  35 -> 40 [label="1"];
  36 -> 1 [label="2"];
  36 -> 3 [label="2"];
  36 -> 4 [label="1"];
  36 -> 5 [label="1"];
  36 -> 8 [label="1"];
  36 -> 11 [label="2"];
  36 -> 12 [label="2"];
  36 -> 13 [label="1"];
  36 -> 14 [label="1"];
  36 -> 17 [label="2"];
  36 -> 18 [label="1"];
  36 -> 19 [label="2"];
  36 -> 21 [label="1"];
  36 -> 22 [label="1"];
  36 -> 23 [label="1"];
  36 -> 24 [label="1"];
  36 -> 25 [label="1"];
  36 -> 28 [label="1"];
  36 -> 29 [label="1"];
  36 -> 30 [label="1"];
  36 -> 31 [label="2"];
  36 -> 32 [label="2"];
  36 -> 33 [label="1"];
  36 -> 34 [label="2"];
  36 -> 35 [label="1"];
  36 -> 36 [label="1"];
  36 -> 37 [label="1"];
  36 -> 38 [label="2"];
  36 -> 39 [label="1"];
  36 -> 40 [label="1"];
  37 -> 1 [label="1"];
  37 -> 3 [label="1"];
  37 -> 4 [label="1"];
  37 -> 7 [label="1"];
  37 -> 11 [label="1"];
  37 -> 12 [label="1"];
  37 -> 13 [label="1"];
  37 -> 17 [label="1"];
  37 -> 18 [label="1"];
  37 -> 19 [label="1"];
  37 -> 20 [label="1"];
  37 -> 21 [label="1"];
  37 -> 23 [label="1"];
  37 -> 24 [label="1"];
  37 -> 29 [label="1"];
  37 -> 30 [label="1"];
  37 -> 31 [label="1"];
  37 -> 32 [label="1"];
  37 -> 33 [label="1"];
  37 -> 34 [label="1"];
  37 -> 35 [label="1"];
  37 -> 36 [label="1"];
  37 -> 37 [label="1"];
  37 -> 38 [label="1"];
  37 -> 39 [label="1"];
  37 -> 40 [label="1"];
  38 -> 1 [label="1"];
  38 -> 3 [label="1"];
  38 -> 4 [label="1"];
  38 -> 7 [label="1"];
  38 -> 11 [label="1"];
  38 -> 12 [label="1"];
  38 -> 13 [label="1"];
  38 -> 17 [label="1"];
  38 -> 18 [label="1"];
  38 -> 19 [label="1"];
  38 -> 21 [label="1"];
  38 -> 23 [label="1"];
  38 -> 24 [label="1"];
  38 -> 29 [label="1"];
  38 -> 30 [label="1"];
  38 -> 31 [label="1"];
  38 -> 32 [label="1"];
  38 -> 33 [label="1"];
  38 -> 34 [label="1"];
  38 -> 35 [label="1"];
  38 -> 36 [label="1"];
  38 -> 38 [label="1"];
  38 -> 39 [label="1"];
  38 -> 40 [label="1"];
  39 -> 1 [label="1"];
  39 -> 3 [label="1"];
  39 -> 11 [label="1"];
  39 -> 12 [label="1"];
  39 -> 17 [label="1"];
  39 -> 18 [label="1"];
  39 -> 19 [label="1"];
  39 -> 20 [label="1"];
  39 -> 24 [label="1"];
  39 -> 29 [label="1"];
  39 -> 31 [label="1"];
  39 -> 32 [label="1"];
  39 -> 33 [label="1"];
  39 -> 34 [label="1"];
  39 -> 35 [label="1"];
  39 -> 37 [label="1"];
  39 -> 38 [label="1"];
  39 -> 39 [label="1"];
  39 -> 40 [label="1"];
  40 -> 1 [label="2"];
  40 -> 3 [label="1"];
  40 -> 4 [label="3"];
  40 -> 5 [label="1"];
  40 -> 7 [label="1"];
  40 -> 8 [label="1"];
  40 -> 11 [label="2"];
  40 -> 12 [label="1"];
  40 -> 13 [label="2"];
  40 -> 14 [label="2"];
  40 -> 17 [label="2"];
  40 -> 18 [label="1"];
  40 -> 19 [label="2"];
  40 -> 21 [label="2"];
  40 -> 22 [label="1"];
  40 -> 23 [label="2"];
  40 -> 25 [label="1"];
  40 -> 26 [label="1"];
  40 -> 28 [label="1"];
  40 -> 29 [label="1"];
  40 -> 30 [label="2"];
  40 -> 31 [label="1"];
  40 -> 32 [label="3"];
  40 -> 33 [label="1"];
  40 -> 34 [label="1"];
  40 -> 35 [label="1"];
  40 -> 36 [label="2"];
  40 -> 37 [label="1"];
  40 -> 38 [label="2"];
  40 -> 39 [label="2"];
  40 -> 40 [label="1"];
}

# --- TiltingModule --- #
L := [ 3,10,16 ]
F := [ 1,2,9,11,18 ]
T := [ 2,3,5,6,8,10,15,16,20,22,24,27,28,31,33,34,37,40 ]
L := [ 3,12,16 ]
F := [ 1,2,11,18 ]
T := [ 2,3,5,6,8,9,10,12,15,16,20,22,24,25,27,28,31,33,34,37,40 ]
L := [ 3,16,27 ]
F := [ 1,2,9,11,18 ]
T := [ 2,3,5,6,8,10,15,16,20,22,24,27,28,31,33,34,37,40 ]
L := [ 3,16,28 ]
F := [ 1,2,9,11,18 ]
T := [ 2,3,5,6,8,10,15,16,20,22,24,27,28,31,33,34,37,40 ]
L := [ 10,16,27 ]
F := [ 1,2,9,11,18 ]
T := [ 2,3,5,6,8,10,15,16,20,22,24,27,28,31,33,34,37,40 ]
L := [ 1,12,16 ]
F := [ 2,11 ]
T := [ 1,2,3,5,6,8,9,10,12,15,16,17,18,20,22,24,25,27,28,31,33,34,35,37,38,40 \
]
L := [ 10,16,28 ]
F := [ 1,2,9,11,18 ]
T := [ 2,3,5,6,8,10,15,16,20,22,24,27,28,31,33,34,37,40 ]
L := [ 16,27,28 ]
F := [ 1,2,9,11,18 ]
T := [ 2,3,5,6,8,10,15,16,20,22,24,27,28,31,33,34,37,40 ]

# --- TorsionPairTable --- #
# columns: T,F
T := [ 1,3,4,5,6,7,8,9,10,11,12,13,14,15,16,17,18,19,20,21,22,23,24,25,26,27,2\
8,29,30,31,32,33,34,35,36,37,38,39,40 ] | F := 0
T := [ 1,3,5,6,8,9,10,12,15,16,17,18,20,22,24,25,27,28,31,33,34,35,37,38,40 ] \
| F := [ 11 ]
T := [ 1,3,6,9,10,12,17,18,20,27,33,35,40 ] | F := [ 8,11,23,31 ]
T := [ 1,4,6,7,9,11,18,20,23,26,29,30,32,35,36,39 ] | F := [ 10 ]
T := [ 1,6,9,11,18,20,35 ] | F := [ 7,10,16,24,29 ]
T := [ 1,6,9,18,20,35 ] | F := [ 7,8,10,11,16,23,24,29,31 ]
T := 0 | F := [ 1,3,4,5,6,7,8,9,10,11,12,13,14,15,16,17,18,19,20,21,22,23,24,2\
5,26,27,28,29,30,31,32,33,34,35,36,37,38,39,40 ]
T := [ 3,5,6,8,9,10,12,15,16,20,22,24,25,27,28,31,33,34,37,40 ] | F := [ 1,11,\
18 ]
T := [ 3,5,6,8,10,15,16,20,22,24,27,28,31,33,34,37,40 ] | F := [ 1,9,11,18 ]
T := [ 3,6,9,10,12,20,27,33,40 ] | F := [ 1,8,11,18,23,31 ]
T := [ 3,6,9,10,20,27,33,40 ] | F := [ 1,8,11,12,18,23,25,30,31 ]
T := [ 3,6,10,20,27,33,40 ] | F := [ 1,8,9,11,12,18,23,25,30,31 ]
T := [ 6,9,10,20,27 ] | F := [ 1,3,4,5,8,11,12,13,14,17,18,19,21,23,25,28,30,3\
1,32,33,34,37,38,39 ]
T := [ 6,9,20 ] | F := [ 1,3,4,5,7,8,10,11,12,13,14,16,17,18,19,21,23,24,25,28\
,29,30,31,32,33,34,37,38,39 ]
T := [ 6,10,20 ] | F := [ 1,3,4,5,8,9,11,12,13,14,15,17,18,19,21,23,25,26,27,2\
8,30,31,32,33,34,37,38,39 ]
T := [ 6,10,20,27 ] | F := [ 1,3,4,5,8,9,11,12,13,14,17,18,19,21,23,25,28,30,3\
1,32,33,34,37,38,39 ]
T := [ 6,20 ] | F := [ 1,3,4,5,7,8,9,10,11,12,13,14,15,16,17,18,19,21,23,24,25\
,26,27,28,29,30,31,32,33,34,37,38,39 ]
T := [ 7,8,10,11,16,23,24,29,31 ] | F := [ 6,20 ]
T := [ 7,11,23,29 ] | F := [ 6,10,20 ]
T := [ 8,10,16,24,31 ] | F := [ 1,6,9,11,18,20,35 ]
T := [ 10 ] | F := [ 1,3,4,5,6,8,9,11,12,13,14,15,17,18,19,20,21,22,23,25,26,2\
7,28,30,31,32,33,34,35,36,37,38,39,40 ]
T := [ 11 ] | F := [ 6,7,10,16,20,24,29 ]
TorsionPairCount := 22;

# --- CotorsionPairTable --- #
# columns: L,R,Hereditary
L := [ 1,3,4,5,6,7,8,9,10,11,12,13,14,15,16,17,18,19,20,21,22,23,24,25,26,27,2\
8,29,30,31,32,33,34,35,36,37,38,39,40 ] | R := [ 6,15,16 ] | Hereditary := tru\
e
L := [ 1,3,4,5,6,7,8,9,10,11,12,13,14,15,16,17,19,21,22,23,24,25,26,27,28,29,3\
0,31,32,34,35,36,38,40 ] | R := [ 6,15,16,20 ] | Hereditary := true
L := [ 1,3,4,5,6,7,8,9,10,12,13,14,15,16,17,18,19,20,21,22,23,25,26,27,28,30,3\
2,33,34,35,36,37,38,39,40 ] | R := [ 6,15,16,27 ] | Hereditary := false
L := [ 1,3,4,5,6,7,8,9,10,12,13,14,15,16,17,19,21,22,23,25,26,27,28,30,32,34,3\
5,36,38,40 ] | R := [ 6,15,16,20,27 ] | Hereditary := false
L := [ 1,3,4,5,6,7,8,9,11,12,13,14,15,16,17,18,19,20,21,22,23,25,26,27,28,30,3\
1,32,33,34,35,36,37,38,39,40 ] | R := [ 6,9,15,16 ] | Hereditary := false
L := [ 1,3,4,5,6,7,8,9,11,12,13,14,15,16,17,19,21,22,23,25,26,27,28,30,31,32,3\
4,35,36,38,40 ] | R := [ 6,9,15,16,20 ] | Hereditary := false
L := [ 1,3,4,5,6,7,8,9,12,13,14,15,16,17,18,19,20,21,22,23,25,26,27,28,30,32,3\
3,34,35,36,37,38,39,40 ] | R := [ 6,9,15,16,27 ] | Hereditary := false
L := [ 1,3,4,5,6,7,8,9,12,13,14,15,16,17,19,21,22,23,25,26,27,28,30,32,34,35,3\
6,38,40 ] | R := [ 6,9,15,16,20,27 ] | Hereditary := false
L := [ 1,3,4,5,6,7,9,10,12,13,14,15,16,17,18,19,20,21,22,24,25,26,27,28,29,30,\
32,33,34,35,36,37,38,39,40 ] | R := [ 6,10,15,16 ] | Hereditary := false
L := [ 1,3,4,5,6,7,9,10,12,13,14,15,16,17,18,19,20,21,22,25,26,27,28,30,32,33,\
34,35,36,37,38,39,40 ] | R := [ 6,10,15,16,27 ] | Hereditary := false
L := [ 1,3,4,5,6,7,9,10,12,13,14,15,16,17,19,21,22,24,25,26,27,28,29,30,32,34,\
35,36,38,40 ] | R := [ 6,10,15,16,20 ] | Hereditary := false
L := [ 1,3,4,5,6,7,9,10,12,13,14,15,16,17,19,21,22,25,26,27,28,30,32,34,35,36,\
38,40 ] | R := [ 6,10,15,16,20,27 ] | Hereditary := false
L := [ 1,3,4,5,6,7,9,12,13,14,15,16,17,18,19,20,21,22,25,26,27,28,30,32,33,34,\
35,36,37,38,39,40 ] | R := [ 6,9,10,15,16,27 ] | Hereditary := false
L := [ 1,3,4,5,6,7,9,12,13,14,15,16,17,19,21,22,25,26,27,28,30,32,34,35,36,38,\
40 ] | R := [ 6,9,10,15,16,20,27 ] | Hereditary := false
L := [ 1,3,4,5,7,8,9,10,11,12,13,14,15,16,17,18,19,21,23,24,25,26,27,28,29,30,\
31,32,33,34,37,38,39 ] | R := [ 5,6,15,16,22 ] | Hereditary := true
L := [ 1,3,4,5,7,8,9,10,11,12,13,14,15,16,17,19,21,23,24,25,26,27,28,29,30,31,\
32,34,38 ] | R := [ 5,6,15,16,20,22,37 ] | Hereditary := true
L := [ 1,3,4,5,7,8,9,10,12,13,14,15,16,17,18,19,21,23,25,26,27,28,30,32,33,34,\
37,38,39 ] | R := [ 5,6,15,16,22,27 ] | Hereditary := false
L := [ 1,3,4,5,7,8,9,10,12,13,14,15,16,17,19,21,23,25,26,27,28,30,32,34,38 ] |\
 R := [ 5,6,15,16,20,22,27,37 ] | Hereditary := false
L := [ 1,3,4,5,7,8,9,10,12,13,14,16,17,18,19,21,23,25,27,28,30,32,33,34,37,38,\
39 ] | R := [ 5,6,15,16,22,27,28 ] | Hereditary := false
L := [ 1,3,4,5,7,8,9,10,12,13,14,16,17,19,21,23,25,27,28,30,32,34,38 ] | R := \
[ 5,6,15,16,20,22,27,28,37 ] | Hereditary := false
L := [ 1,3,4,5,7,8,9,11,12,13,14,15,16,17,18,19,21,23,25,26,27,28,30,31,32,33,\
34,37,38,39 ] | R := [ 5,6,9,15,16,22 ] | Hereditary := false
L := [ 1,3,4,5,7,8,9,11,12,13,14,15,16,17,19,21,23,25,26,27,28,30,31,32,34,38 \
] | R := [ 5,6,9,15,16,20,22,37 ] | Hereditary := false
L := [ 1,3,4,5,7,8,9,11,12,13,14,16,17,18,19,21,23,25,28,30,31,32,33,34,37,38,\
39 ] | R := [ 5,6,9,15,16,22,25 ] | Hereditary := false
L := [ 1,3,4,5,7,8,9,11,12,13,14,16,17,19,21,23,25,28,30,31,32,34,38 ] | R := \
[ 5,6,9,15,16,20,22,25,37 ] | Hereditary := false
L := [ 1,3,4,5,7,8,9,12,13,14,15,16,17,18,19,21,23,25,26,27,28,30,32,33,34,37,\
38,39 ] | R := [ 5,6,9,15,16,22,27 ] | Hereditary := false
L := [ 1,3,4,5,7,8,9,12,13,14,15,16,17,19,21,23,25,26,27,28,30,32,34,38 ] | R \
:= [ 5,6,9,15,16,20,22,27,37 ] | Hereditary := false
L := [ 1,3,4,5,7,8,9,12,13,14,16,17,18,19,21,23,25,27,28,30,32,33,34,37,38,39 \
] | R := [ 5,6,9,15,16,22,27,28 ] | Hereditary := false
L := [ 1,3,4,5,7,8,9,12,13,14,16,17,18,19,21,23,25,28,30,32,33,34,37,38,39 ] |\
 R := [ 5,6,9,15,16,22,25,27,28 ] | Hereditary := false
L := [ 1,3,4,5,7,8,9,12,13,14,16,17,19,21,23,25,27,28,30,32,34,38 ] | R := [ 5\
,6,9,15,16,20,22,27,28,37 ] | Hereditary := false
L := [ 1,3,4,5,7,8,9,12,13,14,16,17,19,21,23,25,28,30,32,34,38 ] | R := [ 5,6,\
9,15,16,20,22,25,27,28,37 ] | Hereditary := false
L := [ 1,3,4,5,7,8,10,11,12,13,14,16,17,18,19,21,23,24,25,28,29,30,31,32,33,34\
,37,38,39 ] | R := [ 5,6,8,15,16,22 ] | Hereditary := true
L := [ 1,3,4,5,7,8,10,11,12,13,14,16,17,19,21,23,24,25,28,29,30,31,32,34,38 ] \
| R := [ 5,6,8,15,16,20,22,37 ] | Hereditary := true
L := [ 1,3,4,5,7,8,10,12,13,14,16,17,18,19,21,23,25,28,30,32,33,34,37,38,39 ] \
| R := [ 5,6,8,15,16,22,27,28 ] | Hereditary := false
L := [ 1,3,4,5,7,8,10,12,13,14,16,17,19,21,23,25,28,30,32,34,38 ] | R := [ 5,6\
,8,15,16,20,22,27,28,37 ] | Hereditary := false
L := [ 1,3,4,5,7,8,11,12,13,14,16,17,18,19,21,23,25,28,30,31,32,33,34,37,38,39\
 ] | R := [ 5,6,8,9,15,16,22,25 ] | Hereditary := false
L := [ 1,3,4,5,7,8,11,12,13,14,16,17,19,21,23,25,28,30,31,32,34,38 ] | R := [ \
5,6,8,9,15,16,20,22,25,37 ] | Hereditary := false
L := [ 1,3,4,5,7,8,12,13,14,16,17,18,19,21,23,25,28,30,32,33,34,37,38,39 ] | R\
 := [ 5,6,8,9,15,16,22,25,27,28 ] | Hereditary := false
L := [ 1,3,4,5,7,8,12,13,14,16,17,19,21,23,25,28,30,32,34,38 ] | R := [ 5,6,8,\
9,15,16,20,22,25,27,28,37 ] | Hereditary := false
L := [ 1,3,4,5,7,9,10,12,13,14,15,16,17,18,19,21,24,25,26,27,28,29,30,32,33,34\
,37,38,39 ] | R := [ 5,6,10,15,16,22 ] | Hereditary := false
L := [ 1,3,4,5,7,9,10,12,13,14,15,16,17,18,19,21,25,26,27,28,30,32,33,34,37,38\
,39 ] | R := [ 5,6,10,15,16,22,27 ] | Hereditary := false
L := [ 1,3,4,5,7,9,10,12,13,14,15,16,17,19,21,24,25,26,27,28,29,30,32,34,38 ] \
| R := [ 5,6,10,15,16,20,22,37 ] | Hereditary := false
L := [ 1,3,4,5,7,9,10,12,13,14,15,16,17,19,21,25,26,27,28,30,32,34,38 ] | R :=\
 [ 5,6,10,15,16,20,22,27,37 ] | Hereditary := false
L := [ 1,3,4,5,7,9,10,12,13,14,16,17,18,19,21,25,27,28,30,32,33,34,37,38,39 ] \
| R := [ 5,6,10,15,16,22,27,28 ] | Hereditary := false
L := [ 1,3,4,5,7,9,10,12,13,14,16,17,19,21,25,27,28,30,32,34,38 ] | R := [ 5,6\
,10,15,16,20,22,27,28,37 ] | Hereditary := false
L := [ 1,3,4,5,7,9,12,13,14,15,16,17,18,19,21,25,26,27,28,30,32,33,34,37,38,39\
 ] | R := [ 5,6,9,10,15,16,22,27 ] | Hereditary := false
L := [ 1,3,4,5,7,9,12,13,14,15,16,17,19,21,25,26,27,28,30,32,34,38 ] | R := [ \
5,6,9,10,15,16,20,22,27,37 ] | Hereditary := false
L := [ 1,3,4,5,7,9,12,13,14,16,17,18,19,21,25,27,28,30,32,33,34,37,38,39 ] | R\
 := [ 5,6,9,10,15,16,22,27,28 ] | Hereditary := false
L := [ 1,3,4,5,7,9,12,13,14,16,17,18,19,21,25,28,30,32,33,34,37,38,39 ] | R :=\
 [ 5,6,9,10,15,16,22,25,27,28 ] | Hereditary := false
L := [ 1,3,4,5,7,9,12,13,14,16,17,19,21,25,27,28,30,32,34,38 ] | R := [ 5,6,9,\
10,15,16,20,22,27,28,37 ] | Hereditary := false
L := [ 1,3,4,5,7,9,12,13,14,16,17,19,21,25,28,30,32,34,38 ] | R := [ 5,6,9,10,\
15,16,20,22,25,27,28,37 ] | Hereditary := false
L := [ 1,3,4,5,7,10,12,13,14,16,17,18,19,21,24,25,28,29,30,32,33,34,37,38,39 ]\
 | R := [ 5,6,8,10,15,16,22 ] | Hereditary := true
L := [ 1,3,4,5,7,10,12,13,14,16,17,18,19,21,25,28,30,32,33,34,37,38,39 ] | R :\
= [ 5,6,8,10,15,16,22,27,28 ] | Hereditary := false
L := [ 1,3,4,5,7,10,12,13,14,16,17,19,21,24,25,28,29,30,32,34,38 ] | R := [ 5,\
6,8,10,15,16,20,22,37 ] | Hereditary := true
L := [ 1,3,4,5,7,10,12,13,14,16,17,19,21,25,28,30,32,34,38 ] | R := [ 5,6,8,10\
,15,16,20,22,27,28,37 ] | Hereditary := false
L := [ 1,3,4,5,7,12,13,14,16,17,18,19,21,25,28,30,32,33,34,37,38,39 ] | R := [\
 5,6,8,9,10,15,16,22,25,27,28 ] | Hereditary := false
L := [ 1,3,4,5,7,12,13,14,16,17,19,21,25,28,30,32,34,38 ] | R := [ 5,6,8,9,10,\
15,16,20,22,25,27,28,37 ] | Hereditary := false
L := [ 1,3,6,7,9,10,12,16,17,18,20,27,33,35,40 ] | R := [ 6,10,15,16,24,27 ] |\
 Hereditary := false
L := [ 1,3,6,7,9,10,12,16,17,27,35,40 ] | R := [ 6,10,15,16,20,24,27 ] | Hered\
itary := false
L := [ 1,3,6,7,9,12,16,17,18,20,27,33,35,40 ] | R := [ 6,9,10,15,16,24,27 ] | \
Hereditary := false
L := [ 1,3,6,7,9,12,16,17,27,35,40 ] | R := [ 6,9,10,15,16,20,24,27 ] | Heredi\
tary := false
L := [ 1,3,7,8,9,10,12,13,16,17,18,23,25,27,28,30,33 ] | R := [ 3,5,6,15,16,22\
,27,28,34,40 ] | Hereditary := false
L := [ 1,3,7,8,9,10,12,13,16,17,23,25,27,28,30 ] | R := [ 3,5,6,15,16,20,22,27\
,28,33,34,37,40 ] | Hereditary := false
L := [ 1,3,7,8,9,12,13,16,17,18,23,25,27,28,30,33 ] | R := [ 3,5,6,9,15,16,22,\
27,28,34,40 ] | Hereditary := false
L := [ 1,3,7,8,9,12,13,16,17,18,23,25,28,30,33 ] | R := [ 3,5,6,9,15,16,22,25,\
27,28,34,40 ] | Hereditary := false
L := [ 1,3,7,8,9,12,13,16,17,23,25,27,28,30 ] | R := [ 3,5,6,9,15,16,20,22,27,\
28,33,34,37,40 ] | Hereditary := false
L := [ 1,3,7,8,9,12,13,16,17,23,25,28,30 ] | R := [ 3,5,6,9,15,16,20,22,25,27,\
28,33,34,37,40 ] | Hereditary := false
L := [ 1,3,7,8,9,12,16,17,18,23,25,30,33 ] | R := [ 3,5,6,9,12,15,16,22,25,27,\
28,34,40 ] | Hereditary := false
L := [ 1,3,7,8,9,12,16,17,23,25,30 ] | R := [ 3,5,6,9,12,15,16,20,22,25,27,28,\
33,34,37,40 ] | Hereditary := false
L := [ 1,3,7,8,10,12,13,16,17,18,23,25,28,30,33 ] | R := [ 3,5,6,8,15,16,22,27\
,28,34,40 ] | Hereditary := false
L := [ 1,3,7,8,10,12,13,16,17,23,25,28,30 ] | R := [ 3,5,6,8,15,16,20,22,27,28\
,33,34,37,40 ] | Hereditary := false
L := [ 1,3,7,8,10,12,16,17,18,23,33 ] | R := [ 3,5,6,8,15,16,22,27,28,31,34,40\
 ] | Hereditary := true
L := [ 1,3,7,8,10,12,16,17,23 ] | R := [ 3,5,6,8,15,16,20,22,27,28,31,33,34,37\
,40 ] | Hereditary := true
L := [ 1,3,7,8,12,13,16,17,18,23,25,28,30,33 ] | R := [ 3,5,6,8,9,15,16,22,25,\
27,28,34,40 ] | Hereditary := false
L := [ 1,3,7,8,12,13,16,17,23,25,28,30 ] | R := [ 3,5,6,8,9,15,16,20,22,25,27,\
28,33,34,37,40 ] | Hereditary := false
L := [ 1,3,7,8,12,16,17,18,23,25,30,33 ] | R := [ 3,5,6,8,9,12,15,16,22,25,27,\
28,34,40 ] | Hereditary := false
L := [ 1,3,7,8,12,16,17,18,23,33 ] | R := [ 3,5,6,8,9,12,15,16,22,25,27,28,31,\
34,40 ] | Hereditary := false
L := [ 1,3,7,8,12,16,17,23 ] | R := [ 3,5,6,8,9,12,15,16,20,22,25,27,28,31,33,\
34,37,40 ] | Hereditary := false
L := [ 1,3,7,8,12,16,17,23,25,30 ] | R := [ 3,5,6,8,9,12,15,16,20,22,25,27,28,\
33,34,37,40 ] | Hereditary := false
L := [ 1,3,7,9,10,12,13,16,17,18,25,27,28,30,33 ] | R := [ 3,5,6,10,15,16,22,2\
7,28,34,40 ] | Hereditary := false
L := [ 1,3,7,9,10,12,13,16,17,25,27,28,30 ] | R := [ 3,5,6,10,15,16,20,22,27,2\
8,33,34,37,40 ] | Hereditary := false
L := [ 1,3,7,9,10,12,16,17,18,27,33 ] | R := [ 3,5,6,10,15,16,22,24,27,28,34,4\
0 ] | Hereditary := false
L := [ 1,3,7,9,10,12,16,17,27 ] | R := [ 3,5,6,10,15,16,20,22,24,27,28,33,34,3\
7,40 ] | Hereditary := false
L := [ 1,3,7,9,12,13,16,17,18,25,27,28,30,33 ] | R := [ 3,5,6,9,10,15,16,22,27\
,28,34,40 ] | Hereditary := false
L := [ 1,3,7,9,12,13,16,17,18,25,28,30,33 ] | R := [ 3,5,6,9,10,15,16,22,25,27\
,28,34,40 ] | Hereditary := false
L := [ 1,3,7,9,12,13,16,17,25,27,28,30 ] | R := [ 3,5,6,9,10,15,16,20,22,27,28\
,33,34,37,40 ] | Hereditary := false
L := [ 1,3,7,9,12,13,16,17,25,28,30 ] | R := [ 3,5,6,9,10,15,16,20,22,25,27,28\
,33,34,37,40 ] | Hereditary := false
L := [ 1,3,7,9,12,16,17 ] | R := [ 3,5,6,9,10,12,15,16,20,22,24,25,27,28,33,34\
,37,40 ] | Hereditary := false
L := [ 1,3,7,9,12,16,17,18,25,30,33 ] | R := [ 3,5,6,9,10,12,15,16,22,25,27,28\
,34,40 ] | Hereditary := false
L := [ 1,3,7,9,12,16,17,18,27,33 ] | R := [ 3,5,6,9,10,15,16,22,24,27,28,34,40\
 ] | Hereditary := false
L := [ 1,3,7,9,12,16,17,18,33 ] | R := [ 3,5,6,9,10,12,15,16,22,24,25,27,28,34\
,40 ] | Hereditary := false
L := [ 1,3,7,9,12,16,17,25,30 ] | R := [ 3,5,6,9,10,12,15,16,20,22,25,27,28,33\
,34,37,40 ] | Hereditary := false
L := [ 1,3,7,9,12,16,17,27 ] | R := [ 3,5,6,9,10,15,16,20,22,24,27,28,33,34,37\
,40 ] | Hereditary := false
L := [ 1,3,7,10,12,13,16,17,18,25,28,30,33 ] | R := [ 3,5,6,8,10,15,16,22,27,2\
8,34,40 ] | Hereditary := false
L := [ 1,3,7,10,12,13,16,17,25,28,30 ] | R := [ 3,5,6,8,10,15,16,20,22,27,28,3\
3,34,37,40 ] | Hereditary := false
L := [ 1,3,7,10,12,16,17 ] | R := [ 3,5,6,8,10,15,16,20,22,24,27,28,31,33,34,3\
7,40 ] | Hereditary := true
L := [ 1,3,7,10,12,16,17,18,33 ] | R := [ 3,5,6,8,10,15,16,22,24,27,28,31,34,4\
0 ] | Hereditary := true
L := [ 1,3,7,12,13,16,17,18,25,28,30,33 ] | R := [ 3,5,6,8,9,10,15,16,22,25,27\
,28,34,40 ] | Hereditary := false
L := [ 1,3,7,12,13,16,17,25,28,30 ] | R := [ 3,5,6,8,9,10,15,16,20,22,25,27,28\
,33,34,37,40 ] | Hereditary := false
L := [ 1,3,7,12,16,17 ] | R := [ 3,5,6,8,9,10,12,15,16,20,22,24,25,27,28,31,33\
,34,37,40 ] | Hereditary := true
L := [ 1,3,7,12,16,17,18,25,30,33 ] | R := [ 3,5,6,8,9,10,12,15,16,22,25,27,28\
,34,40 ] | Hereditary := false
L := [ 1,3,7,12,16,17,18,33 ] | R := [ 3,5,6,8,9,10,12,15,16,22,24,25,27,28,31\
,34,40 ] | Hereditary := true
L := [ 1,3,7,12,16,17,25,30 ] | R := [ 3,5,6,8,9,10,12,15,16,20,22,25,27,28,33\
,34,37,40 ] | Hereditary := false
L := [ 1,4,5,6,7,8,9,11,14,15,16,18,20,21,22,23,25,26,29,30,32,35,36,37,38,39 \
] | R := [ 6,15,16,26 ] | Hereditary := false
L := [ 1,4,5,6,7,8,9,11,14,15,16,18,20,21,22,23,25,26,30,32,35,36,37,38,39 ] |\
 R := [ 6,9,15,16,26 ] | Hereditary := false
L := [ 1,4,5,6,7,8,9,11,14,15,16,21,22,23,25,26,29,30,32,35,36,38 ] | R := [ 6\
,15,16,20,26 ] | Hereditary := false
L := [ 1,4,5,6,7,8,9,11,14,15,16,21,22,23,25,26,30,32,35,36,38 ] | R := [ 6,9,\
15,16,20,26 ] | Hereditary := false
L := [ 1,4,5,6,7,8,9,14,15,16,18,20,21,22,23,25,26,30,32,35,36,37,38,39 ] | R \
:= [ 6,9,15,16,26,27 ] | Hereditary := false
L := [ 1,4,5,6,7,8,9,14,15,16,21,22,23,25,26,30,32,35,36,38 ] | R := [ 6,9,15,\
16,20,26,27 ] | Hereditary := false
L := [ 1,4,5,6,7,9,14,15,16,18,20,21,22,25,26,29,30,32,35,36,37,38,39 ] | R :=\
 [ 6,10,15,16,26 ] | Hereditary := false
L := [ 1,4,5,6,7,9,14,15,16,18,20,21,22,25,26,30,32,35,36,37,38,39 ] | R := [ \
6,9,10,15,16,26,27 ] | Hereditary := false
L := [ 1,4,5,6,7,9,14,15,16,21,22,25,26,29,30,32,35,36,38 ] | R := [ 6,10,15,1\
6,20,26 ] | Hereditary := false
L := [ 1,4,5,6,7,9,14,15,16,21,22,25,26,30,32,35,36,38 ] | R := [ 6,9,10,15,16\
,20,26,27 ] | Hereditary := false
L := [ 1,4,5,7,8,9,11,14,15,16,18,21,23,25,26,29,30,32,37,38,39 ] | R := [ 5,6\
,15,16,22,26 ] | Hereditary := false
L := [ 1,4,5,7,8,9,11,14,15,16,18,21,23,25,26,30,32,37,38,39 ] | R := [ 5,6,9,\
15,16,22,26 ] | Hereditary := false
L := [ 1,4,5,7,8,9,11,14,15,16,21,23,25,26,29,30,32,38 ] | R := [ 5,6,15,16,20\
,22,26,37 ] | Hereditary := false
L := [ 1,4,5,7,8,9,11,14,15,16,21,23,25,26,30,32,38 ] | R := [ 5,6,9,15,16,20,\
22,26,37 ] | Hereditary := false
L := [ 1,4,5,7,8,9,11,14,16,18,21,23,25,26,29,30,32,37,38,39 ] | R := [ 5,6,14\
,15,16,22,26 ] | Hereditary := false
L := [ 1,4,5,7,8,9,11,14,16,18,21,23,25,26,30,32,37,38,39 ] | R := [ 5,6,9,14,\
15,16,22,26 ] | Hereditary := false
L := [ 1,4,5,7,8,9,11,14,16,18,21,23,25,30,32,37,38,39 ] | R := [ 5,6,9,14,15,\
16,22,25,26 ] | Hereditary := false
L := [ 1,4,5,7,8,9,11,14,16,21,23,25,26,29,30,32,38 ] | R := [ 5,6,14,15,16,20\
,22,26,37 ] | Hereditary := false
L := [ 1,4,5,7,8,9,11,14,16,21,23,25,26,30,32,38 ] | R := [ 5,6,9,14,15,16,20,\
22,26,37 ] | Hereditary := false
L := [ 1,4,5,7,8,9,11,14,16,21,23,25,30,32,38 ] | R := [ 5,6,9,14,15,16,20,22,\
25,26,37 ] | Hereditary := false
L := [ 1,4,5,7,8,9,14,15,16,18,21,23,25,26,30,32,37,38,39 ] | R := [ 5,6,9,15,\
16,22,26,27 ] | Hereditary := false
L := [ 1,4,5,7,8,9,14,15,16,21,23,25,26,30,32,38 ] | R := [ 5,6,9,15,16,20,22,\
26,27,37 ] | Hereditary := false
L := [ 1,4,5,7,8,9,14,16,18,21,23,25,26,30,32,37,38,39 ] | R := [ 5,6,9,14,15,\
16,22,26,27 ] | Hereditary := false
L := [ 1,4,5,7,8,9,14,16,18,21,23,25,30,32,37,38,39 ] | R := [ 5,6,9,14,15,16,\
22,25,26,27,28 ] | Hereditary := false
L := [ 1,4,5,7,8,9,14,16,21,23,25,26,30,32,38 ] | R := [ 5,6,9,14,15,16,20,22,\
26,27,37 ] | Hereditary := false
L := [ 1,4,5,7,8,9,14,16,21,23,25,30,32,38 ] | R := [ 5,6,9,14,15,16,20,22,25,\
26,27,28,37 ] | Hereditary := false
L := [ 1,4,5,7,8,11,14,16,18,21,23,25,29,30,32,37,38,39 ] | R := [ 5,6,8,14,15\
,16,22,26 ] | Hereditary := false
L := [ 1,4,5,7,8,11,14,16,18,21,23,25,30,32,37,38,39 ] | R := [ 5,6,8,9,14,15,\
16,22,25,26 ] | Hereditary := false
L := [ 1,4,5,7,8,11,14,16,21,23,25,29,30,32,38 ] | R := [ 5,6,8,14,15,16,20,22\
,26,37 ] | Hereditary := false
L := [ 1,4,5,7,8,11,14,16,21,23,25,30,32,38 ] | R := [ 5,6,8,9,14,15,16,20,22,\
25,26,37 ] | Hereditary := false
L := [ 1,4,5,7,8,14,16,18,21,23,25,30,32,37,38,39 ] | R := [ 5,6,8,9,14,15,16,\
22,25,26,27,28 ] | Hereditary := false
L := [ 1,4,5,7,8,14,16,21,23,25,30,32,38 ] | R := [ 5,6,8,9,14,15,16,20,22,25,\
26,27,28,37 ] | Hereditary := false
L := [ 1,4,5,7,9,14,15,16,18,21,25,26,29,30,32,37,38,39 ] | R := [ 5,6,10,15,1\
6,22,26 ] | Hereditary := false
L := [ 1,4,5,7,9,14,15,16,18,21,25,26,30,32,37,38,39 ] | R := [ 5,6,9,10,15,16\
,22,26,27 ] | Hereditary := false
L := [ 1,4,5,7,9,14,15,16,21,25,26,29,30,32,38 ] | R := [ 5,6,10,15,16,20,22,2\
6,37 ] | Hereditary := false
L := [ 1,4,5,7,9,14,15,16,21,25,26,30,32,38 ] | R := [ 5,6,9,10,15,16,20,22,26\
,27,37 ] | Hereditary := false
L := [ 1,4,5,7,9,14,16,18,21,25,26,29,30,32,37,38,39 ] | R := [ 5,6,10,14,15,1\
6,22,26 ] | Hereditary := false
L := [ 1,4,5,7,9,14,16,18,21,25,26,30,32,37,38,39 ] | R := [ 5,6,9,10,14,15,16\
,22,26,27 ] | Hereditary := false
L := [ 1,4,5,7,9,14,16,18,21,25,30,32,37,38,39 ] | R := [ 5,6,9,10,14,15,16,22\
,25,26,27,28 ] | Hereditary := false
L := [ 1,4,5,7,9,14,16,21,25,26,29,30,32,38 ] | R := [ 5,6,10,14,15,16,20,22,2\
6,37 ] | Hereditary := false
L := [ 1,4,5,7,9,14,16,21,25,26,30,32,38 ] | R := [ 5,6,9,10,14,15,16,20,22,26\
,27,37 ] | Hereditary := false
L := [ 1,4,5,7,9,14,16,21,25,30,32,38 ] | R := [ 5,6,9,10,14,15,16,20,22,25,26\
,27,28,37 ] | Hereditary := false
L := [ 1,4,5,7,14,16,18,21,25,29,30,32,37,38,39 ] | R := [ 5,6,8,10,14,15,16,2\
2,26 ] | Hereditary := true
L := [ 1,4,5,7,14,16,18,21,25,30,32,37,38,39 ] | R := [ 5,6,8,9,10,14,15,16,22\
,25,26,27,28 ] | Hereditary := false
L := [ 1,4,5,7,14,16,21,25,29,30,32,38 ] | R := [ 5,6,8,10,14,15,16,20,22,26,3\
7 ] | Hereditary := true
L := [ 1,4,5,7,14,16,21,25,30,32,38 ] | R := [ 5,6,8,9,10,14,15,16,20,22,25,26\
,27,28,37 ] | Hereditary := false
L := [ 1,4,6,7,9,11,16,18,20,23,26,29,30,32,35,36,39 ] | R := [ 6,7,15,16,26 ]\
 | Hereditary := false
L := [ 1,4,6,7,9,11,16,18,20,23,26,30,32,35,36,39 ] | R := [ 6,7,9,15,16,26 ] \
| Hereditary := false
L := [ 1,4,6,7,9,11,16,23,26,29,30,32,35,36 ] | R := [ 6,7,15,16,20,26 ] | Her\
editary := false
L := [ 1,4,6,7,9,11,16,23,26,30,32,35,36 ] | R := [ 6,7,9,15,16,20,26 ] | Here\
ditary := false
L := [ 1,4,6,7,9,16,18,20,23,26,30,32,35,36,39 ] | R := [ 6,7,9,15,16,26,27 ] \
| Hereditary := false
L := [ 1,4,6,7,9,16,18,20,26,29,30,32,35,36,39 ] | R := [ 6,7,10,15,16,26 ] | \
Hereditary := false
L := [ 1,4,6,7,9,16,18,20,26,30,32,35,36,39 ] | R := [ 6,7,9,10,15,16,26,27 ] \
| Hereditary := false
L := [ 1,4,6,7,9,16,23,26,30,32,35,36 ] | R := [ 6,7,9,15,16,20,26,27 ] | Here\
ditary := false
L := [ 1,4,6,7,9,16,26,29,30,32,35,36 ] | R := [ 6,7,10,15,16,20,26 ] | Heredi\
tary := false
L := [ 1,4,6,7,9,16,26,30,32,35,36 ] | R := [ 6,7,9,10,15,16,20,26,27 ] | Here\
ditary := false
L := [ 1,4,7,8,9,11,14,16,18,23,25,26,29,30,32,39 ] | R := [ 4,5,6,14,15,16,21\
,22,26,36 ] | Hereditary := false
L := [ 1,4,7,8,9,11,14,16,18,23,25,26,30,32,39 ] | R := [ 4,5,6,9,14,15,16,21,\
22,26,36 ] | Hereditary := false
L := [ 1,4,7,8,9,11,14,16,18,23,25,30,32,39 ] | R := [ 4,5,6,9,14,15,16,21,22,\
25,26,36 ] | Hereditary := false
L := [ 1,4,7,8,9,11,14,16,23,25,26,29,30,32 ] | R := [ 4,5,6,14,15,16,20,21,22\
,26,36,37,39 ] | Hereditary := false
L := [ 1,4,7,8,9,11,14,16,23,25,26,30,32 ] | R := [ 4,5,6,9,14,15,16,20,21,22,\
26,36,37,39 ] | Hereditary := false
L := [ 1,4,7,8,9,11,14,16,23,25,30,32 ] | R := [ 4,5,6,9,14,15,16,20,21,22,25,\
26,36,37,39 ] | Hereditary := false
L := [ 1,4,7,8,9,11,16,18,23,25,30,32,39 ] | R := [ 4,5,6,9,14,15,16,21,22,25,\
26,30,36 ] | Hereditary := false
L := [ 1,4,7,8,9,11,16,23,25,30,32 ] | R := [ 4,5,6,9,14,15,16,20,21,22,25,26,\
30,36,37,39 ] | Hereditary := false
L := [ 1,4,7,8,9,14,16,18,23,25,26,30,32,39 ] | R := [ 4,5,6,9,14,15,16,21,22,\
26,27,36 ] | Hereditary := false
L := [ 1,4,7,8,9,14,16,18,23,25,30,32,39 ] | R := [ 4,5,6,9,14,15,16,21,22,25,\
26,27,28,36 ] | Hereditary := false
L := [ 1,4,7,8,9,14,16,23,25,26,30,32 ] | R := [ 4,5,6,9,14,15,16,20,21,22,26,\
27,36,37,39 ] | Hereditary := false
L := [ 1,4,7,8,9,14,16,23,25,30,32 ] | R := [ 4,5,6,9,14,15,16,20,21,22,25,26,\
27,28,36,37,39 ] | Hereditary := false
L := [ 1,4,7,8,9,16,18,23,25,30,32,39 ] | R := [ 4,5,6,9,13,14,15,16,21,22,25,\
26,27,28,30,36 ] | Hereditary := false
L := [ 1,4,7,8,9,16,23,25,30,32 ] | R := [ 4,5,6,9,13,14,15,16,20,21,22,25,26,\
27,28,30,36,37,39 ] | Hereditary := false
L := [ 1,4,7,8,11,14,16,18,23,25,29,30,32,39 ] | R := [ 4,5,6,8,14,15,16,21,22\
,26,36 ] | Hereditary := false
L := [ 1,4,7,8,11,14,16,18,23,25,30,32,39 ] | R := [ 4,5,6,8,9,14,15,16,21,22,\
25,26,36 ] | Hereditary := false
L := [ 1,4,7,8,11,14,16,23,25,29,30,32 ] | R := [ 4,5,6,8,14,15,16,20,21,22,26\
,36,37,39 ] | Hereditary := false
L := [ 1,4,7,8,11,14,16,23,25,30,32 ] | R := [ 4,5,6,8,9,14,15,16,20,21,22,25,\
26,36,37,39 ] | Hereditary := false
L := [ 1,4,7,8,11,16,18,23,25,30,32,39 ] | R := [ 4,5,6,8,9,14,15,16,21,22,25,\
26,30,36 ] | Hereditary := false
L := [ 1,4,7,8,11,16,18,23,29,30,32,39 ] | R := [ 4,5,6,8,14,15,16,21,22,23,26\
,36 ] | Hereditary := false
L := [ 1,4,7,8,11,16,18,23,30,32,39 ] | R := [ 4,5,6,8,9,14,15,16,21,22,23,25,\
26,30,36 ] | Hereditary := false
L := [ 1,4,7,8,11,16,23,25,30,32 ] | R := [ 4,5,6,8,9,14,15,16,20,21,22,25,26,\
30,36,37,39 ] | Hereditary := false
L := [ 1,4,7,8,11,16,23,29,30,32 ] | R := [ 4,5,6,8,14,15,16,20,21,22,23,26,36\
,37,39 ] | Hereditary := false
L := [ 1,4,7,8,11,16,23,30,32 ] | R := [ 4,5,6,8,9,14,15,16,20,21,22,23,25,26,\
30,36,37,39 ] | Hereditary := false
L := [ 1,4,7,8,14,16,18,23,25,30,32,39 ] | R := [ 4,5,6,8,9,14,15,16,21,22,25,\
26,27,28,36 ] | Hereditary := false
L := [ 1,4,7,8,14,16,23,25,30,32 ] | R := [ 4,5,6,8,9,14,15,16,20,21,22,25,26,\
27,28,36,37,39 ] | Hereditary := false
L := [ 1,4,7,8,16,18,23,25,30,32,39 ] | R := [ 4,5,6,8,9,13,14,15,16,21,22,25,\
26,27,28,30,36 ] | Hereditary := false
L := [ 1,4,7,8,16,18,23,30,32,39 ] | R := [ 4,5,6,8,9,13,14,15,16,21,22,23,25,\
26,27,28,30,36 ] | Hereditary := false
L := [ 1,4,7,8,16,23,25,30,32 ] | R := [ 4,5,6,8,9,13,14,15,16,20,21,22,25,26,\
27,28,30,36,37,39 ] | Hereditary := false
L := [ 1,4,7,8,16,23,30,32 ] | R := [ 4,5,6,8,9,13,14,15,16,20,21,22,23,25,26,\
27,28,30,36,37,39 ] | Hereditary := false
L := [ 1,4,7,9,11,16,18,23,26,29,30,32,39 ] | R := [ 4,5,6,7,14,15,16,21,22,26\
,36 ] | Hereditary := false
L := [ 1,4,7,9,11,16,18,23,26,30,32,39 ] | R := [ 4,5,6,7,9,14,15,16,21,22,26,\
36 ] | Hereditary := false
L := [ 1,4,7,9,11,16,18,23,30,32,39 ] | R := [ 4,5,6,7,9,14,15,16,21,22,25,26,\
30,36 ] | Hereditary := false
L := [ 1,4,7,9,11,16,23,26,29,30,32 ] | R := [ 4,5,6,7,14,15,16,20,21,22,26,36\
,37,39 ] | Hereditary := false
L := [ 1,4,7,9,11,16,23,26,30,32 ] | R := [ 4,5,6,7,9,14,15,16,20,21,22,26,36,\
37,39 ] | Hereditary := false
L := [ 1,4,7,9,11,16,23,30,32 ] | R := [ 4,5,6,7,9,14,15,16,20,21,22,25,26,30,\
36,37,39 ] | Hereditary := false
L := [ 1,4,7,9,14,16,18,25,26,29,30,32,39 ] | R := [ 4,5,6,10,14,15,16,21,22,2\
6,36 ] | Hereditary := false
L := [ 1,4,7,9,14,16,18,25,26,30,32,39 ] | R := [ 4,5,6,9,10,14,15,16,21,22,26\
,27,36 ] | Hereditary := false
L := [ 1,4,7,9,14,16,18,25,30,32,39 ] | R := [ 4,5,6,9,10,14,15,16,21,22,25,26\
,27,28,36 ] | Hereditary := false
L := [ 1,4,7,9,14,16,25,26,29,30,32 ] | R := [ 4,5,6,10,14,15,16,20,21,22,26,3\
6,37,39 ] | Hereditary := false
L := [ 1,4,7,9,14,16,25,26,30,32 ] | R := [ 4,5,6,9,10,14,15,16,20,21,22,26,27\
,36,37,39 ] | Hereditary := false
L := [ 1,4,7,9,14,16,25,30,32 ] | R := [ 4,5,6,9,10,14,15,16,20,21,22,25,26,27\
,28,36,37,39 ] | Hereditary := false
L := [ 1,4,7,9,16,18,23,26,30,32,39 ] | R := [ 4,5,6,7,9,14,15,16,21,22,26,27,\
36 ] | Hereditary := false
L := [ 1,4,7,9,16,18,23,30,32,39 ] | R := [ 4,5,6,7,9,13,14,15,16,21,22,25,26,\
27,28,30,36 ] | Hereditary := false
L := [ 1,4,7,9,16,18,25,30,32,39 ] | R := [ 4,5,6,9,10,13,14,15,16,21,22,25,26\
,27,28,30,36 ] | Hereditary := false
L := [ 1,4,7,9,16,18,26,29,30,32,39 ] | R := [ 4,5,6,7,10,14,15,16,21,22,26,36\
 ] | Hereditary := false
L := [ 1,4,7,9,16,18,26,30,32,39 ] | R := [ 4,5,6,7,9,10,14,15,16,21,22,26,27,\
36 ] | Hereditary := false
L := [ 1,4,7,9,16,18,30,32,39 ] | R := [ 4,5,6,7,9,10,13,14,15,16,21,22,25,26,\
27,28,30,36 ] | Hereditary := false
L := [ 1,4,7,9,16,23,26,30,32 ] | R := [ 4,5,6,7,9,14,15,16,20,21,22,26,27,36,\
37,39 ] | Hereditary := false
L := [ 1,4,7,9,16,23,30,32 ] | R := [ 4,5,6,7,9,13,14,15,16,20,21,22,25,26,27,\
28,30,36,37,39 ] | Hereditary := false
L := [ 1,4,7,9,16,25,30,32 ] | R := [ 4,5,6,9,10,13,14,15,16,20,21,22,25,26,27\
,28,30,36,37,39 ] | Hereditary := false
L := [ 1,4,7,9,16,26,29,30,32 ] | R := [ 4,5,6,7,10,14,15,16,20,21,22,26,36,37\
,39 ] | Hereditary := false
L := [ 1,4,7,9,16,26,30,32 ] | R := [ 4,5,6,7,9,10,14,15,16,20,21,22,26,27,36,\
37,39 ] | Hereditary := false
L := [ 1,4,7,9,16,30,32 ] | R := [ 4,5,6,7,9,10,13,14,15,16,20,21,22,25,26,27,\
28,30,36,37,39 ] | Hereditary := false
L := [ 1,4,7,11,16,18,23,29,30,32,39 ] | R := [ 4,5,6,7,8,14,15,16,21,22,23,26\
,36 ] | Hereditary := false
L := [ 1,4,7,11,16,18,23,30,32,39 ] | R := [ 4,5,6,7,8,9,14,15,16,21,22,23,25,\
26,30,36 ] | Hereditary := false
L := [ 1,4,7,11,16,23,29,30,32 ] | R := [ 4,5,6,7,8,14,15,16,20,21,22,23,26,36\
,37,39 ] | Hereditary := false
L := [ 1,4,7,11,16,23,30,32 ] | R := [ 4,5,6,7,8,9,14,15,16,20,21,22,23,25,26,\
30,36,37,39 ] | Hereditary := false
L := [ 1,4,7,14,16,18,25,29,30,32,39 ] | R := [ 4,5,6,8,10,14,15,16,21,22,26,3\
6 ] | Hereditary := true
L := [ 1,4,7,14,16,18,25,30,32,39 ] | R := [ 4,5,6,8,9,10,14,15,16,21,22,25,26\
,27,28,36 ] | Hereditary := false
L := [ 1,4,7,14,16,25,29,30,32 ] | R := [ 4,5,6,8,10,14,15,16,20,21,22,26,36,3\
7,39 ] | Hereditary := true
L := [ 1,4,7,14,16,25,30,32 ] | R := [ 4,5,6,8,9,10,14,15,16,20,21,22,25,26,27\
,28,36,37,39 ] | Hereditary := false
L := [ 1,4,7,16,18,23,30,32,39 ] | R := [ 4,5,6,7,8,9,13,14,15,16,21,22,23,25,\
26,27,28,30,36 ] | Hereditary := false
L := [ 1,4,7,16,18,25,30,32,39 ] | R := [ 4,5,6,8,9,10,13,14,15,16,21,22,25,26\
,27,28,30,36 ] | Hereditary := false
L := [ 1,4,7,16,18,29,30,32,39 ] | R := [ 4,5,6,7,8,10,14,15,16,21,22,23,26,36\
 ] | Hereditary := true
L := [ 1,4,7,16,18,30,32,39 ] | R := [ 4,5,6,7,8,9,10,13,14,15,16,21,22,23,25,\
26,27,28,30,36 ] | Hereditary := false
L := [ 1,4,7,16,23,30,32 ] | R := [ 4,5,6,7,8,9,13,14,15,16,20,21,22,23,25,26,\
27,28,30,36,37,39 ] | Hereditary := false
L := [ 1,4,7,16,25,30,32 ] | R := [ 4,5,6,8,9,10,13,14,15,16,20,21,22,25,26,27\
,28,30,36,37,39 ] | Hereditary := false
L := [ 1,4,7,16,29,30,32 ] | R := [ 4,5,6,7,8,10,14,15,16,20,21,22,23,26,36,37\
,39 ] | Hereditary := true
L := [ 1,4,7,16,30,32 ] | R := [ 4,5,6,7,8,9,10,13,14,15,16,20,21,22,23,25,26,\
27,28,30,36,37,39 ] | Hereditary := false
L := [ 1,6,7,9,11,16,18,20,35 ] | R := [ 6,7,9,15,16,26,29 ] | Hereditary := f\
alse
L := [ 1,6,7,9,11,16,35 ] | R := [ 6,7,9,15,16,20,26,29 ] | Hereditary := fals\
e
L := [ 1,6,7,9,16,18,20,35 ] | R := [ 6,7,9,10,15,16,24,26,27,29 ] | Hereditar\
y := false
L := [ 1,6,7,9,16,35 ] | R := [ 6,7,9,10,15,16,20,24,26,27,29 ] | Hereditary :\
= false
L := [ 1,7,8,9,11,12,16,18,23,25,30,31 ] | R := [ 1,5,6,9,15,16,22,25,35,38 ] \
| Hereditary := false
L := [ 1,7,8,9,11,12,16,23,25,30,31 ] | R := [ 1,5,6,9,15,16,18,20,22,25,35,37\
,38 ] | Hereditary := false
L := [ 1,7,8,9,11,16,18,23,25,30 ] | R := [ 1,4,5,6,9,14,15,16,21,22,25,26,30,\
32,35,36,38 ] | Hereditary := false
L := [ 1,7,8,9,11,16,23,25,30 ] | R := [ 1,4,5,6,9,14,15,16,18,20,21,22,25,26,\
30,32,35,36,37,38,39 ] | Hereditary := false
L := [ 1,7,8,9,12,16,18,23,25,30 ] | R := [ 1,3,5,6,9,12,15,16,17,22,25,27,28,\
34,35,38,40 ] | Hereditary := false
L := [ 1,7,8,9,12,16,23,25,30 ] | R := [ 1,3,5,6,9,12,15,16,17,18,20,22,25,27,\
28,33,34,35,37,38,40 ] | Hereditary := false
L := [ 1,7,8,9,16,18,23,25,30 ] | R := [ 1,3,4,5,6,9,12,13,14,15,16,17,19,21,2\
2,25,26,27,28,30,32,34,35,36,38,40 ] | Hereditary := false
L := [ 1,7,8,9,16,23,25,30 ] | R := [ 1,3,4,5,6,9,12,13,14,15,16,17,18,19,20,2\
1,22,25,26,27,28,30,32,33,34,35,36,37,38,39,40 ] | Hereditary := false
L := [ 1,7,8,11,12,16,18,23,25,30,31 ] | R := [ 1,5,6,8,9,15,16,22,25,35,38 ] \
| Hereditary := false
L := [ 1,7,8,11,12,16,23,25,30,31 ] | R := [ 1,5,6,8,9,15,16,18,20,22,25,35,37\
,38 ] | Hereditary := false
L := [ 1,7,8,11,16,18,23 ] | R := [ 1,4,5,6,8,9,11,14,15,16,21,22,23,25,26,30,\
32,35,36,38 ] | Hereditary := false
L := [ 1,7,8,11,16,18,23,25,30 ] | R := [ 1,4,5,6,8,9,14,15,16,21,22,25,26,30,\
32,35,36,38 ] | Hereditary := false
L := [ 1,7,8,11,16,18,23,30 ] | R := [ 1,4,5,6,8,9,14,15,16,21,22,23,25,26,30,\
32,35,36,38 ] | Hereditary := false
L := [ 1,7,8,11,16,18,23,31 ] | R := [ 1,5,6,8,9,11,15,16,22,25,35,38 ] | Here\
ditary := false
L := [ 1,7,8,11,16,23 ] | R := [ 1,4,5,6,8,9,11,14,15,16,18,20,21,22,23,25,26,\
30,32,35,36,37,38,39 ] | Hereditary := false
L := [ 1,7,8,11,16,23,25,30 ] | R := [ 1,4,5,6,8,9,14,15,16,18,20,21,22,25,26,\
30,32,35,36,37,38,39 ] | Hereditary := false
L := [ 1,7,8,11,16,23,30 ] | R := [ 1,4,5,6,8,9,14,15,16,18,20,21,22,23,25,26,\
30,32,35,36,37,38,39 ] | Hereditary := false
L := [ 1,7,8,11,16,23,31 ] | R := [ 1,5,6,8,9,11,15,16,18,20,22,25,35,37,38 ] \
| Hereditary := false
L := [ 1,7,8,12,16,18,23 ] | R := [ 1,3,5,6,8,9,12,15,16,17,22,25,27,28,31,34,\
35,38,40 ] | Hereditary := false
L := [ 1,7,8,12,16,18,23,25,30 ] | R := [ 1,3,5,6,8,9,12,15,16,17,22,25,27,28,\
34,35,38,40 ] | Hereditary := false
L := [ 1,7,8,12,16,23 ] | R := [ 1,3,5,6,8,9,12,15,16,17,18,20,22,25,27,28,31,\
33,34,35,37,38,40 ] | Hereditary := false
L := [ 1,7,8,12,16,23,25,30 ] | R := [ 1,3,5,6,8,9,12,15,16,17,18,20,22,25,27,\
28,33,34,35,37,38,40 ] | Hereditary := false
L := [ 1,7,8,16,18,23 ] | R := [ 1,3,4,5,6,8,9,11,12,13,14,15,16,17,19,21,22,2\
3,25,26,27,28,30,31,32,34,35,36,38,40 ] | Hereditary := false
L := [ 1,7,8,16,18,23,25,30 ] | R := [ 1,3,4,5,6,8,9,12,13,14,15,16,17,19,21,2\
2,25,26,27,28,30,32,34,35,36,38,40 ] | Hereditary := false
L := [ 1,7,8,16,18,23,30 ] | R := [ 1,3,4,5,6,8,9,12,13,14,15,16,17,19,21,22,2\
3,25,26,27,28,30,32,34,35,36,38,40 ] | Hereditary := false
L := [ 1,7,8,16,23 ] | R := [ 1,3,4,5,6,8,9,11,12,13,14,15,16,17,18,19,20,21,2\
2,23,25,26,27,28,30,31,32,33,34,35,36,37,38,39,40 ] | Hereditary := false
L := [ 1,7,8,16,23,25,30 ] | R := [ 1,3,4,5,6,8,9,12,13,14,15,16,17,18,19,20,2\
1,22,25,26,27,28,30,32,33,34,35,36,37,38,39,40 ] | Hereditary := false
L := [ 1,7,8,16,23,30 ] | R := [ 1,3,4,5,6,8,9,12,13,14,15,16,17,18,19,20,21,2\
2,23,25,26,27,28,30,32,33,34,35,36,37,38,39,40 ] | Hereditary := false
L := [ 1,7,9,11,16 ] | R := [ 1,4,5,6,7,9,14,15,16,18,20,21,22,25,26,29,30,32,\
35,36,37,38,39 ] | Hereditary := false
L := [ 1,7,9,11,16,18 ] | R := [ 1,4,5,6,7,9,14,15,16,21,22,25,26,29,30,32,35,\
36,38 ] | Hereditary := false
L := [ 1,7,9,11,16,18,23,30 ] | R := [ 1,4,5,6,7,9,14,15,16,21,22,25,26,30,32,\
35,36,38 ] | Hereditary := false
L := [ 1,7,9,11,16,23,30 ] | R := [ 1,4,5,6,7,9,14,15,16,18,20,21,22,25,26,30,\
32,35,36,37,38,39 ] | Hereditary := false
L := [ 1,7,9,12,16 ] | R := [ 1,3,5,6,9,10,12,15,16,17,18,20,22,24,25,27,28,33\
,34,35,37,38,40 ] | Hereditary := false
L := [ 1,7,9,12,16,18 ] | R := [ 1,3,5,6,9,10,12,15,16,17,22,24,25,27,28,34,35\
,38,40 ] | Hereditary := false
L := [ 1,7,9,12,16,18,25,30 ] | R := [ 1,3,5,6,9,10,12,15,16,17,22,25,27,28,34\
,35,38,40 ] | Hereditary := false
L := [ 1,7,9,12,16,25,30 ] | R := [ 1,3,5,6,9,10,12,15,16,17,18,20,22,25,27,28\
,33,34,35,37,38,40 ] | Hereditary := false
L := [ 1,7,9,16 ] | R := [ 1,3,4,5,6,7,9,10,12,13,14,15,16,17,18,19,20,21,22,2\
4,25,26,27,28,29,30,32,33,34,35,36,37,38,39,40 ] | Hereditary := false
L := [ 1,7,9,16,18 ] | R := [ 1,3,4,5,6,7,9,10,12,13,14,15,16,17,19,21,22,24,2\
5,26,27,28,29,30,32,34,35,36,38,40 ] | Hereditary := false
L := [ 1,7,9,16,18,23,30 ] | R := [ 1,3,4,5,6,7,9,12,13,14,15,16,17,19,21,22,2\
5,26,27,28,30,32,34,35,36,38,40 ] | Hereditary := false
L := [ 1,7,9,16,18,25,30 ] | R := [ 1,3,4,5,6,9,10,12,13,14,15,16,17,19,21,22,\
25,26,27,28,30,32,34,35,36,38,40 ] | Hereditary := false
L := [ 1,7,9,16,18,30 ] | R := [ 1,3,4,5,6,7,9,10,12,13,14,15,16,17,19,21,22,2\
5,26,27,28,30,32,34,35,36,38,40 ] | Hereditary := false
L := [ 1,7,9,16,23,30 ] | R := [ 1,3,4,5,6,7,9,12,13,14,15,16,17,18,19,20,21,2\
2,25,26,27,28,30,32,33,34,35,36,37,38,39,40 ] | Hereditary := false
L := [ 1,7,9,16,25,30 ] | R := [ 1,3,4,5,6,9,10,12,13,14,15,16,17,18,19,20,21,\
22,25,26,27,28,30,32,33,34,35,36,37,38,39,40 ] | Hereditary := false
L := [ 1,7,9,16,30 ] | R := [ 1,3,4,5,6,7,9,10,12,13,14,15,16,17,18,19,20,21,2\
2,25,26,27,28,30,32,33,34,35,36,37,38,39,40 ] | Hereditary := false
L := [ 1,7,11,16 ] | R := [ 1,4,5,6,7,8,9,11,14,15,16,18,20,21,22,23,25,26,29,\
30,32,35,36,37,38,39 ] | Hereditary := false
L := [ 1,7,11,16,18 ] | R := [ 1,4,5,6,7,8,9,11,14,15,16,21,22,23,25,26,29,30,\
32,35,36,38 ] | Hereditary := false
L := [ 1,7,11,16,18,23 ] | R := [ 1,4,5,6,7,8,9,11,14,15,16,21,22,23,25,26,30,\
32,35,36,38 ] | Hereditary := false
L := [ 1,7,11,16,18,23,30 ] | R := [ 1,4,5,6,7,8,9,14,15,16,21,22,23,25,26,30,\
32,35,36,38 ] | Hereditary := false
L := [ 1,7,11,16,23 ] | R := [ 1,4,5,6,7,8,9,11,14,15,16,18,20,21,22,23,25,26,\
30,32,35,36,37,38,39 ] | Hereditary := false
L := [ 1,7,11,16,23,30 ] | R := [ 1,4,5,6,7,8,9,14,15,16,18,20,21,22,23,25,26,\
30,32,35,36,37,38,39 ] | Hereditary := false
L := [ 1,7,12,16 ] | R := [ 1,3,5,6,8,9,10,12,15,16,17,18,20,22,24,25,27,28,31\
,33,34,35,37,38,40 ] | Hereditary := true
L := [ 1,7,12,16,18 ] | R := [ 1,3,5,6,8,9,10,12,15,16,17,22,24,25,27,28,31,34\
,35,38,40 ] | Hereditary := true
L := [ 1,7,12,16,18,25,30 ] | R := [ 1,3,5,6,8,9,10,12,15,16,17,22,25,27,28,34\
,35,38,40 ] | Hereditary := false
L := [ 1,7,12,16,25,30 ] | R := [ 1,3,5,6,8,9,10,12,15,16,17,18,20,22,25,27,28\
,33,34,35,37,38,40 ] | Hereditary := false
L := [ 1,7,16 ] | R := [ 1,3,4,5,6,7,8,9,10,11,12,13,14,15,16,17,18,19,20,21,2\
2,23,24,25,26,27,28,29,30,31,32,33,34,35,36,37,38,39,40 ] | Hereditary := true
L := [ 1,7,16,18 ] | R := [ 1,3,4,5,6,7,8,9,10,11,12,13,14,15,16,17,19,21,22,2\
3,24,25,26,27,28,29,30,31,32,34,35,36,38,40 ] | Hereditary := true
L := [ 1,7,16,18,23 ] | R := [ 1,3,4,5,6,7,8,9,11,12,13,14,15,16,17,19,21,22,2\
3,25,26,27,28,30,31,32,34,35,36,38,40 ] | Hereditary := false
L := [ 1,7,16,18,23,30 ] | R := [ 1,3,4,5,6,7,8,9,12,13,14,15,16,17,19,21,22,2\
3,25,26,27,28,30,32,34,35,36,38,40 ] | Hereditary := false
L := [ 1,7,16,18,25,30 ] | R := [ 1,3,4,5,6,8,9,10,12,13,14,15,16,17,19,21,22,\
25,26,27,28,30,32,34,35,36,38,40 ] | Hereditary := false
L := [ 1,7,16,18,30 ] | R := [ 1,3,4,5,6,7,8,9,10,12,13,14,15,16,17,19,21,22,2\
3,25,26,27,28,30,32,34,35,36,38,40 ] | Hereditary := false
L := [ 1,7,16,23 ] | R := [ 1,3,4,5,6,7,8,9,11,12,13,14,15,16,17,18,19,20,21,2\
2,23,25,26,27,28,30,31,32,33,34,35,36,37,38,39,40 ] | Hereditary := false
L := [ 1,7,16,23,30 ] | R := [ 1,3,4,5,6,7,8,9,12,13,14,15,16,17,18,19,20,21,2\
2,23,25,26,27,28,30,32,33,34,35,36,37,38,39,40 ] | Hereditary := false
L := [ 1,7,16,25,30 ] | R := [ 1,3,4,5,6,8,9,10,12,13,14,15,16,17,18,19,20,21,\
22,25,26,27,28,30,32,33,34,35,36,37,38,39,40 ] | Hereditary := false
L := [ 1,7,16,30 ] | R := [ 1,3,4,5,6,7,8,9,10,12,13,14,15,16,17,18,19,20,21,2\
2,23,25,26,27,28,30,32,33,34,35,36,37,38,39,40 ] | Hereditary := false
CotorsionPairCount := 296;

# --- SupportTauTiltingTable --- #
# columns: P,M
P := 0 | M := [ 1,7,11 ]
P := 0 | M := [ 1,7,16 ]
P := 0 | M := [ 1,9,12 ]
P := 0 | M := [ 1,12,16 ]
P := 0 | M := [ 3,9,12 ]
P := 0 | M := [ 3,9,27 ]
P := 0 | M := [ 3,10,16 ]
P := 0 | M := [ 3,10,27 ]
P := 0 | M := [ 3,12,16 ]
P := 0 | M := [ 6,9,27 ]
P := 0 | M := [ 6,10,27 ]
P := [ 1 ] | M := [ 7,11 ]
P := [ 1 ] | M := [ 7,16 ]
P := [ 1 ] | M := [ 10,16 ]
P := [ 1,7 ] | M := [ 10 ]
P := [ 1,7,16 ] | M := 0
P := [ 1,16 ] | M := [ 11 ]
P := [ 7 ] | M := [ 6,10 ]
P := [ 7,16 ] | M := [ 6 ]
P := [ 16 ] | M := [ 1,9 ]
P := [ 16 ] | M := [ 1,11 ]
P := [ 16 ] | M := [ 6,9 ]
SupportTauTiltingCount := 22;

# --- AlmostSupportTauTiltingTable --- #
# columns: P,M
P := 0 | M := [ 1,7 ]
P := 0 | M := [ 1,9 ]
P := 0 | M := [ 1,11 ]
P := 0 | M := [ 1,12 ]
P := 0 | M := [ 1,16 ]
P := 0 | M := [ 3,9 ]
P := 0 | M := [ 3,10 ]
P := 0 | M := [ 3,12 ]
P := 0 | M := [ 3,16 ]
P := 0 | M := [ 3,27 ]
P := 0 | M := [ 6,9 ]
P := 0 | M := [ 6,10 ]
P := 0 | M := [ 6,27 ]
P := 0 | M := [ 7,11 ]
P := 0 | M := [ 7,16 ]
P := 0 | M := [ 9,12 ]
P := 0 | M := [ 9,27 ]
P := 0 | M := [ 10,16 ]
P := 0 | M := [ 10,27 ]
P := 0 | M := [ 12,16 ]
P := [ 1 ] | M := [ 7 ]
P := [ 1 ] | M := [ 10 ]
P := [ 1 ] | M := [ 11 ]
P := [ 1 ] | M := [ 16 ]
P := [ 1,7 ] | M := 0
P := [ 1,16 ] | M := 0
P := [ 7 ] | M := [ 6 ]
P := [ 7 ] | M := [ 10 ]
P := [ 7,16 ] | M := 0
P := [ 16 ] | M := [ 1 ]
P := [ 16 ] | M := [ 6 ]
P := [ 16 ] | M := [ 9 ]
P := [ 16 ] | M := [ 11 ]
AlmostSupportTauTiltingCount := 33;
PDID := [ [ 1, 0, -1 ], [ 2, 0, 0 ], [ 3, 1, -1 ], [ 4, -1, 3 ], 
  [ 5, -1, 1 ], [ 6, -1, 0 ], [ 7, 0, 3 ], [ 8, 2, 1 ], [ 9, -1, -1 ], 
  [ 10, 1, 2 ], [ 11, -1, -1 ], [ 12, 1, -1 ], [ 13, -1, -1 ], [ 14, -1, 3 ], 
  [ 15, -1, 0 ], [ 16, 0, 0 ], [ 17, 1, -1 ], [ 18, -1, -1 ], [ 19, -1, -1 ], 
  [ 20, -1, -1 ], [ 21, -1, 3 ], [ 22, -1, 1 ], [ 23, 2, 3 ], [ 24, -1, -1 ], 
  [ 25, -1, -1 ], [ 26, -1, 3 ], [ 27, -1, -1 ], [ 28, -1, -1 ], 
  [ 29, -1, -1 ], [ 30, -1, -1 ], [ 31, -1, -1 ], [ 32, -1, -1 ], 
  [ 33, -1, -1 ], [ 34, -1, -1 ], [ 35, -1, -1 ], [ 36, -1, 3 ], 
  [ 37, -1, -1 ], [ 38, -1, -1 ], [ 39, -1, -1 ], [ 40, -1, -1 ] ];
